Log file open, 11/10/19 19:15:40
LogWindows: Failed to load 'aqProf.dll' (GetLastError=126)
LogWindows: File 'aqProf.dll' does not exist
LogWindows: Failed to load 'VSPerf140.dll' (GetLastError=126)
LogWindows: File 'VSPerf140.dll' does not exist
LogWindows: Failed to load 'VtuneApi.dll' (GetLastError=126)
LogWindows: File 'VtuneApi.dll' does not exist
LogWindows: Failed to load 'VtuneApi32e.dll' (GetLastError=126)
LogWindows: File 'VtuneApi32e.dll' does not exist
LogInit: Display: Running engine for game: LightBringer_Alpha
LogPlatformFile: Not using cached read wrapper
LogTaskGraph: Started task graph with 5 named threads and 20 total threads with 3 sets of task threads.
LogStats: Stats thread started at 0.251819
LogD3D11RHI: Loaded GFSDK_Aftermath_Lib.x64.dll
LogICUInternationalization: Display: ICU TimeZone Detection - Raw Offset: -8:00, Platform Override: ''
LogPluginManager: Mounting plugin Paper2D
LogPluginManager: Mounting plugin AISupport
LogPluginManager: Mounting plugin LightPropagationVolume
LogPluginManager: Mounting plugin CLionSourceCodeAccess
LogPluginManager: Mounting plugin CodeLiteSourceCodeAccess
LogPluginManager: Mounting plugin GitSourceControl
LogPluginManager: Mounting plugin KDevelopSourceCodeAccess
LogPluginManager: Mounting plugin NullSourceCodeAccess
LogPluginManager: Mounting plugin PerforceSourceControl
LogPluginManager: Mounting plugin SubversionSourceControl
LogPluginManager: Mounting plugin UObjectPlugin
LogPluginManager: Mounting plugin VisualStudioCodeSourceCodeAccess
LogPluginManager: Mounting plugin VisualStudioSourceCodeAccess
LogPluginManager: Mounting plugin XCodeSourceCodeAccess
LogPluginManager: Mounting plugin AssetManagerEditor
LogPluginManager: Mounting plugin CryptoKeys
LogPluginManager: Mounting plugin DataValidation
LogPluginManager: Mounting plugin FacialAnimation
LogPluginManager: Mounting plugin GameplayTagsEditor
LogPluginManager: Mounting plugin MacGraphicsSwitching
LogPluginManager: Mounting plugin MeshEditor
LogPluginManager: Mounting plugin MobileLauncherProfileWizard
LogPluginManager: Mounting plugin PluginBrowser
LogPluginManager: Mounting plugin SpeedTreeImporter
LogPluginManager: Mounting plugin DatasmithContent
LogPluginManager: Mounting plugin AlembicImporter
LogPluginManager: Mounting plugin AppleImageUtils
LogPluginManager: Mounting plugin AppleVision
LogPluginManager: Mounting plugin BackChannel
LogPluginManager: Mounting plugin CharacterAI
LogPluginManager: Mounting plugin GeometryCache
LogPluginManager: Mounting plugin HTML5Networking
LogPluginManager: Mounting plugin ProxyLODPlugin
LogPluginManager: Mounting plugin MagicLeap
LogPluginManager: Mounting plugin MagicLeapEmulator
LogPluginManager: Mounting plugin MagicLeapMedia
LogPluginManager: Mounting plugin AndroidMedia
LogPluginManager: Mounting plugin AvfMedia
LogPluginManager: Mounting plugin ImgMedia
LogPluginManager: Mounting plugin LinearTimecode
LogPluginManager: Mounting plugin MediaCompositing
LogPluginManager: Mounting plugin MediaPlayerEditor
LogPluginManager: Mounting plugin WmfMedia
LogPluginManager: Mounting plugin TcpMessaging
LogPluginManager: Mounting plugin UdpMessaging
LogPluginManager: Mounting plugin ActorSequence
LogPluginManager: Mounting plugin LevelSequenceEditor
LogPluginManager: Mounting plugin MatineeToLevelSequence
LogPluginManager: Mounting plugin NetcodeUnitTest
LogPluginManager: Mounting plugin NUTUnrealEngine4
LogPluginManager: Mounting plugin OnlineSubsystemGooglePlay
LogPluginManager: Mounting plugin OnlineSubsystemIOS
LogPluginManager: Mounting plugin OnlineSubsystem
LogPluginManager: Mounting plugin OnlineSubsystemNull
LogPluginManager: Mounting plugin OnlineSubsystemUtils
LogPluginManager: Mounting plugin LauncherChunkInstaller
LogPluginManager: Mounting plugin AnalyticsBlueprintLibrary
LogPluginManager: Mounting plugin FileLogging
LogPluginManager: Mounting plugin AndroidDeviceProfileSelector
LogPluginManager: Mounting plugin AndroidMoviePlayer
LogPluginManager: Mounting plugin AndroidPermission
LogPluginManager: Mounting plugin AppleMoviePlayer
LogPluginManager: Mounting plugin ArchVisCharacter
LogPluginManager: Mounting plugin AudioCapture
LogPluginManager: Mounting plugin CableComponent
LogPluginManager: Mounting plugin CustomMeshComponent
LogPluginManager: Mounting plugin EditableMesh
LogPluginManager: Mounting plugin ExampleDeviceProfileSelector
LogPluginManager: Mounting plugin GoogleCloudMessaging
LogPluginManager: Mounting plugin ImmediatePhysics
LogPluginManager: Mounting plugin IOSDeviceProfileSelector
LogPluginManager: Mounting plugin LinuxDeviceProfileSelector
LogPluginManager: Mounting plugin LocationServicesBPLibrary
LogPluginManager: Mounting plugin MobilePatchingUtils
LogPluginManager: Mounting plugin OculusVR
LogPluginManager: Plugin shader directory ../../../Engine/Plugins/Runtime/Oculus/OculusVR/Shaders found
LogPluginManager: Mapping shader source directory ../../../Engine/Plugins/Runtime/Oculus/OculusVR/Shaders to virtual directory /Plugin/OculusVR
LogPluginManager: Mounting plugin PhysXVehicles
LogPluginManager: Mounting plugin ProceduralMeshComponent
LogPluginManager: Mounting plugin RuntimePhysXCooking
LogPluginManager: Mounting plugin SteamVR
LogPluginManager: Mounting plugin WindowsMoviePlayer
LogStreaming: Display: Took  0.114s to configure plugins.
LogInit: Using libcurl 7.55.1-DEV
LogInit:  - built for x86_64-pc-win32
LogInit:  - supports SSL with OpenSSL/1.0.2h
LogInit:  - supports HTTP deflate (compression) using libz 1.2.8
LogInit:  - other features:
LogInit:      CURL_VERSION_SSL
LogInit:      CURL_VERSION_LIBZ
LogInit:      CURL_VERSION_IPV6
LogInit:      CURL_VERSION_ASYNCHDNS
LogInit:      CURL_VERSION_LARGEFILE
LogInit:      CURL_VERSION_IDN
LogInit:  CurlRequestOptions (configurable via config and command line):
LogInit:  - bVerifyPeer = false  - Libcurl will NOT verify peer certificate
LogInit:  - bUseHttpProxy = false  - Libcurl will NOT use HTTP proxy
LogInit:  - bDontReuseConnections = false  - Libcurl will reuse connections
LogInit:  - CertBundlePath = nullptr  - Libcurl will use whatever was configured at build time.
LogInit:  - MaxHostConnections = 16  - Libcurl will limit the number of connections to a host
LogInit:  - LocalHostAddr = Default
LogInit:  - BufferSize = 65536
LogInit: WinSock: version 1.1 (2.2), MaxSocks=32767, MaxUdp=65467
LogInit: Build: ++UE4+Release-4.20-CL-4369336
LogInit: Engine Version: 4.20.3-4369336+++UE4+Release-4.20
LogInit: Compatible Engine Version: 4.20.0-4212847+++UE4+Release-4.20
LogInit: Net CL: 4212847
LogInit: OS: Windows 10 (), CPU: Intel(R) Core(TM) i5-8600K CPU @ 3.60GHz, GPU: NVIDIA GeForce GTX 1070
LogInit: Compiled (64-bit): Sep 17 2018 12:26:19
LogInit: Compiled with Visual C++: 19.13.26129.00
LogInit: Build Configuration: Development
LogInit: Branch Name: ++UE4+Release-4.20
LogInit: Command Line:  
LogInit: Base Directory: C:/Program Files/Epic Games/UE_4.20/Engine/Binaries/Win64/
LogInit: Installed Engine Build: 1
LogDevObjectVersion: Number of dev versions registered: 20
LogDevObjectVersion:   Dev-Blueprints (B0D832E4-1F89-4F0D-ACCF-7EB736FD4AA2): 10
LogDevObjectVersion:   Dev-Build (E1C64328-A22C-4D53-A36C-8E866417BD8C): 0
LogDevObjectVersion:   Dev-Core (375EC13C-06E4-48FB-B500-84F0262A717E): 2
LogDevObjectVersion:   Dev-Editor (E4B068ED-F494-42E9-A231-DA0B2E46BB41): 24
LogDevObjectVersion:   Dev-Framework (CFFC743F-43B0-4480-9391-14DF171D2073): 34
LogDevObjectVersion:   Dev-Mobile (B02B49B5-BB20-44E9-A304-32B752E40360): 2
LogDevObjectVersion:   Dev-Networking (A4E4105C-59A1-49B5-A7C5-40C4547EDFEE): 0
LogDevObjectVersion:   Dev-Online (39C831C9-5AE6-47DC-9A44-9C173E1C8E7C): 0
LogDevObjectVersion:   Dev-Physics (78F01B33-EBEA-4F98-B9B4-84EACCB95AA2): 0
LogDevObjectVersion:   Dev-Platform (6631380F-2D4D-43E0-8009-CF276956A95A): 0
LogDevObjectVersion:   Dev-Rendering (12F88B9F-8875-4AFC-A67C-D90C383ABD29): 26
LogDevObjectVersion:   Dev-Sequencer (7B5AE74C-D270-4C10-A958-57980B212A5A): 9
LogDevObjectVersion:   Dev-VR (D7296918-1DD6-4BDD-9DE2-64A83CC13884): 2
LogDevObjectVersion:   Dev-LoadTimes (C2A15278-BFE7-4AFE-6C17-90FF531DF755): 1
LogDevObjectVersion:   Private-Geometry (6EACA3D4-40EC-4CC1-B786-8BED09428FC5): 3
LogDevObjectVersion:   Dev-AnimPhys (29E575DD-E0A3-4627-9D10-D276232CDCEA): 17
LogDevObjectVersion:   Dev-ReflectionCapture (6B266CEC-1EC7-4B8F-A30B-E4D90942FC07): 1
LogDevObjectVersion:   Dev-Automation (0DF73D61-A23F-47EA-B727-89E90C41499A): 1
LogDevObjectVersion:   FortniteMain (601D1886-AC64-4F84-AA16-D3DE0DEAC7D6): 12
LogDevObjectVersion:   Dev-Enterprise (9DFFBCD6-494F-0158-E221-12823C92A888): 1
LogStreaming: Display: Took  0.002s to delete old logs.
LogInit: Presizing for max 8388607 objects, including 0 objects not considered by GC, pre-allocating 0 bytes for permanent pool.
LogInit: Object subsystem initialized
[2019.11.11-03.15.40:819][  0]LogInit: Selected Device Profile: [Windows]
[2019.11.11-03.15.40:819][  0]LogInit: Applying CVar settings loaded from the selected device profile: [Windows]
[2019.11.11-03.15.40:840][  0]LogHAL: Display: Platform has ~ 16 GB [17090936832 / 17179869184 / 16], which maps to Larger [LargestMinGB=32, LargerMinGB=12, DefaultMinGB=8, SmallerMinGB=6, SmallestMinGB=0)
[2019.11.11-03.15.40:840][  0]LogInit: Setting Device Profile CVar: [[r.Vulkan.UseRealUBs:1]]
[2019.11.11-03.15.40:840][  0]LogInit: Going up to parent DeviceProfile []
[2019.11.11-03.15.40:843][  0]LogInit: Computer: DESKTOP-TJD5ANF
[2019.11.11-03.15.40:843][  0]LogInit: User: ChrisJusto
[2019.11.11-03.15.40:843][  0]LogInit: CPU Page size=4096, Cores=6
[2019.11.11-03.15.40:843][  0]LogInit: High frequency timer resolution =10.000000 MHz
[2019.11.11-03.15.40:844][  0]LogMemory: Memory total: Physical=15.9GB (16GB approx)
[2019.11.11-03.15.40:844][  0]LogMemory: Platform Memory Stats for Windows
[2019.11.11-03.15.40:844][  0]LogMemory: Process Physical Memory: 103.10 MB used, 103.10 MB peak
[2019.11.11-03.15.40:844][  0]LogMemory: Process Virtual Memory: 101.77 MB used, 101.77 MB peak
[2019.11.11-03.15.40:844][  0]LogMemory: Physical Memory: 9268.75 MB used,  7030.44 MB free, 16299.19 MB total
[2019.11.11-03.15.40:844][  0]LogMemory: Virtual Memory: 4635.29 MB used,  7030.44 MB free, 134217728.00 MB total
[2019.11.11-03.15.40:956][  0]LogInit: Using OS detected language (en-US).
[2019.11.11-03.15.40:956][  0]LogInit: Using OS detected locale (en-US).
[2019.11.11-03.15.40:957][  0]LogTextLocalizationManager: No specific localization for 'en-US' exists, so the 'en' localization will be used.
[2019.11.11-03.15.41:296][  0]LogStreaming: Display: Took  0.341s to InitEngineTextLocalization.
[2019.11.11-03.15.41:297][  0]LogInit: Setting process to per monitor DPI aware
[2019.11.11-03.15.41:351][  0]LogSlate: New Slate User Created.  User Index 0, Is Virtual User: 0
[2019.11.11-03.15.41:351][  0]LogSlate: Slate User Registered.  User Index 0, Is Virtual User: 0
[2019.11.11-03.15.43:076][  0]LogHMD: Failed to initialize OpenVR with code 110
[2019.11.11-03.15.43:076][  0]LogD3D11RHI: D3D11 adapters:
[2019.11.11-03.15.43:129][  0]LogD3D11RHI:    0. 'NVIDIA GeForce GTX 1070' (Feature Level 11_0)
[2019.11.11-03.15.43:129][  0]LogD3D11RHI:       8088/0/8149 MB DedicatedVideo/DedicatedSystem/SharedSystem, Outputs:1, VendorId:0x10de
[2019.11.11-03.15.43:142][  0]LogD3D11RHI:    1. 'Intel(R) UHD Graphics 630' (Feature Level 11_0)
[2019.11.11-03.15.43:142][  0]LogD3D11RHI:       128/0/8149 MB DedicatedVideo/DedicatedSystem/SharedSystem, Outputs:1, VendorId:0x8086
[2019.11.11-03.15.43:144][  0]LogD3D11RHI:    2. 'Microsoft Basic Render Driver' (Feature Level 11_0)
[2019.11.11-03.15.43:144][  0]LogD3D11RHI:       0/0/8149 MB DedicatedVideo/DedicatedSystem/SharedSystem, Outputs:0, VendorId:0x1414
[2019.11.11-03.15.43:144][  0]LogD3D11RHI: Chosen D3D11 Adapter: 0
[2019.11.11-03.15.43:151][  0]LogD3D11RHI: Creating new Direct3DDevice
[2019.11.11-03.15.43:151][  0]LogD3D11RHI:     GPU DeviceId: 0x1b81 (for the marketing name, search the web for "GPU Device Id")
[2019.11.11-03.15.43:151][  0]LogWindows: EnumDisplayDevices:
[2019.11.11-03.15.43:152][  0]LogWindows:    0. 'NVIDIA GeForce GTX 1070' (P:1 D:1)
[2019.11.11-03.15.43:152][  0]LogWindows:    1. 'NVIDIA GeForce GTX 1070' (P:0 D:0)
[2019.11.11-03.15.43:152][  0]LogWindows:    2. 'NVIDIA GeForce GTX 1070' (P:0 D:0)
[2019.11.11-03.15.43:152][  0]LogWindows:    3. 'NVIDIA GeForce GTX 1070' (P:0 D:0)
[2019.11.11-03.15.43:152][  0]LogWindows:    4. 'Intel(R) UHD Graphics 630' (P:0 D:1)
[2019.11.11-03.15.43:153][  0]LogWindows:    5. 'Intel(R) UHD Graphics 630' (P:0 D:0)
[2019.11.11-03.15.43:153][  0]LogWindows:    6. 'Intel(R) UHD Graphics 630' (P:0 D:0)
[2019.11.11-03.15.43:153][  0]LogWindows: DebugString: PrimaryIsNotTheChoosenAdapter PrimaryIsNotTheChoosenAdapter PrimaryIsNotTheChoosenAdapter FoundDriverCount:4 
[2019.11.11-03.15.43:153][  0]LogD3D11RHI:     Adapter Name: NVIDIA GeForce GTX 1070
[2019.11.11-03.15.43:153][  0]LogD3D11RHI:   Driver Version: 419.17 (internal:25.21.14.1917, unified:419.17)
[2019.11.11-03.15.43:153][  0]LogD3D11RHI:      Driver Date: 2-20-2019
[2019.11.11-03.15.43:153][  0]LogRHI: Texture pool is 5661 MB (70% of 8088 MB)
[2019.11.11-03.15.43:183][  0]LogD3D11RHI: Async texture creation enabled
[2019.11.11-03.15.43:207][  0]LogD3D11RHI: GPU Timing Frequency: 1000.000000 (Debug: 2 1)
[2019.11.11-03.15.43:256][  0]LogShaderCompilers: Guid format shader working directory is -27 characters bigger than the processId version (../../../../../../Users/Chris Justo/Documents/Unreal Projects/LightBringerAlpha/Intermediate/Shaders/WorkingDirectory/2532/).
[2019.11.11-03.15.43:256][  0]LogShaderCompilers: Cleaned the shader compiler working directory 'C:/Users/Chris Justo/AppData/Local/Temp/UnrealShaderWorkingDir/9422B52341A82CD0CFEA518E9E35CA2F/'.
[2019.11.11-03.15.43:568][  0]LogTemp: Display: Loaded TP AllDesktopTargetPlatform
[2019.11.11-03.15.43:580][  0]LogTemp: Display: Loaded TP MacClientTargetPlatform
[2019.11.11-03.15.43:591][  0]LogTemp: Display: Loaded TP MacNoEditorTargetPlatform
[2019.11.11-03.15.43:603][  0]LogTemp: Display: Loaded TP MacServerTargetPlatform
[2019.11.11-03.15.43:618][  0]LogTemp: Display: Loaded TP MacTargetPlatform
[2019.11.11-03.15.43:629][  0]LogTemp: Display: Loaded TP WindowsClientTargetPlatform
[2019.11.11-03.15.43:641][  0]LogTemp: Display: Loaded TP WindowsNoEditorTargetPlatform
[2019.11.11-03.15.43:653][  0]LogTemp: Display: Loaded TP WindowsServerTargetPlatform
[2019.11.11-03.15.43:659][  0]LogTemp: Display: Loaded TP WindowsTargetPlatform
[2019.11.11-03.15.43:740][  0]LogTemp: Display: Loaded TP AndroidTargetPlatform
[2019.11.11-03.15.43:740][  0]LogTemp: Display: Loaded TP AndroidTargetPlatform
[2019.11.11-03.15.43:740][  0]LogTemp: Display: Loaded TP AndroidTargetPlatform
[2019.11.11-03.15.43:740][  0]LogTemp: Display: Loaded TP AndroidTargetPlatform
[2019.11.11-03.15.43:740][  0]LogTemp: Display: Loaded TP AndroidTargetPlatform
[2019.11.11-03.15.43:740][  0]LogTemp: Display: Loaded TP AndroidTargetPlatform
[2019.11.11-03.15.43:740][  0]LogTemp: Display: Loaded TP AndroidTargetPlatform
[2019.11.11-03.15.43:740][  0]LogTemp: Display: Loaded TP AndroidTargetPlatform
[2019.11.11-03.15.43:740][  0]LogTemp: Display: Loaded TP AndroidTargetPlatform
[2019.11.11-03.15.43:740][  0]LogTemp: Display: Loaded TP AndroidTargetPlatform
[2019.11.11-03.15.43:740][  0]LogTemp: Display: Loaded TP AndroidTargetPlatform
[2019.11.11-03.15.43:740][  0]LogTemp: Display: Loaded TP AndroidTargetPlatform
[2019.11.11-03.15.43:740][  0]LogTemp: Display: Loaded TP AndroidTargetPlatform
[2019.11.11-03.15.43:740][  0]LogTemp: Display: Loaded TP AndroidTargetPlatform
[2019.11.11-03.15.43:740][  0]LogTemp: Display: Loaded TP AndroidTargetPlatform
[2019.11.11-03.15.43:740][  0]LogTemp: Display: Loaded TP AndroidTargetPlatform
[2019.11.11-03.15.43:740][  0]LogTemp: Display: Loaded TP AndroidTargetPlatform
[2019.11.11-03.15.43:740][  0]LogTemp: Display: Loaded TP AndroidTargetPlatform
[2019.11.11-03.15.43:741][  0]LogTemp: Display: Loaded TP HTML5TargetPlatform
[2019.11.11-03.15.43:804][  0]LogTemp: Display: Loaded TP IOSTargetPlatform
[2019.11.11-03.15.43:804][  0]LogTemp: Display: Loaded TP IOSTargetPlatform
[2019.11.11-03.15.43:825][  0]LogTemp: Display: Loaded TP TVOSTargetPlatform
[2019.11.11-03.15.43:825][  0]LogTemp: Display: Loaded TP TVOSTargetPlatform
[2019.11.11-03.15.43:836][  0]LogTemp: Display: Loaded TP LinuxClientTargetPlatform
[2019.11.11-03.15.43:846][  0]LogTemp: Display: Loaded TP LinuxNoEditorTargetPlatform
[2019.11.11-03.15.43:858][  0]LogTemp: Display: Loaded TP LinuxServerTargetPlatform
[2019.11.11-03.15.43:875][  0]LogTemp: Display: Loaded TP LinuxTargetPlatform
[2019.11.11-03.15.43:882][  0]LogTemp: Display: Loaded TP LuminTargetPlatform
[2019.11.11-03.15.43:882][  0]LogTargetPlatformManager: Display: Building Assets For Windows
[2019.11.11-03.15.43:950][  0]LogXGEController: Cleaning working directory: C:/Users/Chris Justo/AppData/Local/Temp/UnrealXGEWorkingDir/
[2019.11.11-03.15.43:950][  0]LogXGEController: Cannot use XGE Controller as Incredibuild is not installed on this machine.
[2019.11.11-03.15.43:950][  0]LogShaderCompilers: Cannot use XGE Shader Compiler as Incredibuild is not installed on this machine.
[2019.11.11-03.15.43:950][  0]LogShaderCompilers: Display: Using Local Shader Compiler.
[2019.11.11-03.15.45:585][  0]LogDerivedDataCache: Display: Max Cache Size: 512 MB
[2019.11.11-03.15.45:635][  0]LogDerivedDataCache: Loaded boot cache 0.05s 71MB C:/Users/Chris Justo/AppData/Local/UnrealEngine/4.20/DerivedDataCache/Boot.ddc.
[2019.11.11-03.15.45:635][  0]LogDerivedDataCache: Display: Loaded Boot cache: C:/Users/Chris Justo/AppData/Local/UnrealEngine/4.20/DerivedDataCache/Boot.ddc
[2019.11.11-03.15.45:635][  0]LogDerivedDataCache: FDerivedDataBackendGraph:  Pak pak cache file ../../../../../../Users/Chris Justo/Documents/Unreal Projects/LightBringerAlpha/DerivedDataCache/DDC.ddp not found, will not use a pak cache.
[2019.11.11-03.15.45:635][  0]LogDerivedDataCache: Unable to find inner node Pak for hierarchical cache Hierarchy.
[2019.11.11-03.15.45:635][  0]LogDerivedDataCache: FDerivedDataBackendGraph:  CompressedPak pak cache file ../../../../../../Users/Chris Justo/Documents/Unreal Projects/LightBringerAlpha/DerivedDataCache/Compressed.ddp not found, will not use a pak cache.
[2019.11.11-03.15.45:635][  0]LogDerivedDataCache: Unable to find inner node CompressedPak for hierarchical cache Hierarchy.
[2019.11.11-03.15.45:652][  0]LogDerivedDataCache: Display: Pak cache opened for reading ../../../Engine/DerivedDataCache/Compressed.ddp.
[2019.11.11-03.15.45:664][  0]LogDerivedDataCache: Using Local data cache path C:/Users/Chris Justo/AppData/Local/UnrealEngine/Common/DerivedDataCache: Writable
[2019.11.11-03.15.45:664][  0]LogDerivedDataCache: Shared data cache path not found in *engine.ini, will not use an Shared cache.
[2019.11.11-03.15.45:664][  0]LogDerivedDataCache: Unable to find inner node Shared for hierarchical cache Hierarchy.
[2019.11.11-03.15.45:679][  0]LogMaterial: Verifying Global Shaders for PCD3D_SM5
[2019.11.11-03.15.45:681][  0]LogSlate: Using FreeType 2.6.0
[2019.11.11-03.15.45:693][  0]LogSlate: SlateFontServices - WITH_FREETYPE: 1, WITH_HARFBUZZ: 1
[2019.11.11-03.15.45:842][  0]LogAssetRegistry: FAssetRegistry took 0.0259 seconds to start up
[2019.11.11-03.15.46:106][  0]LogInit: Selected Device Profile: [Windows]
[2019.11.11-03.15.46:326][  0]LogSimplygon: Simplygon DLL not present - disabling.
[2019.11.11-03.15.46:329][  0]LogMeshReduction: Using SimplygonSwarm for distributed automatic mesh merging
[2019.11.11-03.15.46:329][  0]LogMeshReduction: Using ProxyLODMeshReduction for automatic mesh merging
[2019.11.11-03.15.46:329][  0]LogMeshReduction: Using QuadricMeshReduction for automatic static mesh reduction
[2019.11.11-03.15.46:329][  0]LogMeshReduction: No automatic skeletal mesh reduction module available
[2019.11.11-03.15.46:363][  0]LogNetVersion: LightBringer_Alpha 1.0.0, NetCL: 4212847, EngineNetVer: 5, GameNetVer: 0 (Checksum: 1688364292)
[2019.11.11-03.15.47:232][  0]LogPackageLocalizationCache: Processed 11 localized package path(s) for 2 prioritized culture(s) in 0.103164 seconds
[2019.11.11-03.15.47:238][  0]LogUObjectArray: 38425 objects as part of root set at end of initial load.
[2019.11.11-03.15.47:238][  0]LogUObjectAllocator: 6690864 out of 0 bytes used by permanent object pool.
[2019.11.11-03.15.47:238][  0]LogUObjectArray: CloseDisregardForGC: 0/0 objects in disregard for GC pool
[2019.11.11-03.15.49:078][  0]LogTcpMessaging: Initializing TcpMessaging bridge
[2019.11.11-03.15.49:090][  0]LogUdpMessaging: Initializing bridge on interface 0.0.0.0:0 to multicast group 230.0.0.1:6666.
[2019.11.11-03.15.49:285][  0]SourceControl: Source control is disabled
[2019.11.11-03.15.49:285][  0]SourceControl: Source control is disabled
[2019.11.11-03.15.49:286][  0]SourceControl: Source control is disabled
[2019.11.11-03.15.49:287][  0]SourceControl: Source control is disabled
[2019.11.11-03.15.49:456][  0]LogAndroidPermission: UAndroidPermissionCallbackProxy::GetInstance
[2019.11.11-03.15.49:582][  0]LogOcInput: OculusInput pre-init called
[2019.11.11-03.15.49:652][  0]LogEngine: Initializing Engine...
[2019.11.11-03.15.49:653][  0]LogHMD: Failed to initialize OpenVR with code 110
[2019.11.11-03.15.49:654][  0]LogStats: UGameplayTagsManager::ConstructGameplayTagTree: ImportINI prefixes -  0.000 s
[2019.11.11-03.15.49:654][  0]LogStats: UGameplayTagsManager::ConstructGameplayTagTree: Construct from data asset -  0.000 s
[2019.11.11-03.15.49:654][  0]LogStats: UGameplayTagsManager::ConstructGameplayTagTree: ImportINI -  0.000 s
[2019.11.11-03.15.49:654][  0]LogStats: UGameplayTagsManager::ConstructGameplayTagTree: GameplayTagTreeChangedEvent.Broadcast -  0.000 s
[2019.11.11-03.15.49:961][  0]LogInit: Initializing FReadOnlyCVARCache
[2019.11.11-03.15.49:971][  0]LogAIModule: Creating AISystem for world Untitled
[2019.11.11-03.15.49:998][  0]LogInit: XAudio2 using 'Speakers (4- USB Audio CODEC )' : 2 channels at 48 kHz using 16 bits per sample (channel mask 0x3)
[2019.11.11-03.15.50:012][  0]LogInit: FAudioDevice initialized.
[2019.11.11-03.15.50:012][  0]LogNetVersion: Set ProjectVersion to 1.0.0.0. Version Checksum will be recalculated on next use.
[2019.11.11-03.15.50:341][  0]LogDerivedDataCache: Saved boot cache 0.33s 71MB C:/Users/Chris Justo/AppData/Local/UnrealEngine/4.20/DerivedDataCache/Boot.ddc.
[2019.11.11-03.15.50:352][  0]LogInit: Texture streaming: Enabled
[2019.11.11-03.15.50:367][  0]LogEngineSessionManager: EngineSessionManager initialized
[2019.11.11-03.15.50:378][  0]LogInit: Transaction tracking system initialized
[2019.11.11-03.15.50:395][  0]BlueprintLog: New page: Editor Load
[2019.11.11-03.15.50:468][  0]LocalizationService: Localization service is disabled
[2019.11.11-03.15.50:892][  0]LogCook: Display: Max memory allowance for cook 16384mb min free memory 0mb
[2019.11.11-03.15.50:892][  0]LogCook: Display: Mobile HDR setting 1
[2019.11.11-03.15.50:892][  0]LogGameplayTags: Display: UGameplayTagsManager::DoneAddingNativeTags. DelegateIsBound: 0
[2019.11.11-03.15.50:892][  0]LogStats: UGameplayTagsManager::ConstructGameplayTagTree: ImportINI prefixes -  0.000 s
[2019.11.11-03.15.50:892][  0]LogStats: UGameplayTagsManager::ConstructGameplayTagTree: Construct from data asset -  0.000 s
[2019.11.11-03.15.50:892][  0]LogStats: UGameplayTagsManager::ConstructGameplayTagTree: ImportINI -  0.000 s
[2019.11.11-03.15.50:892][  0]LogStats: UGameplayTagsManager::ConstructGameplayTagTree: GameplayTagTreeChangedEvent.Broadcast -  0.000 s
[2019.11.11-03.15.51:069][  0]LogFileCache: Scanning file cache for directory 'C:/Users/Chris Justo/Documents/Unreal Projects/LightBringerAlpha/Content/' took 0.02s
[2019.11.11-03.15.51:069][  0]SourceControl: Source control is disabled
[2019.11.11-03.15.51:069][  0]Cmd: MAP LOAD FILE="../../../../../../Users/Chris Justo/Documents/Unreal Projects/LightBringerAlpha/Content/Maps/TempleBlockOut.umap" TEMPLATE=0 SHOWPROGRESS=1 FEATURELEVEL=3
[2019.11.11-03.15.51:073][  0]LightingResults: New page: Lighting Build
[2019.11.11-03.15.51:075][  0]MapCheck: New page: Map Check
[2019.11.11-03.15.51:075][  0]LightingResults: New page: Lighting Build
[2019.11.11-03.15.54:090][  0]LogBlueprint: Warning: [Compiler abp_Fists] 'BP Fist Projectile' does not inherit from 'Pawn' ( Cast To BP_fistProjectile  would always fail).
[2019.11.11-03.15.54:090][  0]LogBlueprint: Warning: [Compiler abp_Fists] 'BP Fist Projectile' does not inherit from 'Pawn' ( Cast To BP_fistProjectile  would always fail).
[2019.11.11-03.15.54:209][  0]LogBlueprint: Warning: [Compiler BasePlayer_BP] InputAction Event references unknown Action 'ProjectileAttack' for  InputAction ProjectileAttack
[2019.11.11-03.15.54:249][  0]LogBlueprint: Error: [Compiler BasePlayer_BP] In use pin  Health UI  no longer exists on node  Set . Please refresh node or break links to remove pin.
[2019.11.11-03.15.54:292][  0]LogBlueprint: Warning: [Compiler bp_baseCharacter] InputAction Event references unknown Action 'ProjectileAttack' for  InputAction ProjectileAttack
[2019.11.11-03.15.54:844][  0]LogBlueprint: Warning: [Compiler abp_Fists] [0016.52] Compile of abp_Fists successful, but with 2 Warning(s) [in 928 ms] (/Game/Blueprints/Projectiles/ANIMS/abp_Fists.abp_Fists)
[2019.11.11-03.15.54:844][  0]LogBlueprint: Warning: [Compiler BasePlayer_BP] [0016.52] Compile of BasePlayer_BP failed. 1 Fatal Issue(s) 1 Warning(s) [in 927 ms] (/Game/Blueprints/CharacterBP/SECONDdRAFTcHARACTER/BasePlayer_BP.BasePlayer_BP)
[2019.11.11-03.15.54:844][  0]LogBlueprint: Warning: [Compiler bp_baseCharacter] [0016.52] Compile of bp_baseCharacter successful, but with 1 Warning(s) [in 928 ms] (/Game/Blueprints/CharacterBP/bp_baseCharacter.bp_baseCharacter)
[2019.11.11-03.16.00:362][  0]LogAIModule: Creating AISystem for world TempleBlockOut
[2019.11.11-03.16.00:380][  0]LogEditorServer: Finished looking for orphan Actors (0.000 secs)
[2019.11.11-03.16.00:426][  0]Cmd: MAP CHECKDEP NOCLEARLOG
[2019.11.11-03.16.00:594][  0]MapCheck: Map check complete: 0 Error(s), 0 Warning(s), took 168.038ms to complete.
[2019.11.11-03.16.00:594][  0]LogFileHelpers: Loading map 'TempleBlockOut' took 9.525
[2019.11.11-03.16.00:711][  0]LogSlate: Updating window title bar state: overlay mode, drag disabled, window buttons hidden, title bar hidden
[2019.11.11-03.16.00:717][  0]LogSlate: Updating window title bar state: overlay mode, drag disabled, window buttons hidden, title bar hidden
[2019.11.11-03.16.00:725][  0]LogSlate: Updating window title bar state: overlay mode, drag disabled, window buttons hidden, title bar hidden
[2019.11.11-03.16.00:733][  0]LogSlate: Updating window title bar state: overlay mode, drag disabled, window buttons hidden, title bar hidden
[2019.11.11-03.16.00:741][  0]LogCollectionManager: Loaded 0 collections in 0.001366 seconds
[2019.11.11-03.16.00:783][  0]LogFileCache: Scanning file cache for directory 'C:/Users/Chris Justo/Documents/Unreal Projects/LightBringerAlpha/Saved/Collections/' took 0.01s
[2019.11.11-03.16.00:783][  0]LogFileCache: Scanning file cache for directory 'C:/Users/Chris Justo/Documents/Unreal Projects/LightBringerAlpha/Content/Developers/ChrisJusto/Collections/' took 0.01s
[2019.11.11-03.16.00:783][  0]LogFileCache: Scanning file cache for directory 'C:/Users/Chris Justo/Documents/Unreal Projects/LightBringerAlpha/Content/Collections/' took 0.01s
[2019.11.11-03.16.00:783][  0]LogCollectionManager: Rebuilt the GUID cache for 0 collections in 0.000001 seconds
[2019.11.11-03.16.00:792][  0]LogContentBrowser: Native class hierarchy populated in 0.0088 seconds. Added 2573 classes and 606 folders.
[2019.11.11-03.16.00:799][  0]LogContentBrowser: Native class hierarchy updated for 'WidgetCarousel' in 0.0002 seconds. Added 0 classes and 0 folders.
[2019.11.11-03.16.01:066][  0]LogContentBrowser: Native class hierarchy updated for 'AddContentDialog' in 0.0002 seconds. Added 0 classes and 0 folders.
[2019.11.11-03.16.01:071][  0]LogContentBrowser: Native class hierarchy updated for 'SceneOutliner' in 0.0002 seconds. Added 1 classes and 2 folders.
[2019.11.11-03.16.02:063][  0]LogSlate: Only BGRA pngs, bmps or icos are supported in by External Image Picker
[2019.11.11-03.16.02:134][  0]LogTemp: Executing iPhonePackager certificates Engine -bundlename com.YourCompany.LightBringerAlpha
[2019.11.11-03.16.02:134][  0]LogTemp: CWD: C:\Program Files\Epic Games\UE_4.20\Engine\Binaries\DotNET\IOS
[2019.11.11-03.16.02:134][  0]LogTemp: Initial Dir: C:\Program Files\Epic Games\UE_4.20
[2019.11.11-03.16.02:134][  0]LogTemp: Env CWD: C:\Program Files\Epic Games\UE_4.20\Engine\Binaries\DotNET\IOS
[2019.11.11-03.16.02:134][  0]LogTemp: BranchPath = DESKTOP-TJD5ANF/C/Program Files/Epic Games/UE_4.20/Engine/Binaries --- GameBranchPath = DESKTOP-TJD5ANF/C/Program Files/Epic Games/UE_4.20/Engine/Binaries
[2019.11.11-03.16.02:134][  0]LogSlate: Took 0.005780 seconds to synchronously load lazily loaded font '../../../Engine/Content/Slate/Fonts/Roboto-Regular.ttf' (155K)
[2019.11.11-03.16.02:142][  0]LogSlate: Took 0.005837 seconds to synchronously load lazily loaded font '../../../Engine/Content/Slate/Fonts/Roboto-Bold.ttf' (160K)
[2019.11.11-03.16.02:151][  0]LogTemp: IPP ERROR: Could not find provision directory 'C:\Users\Chris Justo\AppData\Local/Apple Computer/MobileDevice/Provisioning Profiles/'.
[2019.11.11-03.16.02:151][  0]LogSlate: Took 0.005243 seconds to synchronously load lazily loaded font '../../../Engine/Content/Editor/Slate/Fonts/FontAwesome.ttf' (139K)
[2019.11.11-03.16.02:263][  0]LogRenderer: Reallocating scene render targets to support 1092x552 Format 10 NumSamples 1 (Frame:1).
[2019.11.11-03.16.02:390][  0]LogContentBrowser: Native class hierarchy updated for 'HierarchicalLODOutliner' in 0.0002 seconds. Added 0 classes and 0 folders.
[2019.11.11-03.16.02:390][  0]LogLoad: (Engine Initialization) Total time: 24.07 seconds
[2019.11.11-03.16.02:390][  0]LogLoad: (Engine Initialization) Total Blueprint compile time: 0.00 seconds
[2019.11.11-03.16.02:429][  0]LogContentStreaming: Texture pool size now 1000 MB
[2019.11.11-03.16.02:477][  0]LogSlate: Took 0.003288 seconds to synchronously load lazily loaded font '../../../Engine/Content/Slate/Fonts/Roboto-Light.ttf' (167K)
[2019.11.11-03.16.02:501][  1]LogAssetRegistry: Asset discovery search completed in 16.6820 seconds
[2019.11.11-03.16.02:503][  1]LogCollectionManager: Rebuilt the object cache for 0 collections in 0.000000 seconds (found 0 objects)
[2019.11.11-03.16.02:503][  1]LogCollectionManager: Fixed up redirectors for 0 collections in 0.000042 seconds (updated 0 objects)
[2019.11.11-03.16.03:430][101]LogSlate: Took 0.000169 seconds to synchronously load lazily loaded font '../../../Engine/Content/Slate/Fonts/Roboto-Light.ttf' (167K)
[2019.11.11-03.16.04:920][273]LogSlate: FSceneViewport::OnFocusLost() reason 0
[2019.11.11-03.16.07:947][592]LogSlate: FSceneViewport::OnFocusLost() reason 0
[2019.11.11-03.16.12:145][ 87]LogSlate: FSceneViewport::OnFocusLost() reason 0
[2019.11.11-03.16.26:194][702]LogAssetEditorManager: Opening Asset editor for AnimMontage /Game/Anims/Player/mon_player_dashFInisher.mon_player_dashFInisher
[2019.11.11-03.16.26:202][702]LogContentBrowser: Native class hierarchy updated for 'SkeletonEditor' in 0.0002 seconds. Added 1 classes and 2 folders.
[2019.11.11-03.16.26:398][702]LogActorComponent: RegisterComponentWithWorld: (/Engine/Transient.World_7:PersistentLevel.AnimationEditorPreviewActor_0.DebugSkelMeshComponent_0) Already registered. Aborting.
[2019.11.11-03.16.26:401][702]LogContentBrowser: Native class hierarchy updated for 'PinnedCommandList' in 0.0005 seconds. Added 1 classes and 0 folders.
[2019.11.11-03.16.26:455][702]LogSkeletalMesh: USkeletalMeshComponent::InitArticulated : Bodies already created (/Engine/Transient.World_7:PersistentLevel.AnimationEditorPreviewActor_0.DebugSkelMeshComponent_0) - call TermArticulated first.
[2019.11.11-03.16.26:895][702]LogContentBrowser: Native class hierarchy updated for 'ClothingSystemEditorInterface' in 0.0002 seconds. Added 1 classes and 0 folders.
[2019.11.11-03.16.26:929][702]LogContentBrowser: Verbose: The majority of assets in the view are of type: AnimSequence
[2019.11.11-03.17.09:202][214]LogContentBrowser: Verbose: The majority of assets in the view are of type: AnimMontage
[2019.11.11-03.18.30:025][277]LogAssetEditorManager: Opening Asset editor for AnimMontage /Game/Anims/Bonnie/Char/mon_bonnie_dashF.mon_bonnie_dashF
[2019.11.11-03.18.30:035][277]LogActorComponent: RegisterComponentWithWorld: (/Engine/Transient.World_12:PersistentLevel.AnimationEditorPreviewActor_0.DebugSkelMeshComponent_0) Already registered. Aborting.
[2019.11.11-03.18.30:070][277]LogSkeletalMesh: USkeletalMeshComponent::InitArticulated : Bodies already created (/Engine/Transient.World_12:PersistentLevel.AnimationEditorPreviewActor_0.DebugSkelMeshComponent_0) - call TermArticulated first.
[2019.11.11-03.18.30:428][277]LogContentBrowser: Verbose: The majority of assets in the view are of type: AnimSequence
[2019.11.11-03.18.40:430][231]LogContentBrowser: Verbose: The majority of assets in the view are of type: AnimSequence
[2019.11.11-03.32.24:561][719]LogD3D11RHI: Timed out while waiting for GPU to catch up. (500 ms)
[2019.11.11-03.32.24:901][720]LogD3D11RHI: Timed out while waiting for GPU to catch up. (500 ms)
[2019.11.11-03.37.18:848][594]LogD3D11RHI: Timed out while waiting for GPU to catch up. (500 ms)
[2019.11.11-03.37.19:188][595]LogD3D11RHI: Timed out while waiting for GPU to catch up. (500 ms)
[2019.11.11-03.37.19:677][596]LogD3D11RHI: Timed out while waiting for GPU to catch up. (500 ms)
[2019.11.11-03.37.20:176][597]LogD3D11RHI: Timed out while waiting for GPU to catch up. (500 ms)
[2019.11.11-03.37.20:677][598]LogD3D11RHI: Timed out while waiting for GPU to catch up. (500 ms)
[2019.11.11-04.43.10:353][728]LogFactory: FactoryCreateFile: StaticMesh with FbxFactory (0 0 C:\Users\Chris Justo\Documents\LightProjectAnimation\Bonnie_export\animations\Bonnie\a_bonnie_finisher.fbx)
[2019.11.11-04.43.10:365][728]LogFbx: Loading FBX Scene from C:\Users\Chris Justo\Documents\LightProjectAnimation\Bonnie_export\animations\Bonnie\a_bonnie_finisher.fbx
[2019.11.11-04.43.10:491][728]LogFbx: FBX Scene Loaded Succesfully
[2019.11.11-04.43.23:168][728]LogSlate: Window 'FBX Import Options' being destroyed
[2019.11.11-04.43.23:225][728]LogFbx: SortedLinks :(0) pelvis
[2019.11.11-04.43.23:225][728]LogFbx: SortedLinks :(1) spine_01
[2019.11.11-04.43.23:225][728]LogFbx: SortedLinks :(2) spine_02
[2019.11.11-04.43.23:225][728]LogFbx: SortedLinks :(3) spine_03
[2019.11.11-04.43.23:225][728]LogFbx: SortedLinks :(4) spine_04
[2019.11.11-04.43.23:225][728]LogFbx: SortedLinks :(5) clavicle_l
[2019.11.11-04.43.23:225][728]LogFbx: SortedLinks :(6) upperArm_l
[2019.11.11-04.43.23:225][728]LogFbx: SortedLinks :(7) lowerArm_l
[2019.11.11-04.43.23:225][728]LogFbx: SortedLinks :(8) hand_l
[2019.11.11-04.43.23:225][728]LogFbx: SortedLinks :(9) thumb_l_01
[2019.11.11-04.43.23:225][728]LogFbx: SortedLinks :(10) thumb_l_02
[2019.11.11-04.43.23:225][728]LogFbx: SortedLinks :(11) thumb_l_03
[2019.11.11-04.43.23:225][728]LogFbx: SortedLinks :(12) thumb_l_end
[2019.11.11-04.43.23:225][728]LogFbx: SortedLinks :(13) index_l_01
[2019.11.11-04.43.23:225][728]LogFbx: SortedLinks :(14) index_l_02
[2019.11.11-04.43.23:225][728]LogFbx: SortedLinks :(15) index_l_03
[2019.11.11-04.43.23:225][728]LogFbx: SortedLinks :(16) index_l_end
[2019.11.11-04.43.23:225][728]LogFbx: SortedLinks :(17) middle_l_01
[2019.11.11-04.43.23:225][728]LogFbx: SortedLinks :(18) middle_l_02
[2019.11.11-04.43.23:225][728]LogFbx: SortedLinks :(19) middle_l_03
[2019.11.11-04.43.23:225][728]LogFbx: SortedLinks :(20) middle_l_end
[2019.11.11-04.43.23:225][728]LogFbx: SortedLinks :(21) ring_l_01
[2019.11.11-04.43.23:225][728]LogFbx: SortedLinks :(22) ring_l_02
[2019.11.11-04.43.23:225][728]LogFbx: SortedLinks :(23) ring_l_03
[2019.11.11-04.43.23:225][728]LogFbx: SortedLinks :(24) ring_l_end
[2019.11.11-04.43.23:225][728]LogFbx: SortedLinks :(25) pinkey_l_01
[2019.11.11-04.43.23:225][728]LogFbx: SortedLinks :(26) pinkey_l_02
[2019.11.11-04.43.23:225][728]LogFbx: SortedLinks :(27) pinkey_l_03
[2019.11.11-04.43.23:226][728]LogFbx: SortedLinks :(28) pinkey_l_end
[2019.11.11-04.43.23:226][728]LogFbx: SortedLinks :(29) lowerArm_twist_l
[2019.11.11-04.43.23:226][728]LogFbx: SortedLinks :(30) upperArm_twist_l
[2019.11.11-04.43.23:226][728]LogFbx: SortedLinks :(31) clavicle_r
[2019.11.11-04.43.23:226][728]LogFbx: SortedLinks :(32) upperArm_r
[2019.11.11-04.43.23:226][728]LogFbx: SortedLinks :(33) lowerArm_r
[2019.11.11-04.43.23:226][728]LogFbx: SortedLinks :(34) hand_r
[2019.11.11-04.43.23:226][728]LogFbx: SortedLinks :(35) thumb_r_01
[2019.11.11-04.43.23:226][728]LogFbx: SortedLinks :(36) thumb_r_02
[2019.11.11-04.43.23:226][728]LogFbx: SortedLinks :(37) thumb_r_03
[2019.11.11-04.43.23:226][728]LogFbx: SortedLinks :(38) thumb_r_end
[2019.11.11-04.43.23:226][728]LogFbx: SortedLinks :(39) index_r_01
[2019.11.11-04.43.23:226][728]LogFbx: SortedLinks :(40) index_r_02
[2019.11.11-04.43.23:226][728]LogFbx: SortedLinks :(41) index_r_03
[2019.11.11-04.43.23:226][728]LogFbx: SortedLinks :(42) index_r_end
[2019.11.11-04.43.23:226][728]LogFbx: SortedLinks :(43) middle_r_01
[2019.11.11-04.43.23:226][728]LogFbx: SortedLinks :(44) middle_r_02
[2019.11.11-04.43.23:226][728]LogFbx: SortedLinks :(45) middle_r_03
[2019.11.11-04.43.23:226][728]LogFbx: SortedLinks :(46) middle_r_end
[2019.11.11-04.43.23:226][728]LogFbx: SortedLinks :(47) ring_r_01
[2019.11.11-04.43.23:226][728]LogFbx: SortedLinks :(48) ring_r_02
[2019.11.11-04.43.23:226][728]LogFbx: SortedLinks :(49) ring_r_03
[2019.11.11-04.43.23:226][728]LogFbx: SortedLinks :(50) ring_r_end
[2019.11.11-04.43.23:226][728]LogFbx: SortedLinks :(51) pinkey_r_01
[2019.11.11-04.43.23:226][728]LogFbx: SortedLinks :(52) pinkey_r_02
[2019.11.11-04.43.23:226][728]LogFbx: SortedLinks :(53) pinkey_r_03
[2019.11.11-04.43.23:226][728]LogFbx: SortedLinks :(54) pinkey_r_end
[2019.11.11-04.43.23:226][728]LogFbx: SortedLinks :(55) lowerArm_twist_r
[2019.11.11-04.43.23:226][728]LogFbx: SortedLinks :(56) upperArm_twist_r
[2019.11.11-04.43.23:226][728]LogFbx: SortedLinks :(57) neck
[2019.11.11-04.43.23:226][728]LogFbx: SortedLinks :(58) head
[2019.11.11-04.43.23:226][728]LogFbx: SortedLinks :(59) head_end
[2019.11.11-04.43.23:226][728]LogFbx: SortedLinks :(60) thigh_l
[2019.11.11-04.43.23:226][728]LogFbx: SortedLinks :(61) calf_l
[2019.11.11-04.43.23:226][728]LogFbx: SortedLinks :(62) ankle_l
[2019.11.11-04.43.23:226][728]LogFbx: SortedLinks :(63) ball_l
[2019.11.11-04.43.23:226][728]LogFbx: SortedLinks :(64) toe_l
[2019.11.11-04.43.23:226][728]LogFbx: SortedLinks :(65) calf_twist_l
[2019.11.11-04.43.23:226][728]LogFbx: SortedLinks :(66) thigh_twist_l
[2019.11.11-04.43.23:226][728]LogFbx: SortedLinks :(67) thigh_r
[2019.11.11-04.43.23:226][728]LogFbx: SortedLinks :(68) calf_r
[2019.11.11-04.43.23:226][728]LogFbx: SortedLinks :(69) ankle_r
[2019.11.11-04.43.23:226][728]LogFbx: SortedLinks :(70) ball_r
[2019.11.11-04.43.23:226][728]LogFbx: SortedLinks :(71) toe_r
[2019.11.11-04.43.23:226][728]LogFbx: SortedLinks :(72) calf_twist_r
[2019.11.11-04.43.23:226][728]LogFbx: SortedLinks :(73) thigh_twist_r
[2019.11.11-04.43.23:227][728]LogFbx: Parsing AnimStack Take 001
[2019.11.11-04.43.23:232][728]LogLinker: Can't find file '/Game/Anims/Bonnie/Char/a_bonnie_finisher'
[2019.11.11-04.43.23:232][728]LogLinker: Can't find file '/Game/Anims/Bonnie/Char/a_bonnie_finisher'
[2019.11.11-04.43.23:973][728]LogAnimationCompression: Building Anim DDC data for AnimSequence /Game/Anims/Bonnie/Char/a_bonnie_finisher.a_bonnie_finisher
[2019.11.11-04.43.23:974][728]LogAnimationCompression: Recompressing (AnimSequence /Engine/Transient.a_bonnie_finisher) using current/default (AnimCompress_BitwiseCompressOnly_0) bFirstRecompressUsingCurrentOrDefault(1) bTryAlternateCompressor(0) IsCompressedDataValid(0)
[2019.11.11-04.43.25:461][882]LogAssetEditorManager: Opening Asset editor for AnimSequence /Game/Anims/Bonnie/Char/a_bonnie_finisher.a_bonnie_finisher
[2019.11.11-04.43.27:152][ 41]LogFileHelpers: Editor autosave (incl. sublevels) for '/Game/Maps/TempleBlockOut' took 0.025
[2019.11.11-04.43.27:154][ 41]OBJ SavePackage: Generating thumbnails for [1] asset(s) in package [/Game/Anims/Bonnie/Char/a_bonnie_finisher] ([1] browsable assets)...
[2019.11.11-04.43.27:163][ 41]OBJ SavePackage:     Rendered thumbnail for [AnimSequence /Game/Anims/Bonnie/Char/a_bonnie_finisher.a_bonnie_finisher]
[2019.11.11-04.43.27:163][ 41]OBJ SavePackage: Finished generating thumbnails for package [/Game/Anims/Bonnie/Char/a_bonnie_finisher]
[2019.11.11-04.43.27:179][ 41]LogSavePackage: Moving '../../../../../../Users/Chris Justo/Documents/Unreal Projects/LightBringerAlpha/Saved/a_bonnie_finisher_Auto1E22DF755485B0857CA5A89AA97B7EF4C.tmp' to '../../../../../../Users/Chris Justo/Documents/Unreal Projects/LightBringerAlpha/Saved/Autosaves/Game/Anims/Bonnie/Char/a_bonnie_finisher_Auto1.uasset'
[2019.11.11-04.43.27:247][ 41]LogFileHelpers: Auto-saving content packages took 0.094
[2019.11.11-04.43.39:282][346]LogSavePackage: Moving '../../../../../../Users/Chris Justo/Documents/Unreal Projects/LightBringerAlpha/Saved/a_bonnie_finisherDC17D1684BC29A8DBACE779EB0B28EA1.tmp' to '../../../../../../Users/Chris Justo/Documents/Unreal Projects/LightBringerAlpha/Content/Anims/Bonnie/Char/a_bonnie_finisher.uasset'
[2019.11.11-04.43.53:845][ 38]LogAssetEditorManager: Opening Asset editor for AnimMontage /Game/Anims/Bonnie/Char/mon_bonnie_finisher.mon_bonnie_finisher
[2019.11.11-04.44.05:515][230]LogRenderer: Reallocating scene render targets to support 1092x580 Format 10 NumSamples 1 (Frame:3678).
[2019.11.11-04.44.05:558][231]LogRenderer: Reallocating scene render targets to support 1092x608 Format 10 NumSamples 1 (Frame:3680).
[2019.11.11-04.44.05:601][232]LogRenderer: Reallocating scene render targets to support 1092x616 Format 10 NumSamples 1 (Frame:3682).
[2019.11.11-04.44.05:645][233]LogRenderer: Reallocating scene render targets to support 1092x624 Format 10 NumSamples 1 (Frame:3684).
[2019.11.11-04.44.05:687][234]LogRenderer: Reallocating scene render targets to support 1092x632 Format 10 NumSamples 1 (Frame:3686).
[2019.11.11-04.44.05:730][235]LogRenderer: Reallocating scene render targets to support 1092x636 Format 10 NumSamples 1 (Frame:3688).
[2019.11.11-04.44.05:773][236]LogRenderer: Reallocating scene render targets to support 1092x640 Format 10 NumSamples 1 (Frame:3690).
[2019.11.11-04.44.29:366][614]LogSlate: FSceneViewport::OnFocusLost() reason 0
[2019.11.11-04.44.30:000][678]LogSavePackage: Moving '../../../../../../Users/Chris Justo/Documents/Unreal Projects/LightBringerAlpha/Saved/mon_bonnie_finisher4EE0A5804CD2FE9FCD834A94E1922D43.tmp' to '../../../../../../Users/Chris Justo/Documents/Unreal Projects/LightBringerAlpha/Content/Anims/Bonnie/Char/mon_bonnie_finisher.uasset'
[2019.11.11-04.44.31:803][853]LogSlate: Window 'mon_bonnie_finisher' being destroyed
[2019.11.11-04.44.31:806][853]LogSlate: Window 'mon_bonnie_finisher' being destroyed
[2019.11.11-04.44.36:449][323]LogSlate: Window 'Project Settings' being destroyed
[2019.11.11-04.44.36:518][323]LogSlate: Window 'Message Log' being destroyed
[2019.11.11-04.44.36:522][323]LogSlate: Window 'LightBringer_Alpha - Unreal Editor' being destroyed
[2019.11.11-04.44.36:522][323]LogWindowsTextInputMethodSystem: Display: IME system now deactivated.
[2019.11.11-04.44.36:744][324]Cmd: QUIT_EDITOR
[2019.11.11-04.44.36:775][324]LogExit: Preparing to exit.
[2019.11.11-04.44.38:060][324]LogExit: Editor shut down
[2019.11.11-04.44.38:061][324]LogExit: Transaction tracking system shut down
[2019.11.11-04.44.38:307][324]LogExit: Object subsystem successfully closed.
[2019.11.11-04.44.38:330][324]LogShaderCompilers: Display: Shaders left to compile 0
[2019.11.11-04.44.38:336][324]LogD3D11RHI: Shutdown
[2019.11.11-04.44.38:336][324]LogD3D11RHI: CleanupD3DDevice
[2019.11.11-04.44.38:340][324]LogD3D11RHI: ~FD3D11DynamicRHI
[2019.11.11-04.44.38:361][324]LogModuleManager: Shutting down and abandoning module ClothingSystemEditorInterface (624)
[2019.11.11-04.44.38:361][324]LogModuleManager: Shutting down and abandoning module PinnedCommandList (622)
[2019.11.11-04.44.38:361][324]LogModuleManager: Shutting down and abandoning module SkeletonEditor (620)
[2019.11.11-04.44.38:361][324]LogModuleManager: Shutting down and abandoning module AnimationEditor (618)
[2019.11.11-04.44.38:361][324]LogModuleManager: Shutting down and abandoning module HierarchicalLODOutliner (616)
[2019.11.11-04.44.38:361][324]LogModuleManager: Shutting down and abandoning module ExternalImagePicker (614)
[2019.11.11-04.44.38:361][324]LogModuleManager: Shutting down and abandoning module SceneOutliner (612)
[2019.11.11-04.44.38:361][324]LogModuleManager: Shutting down and abandoning module AddContentDialog (610)
[2019.11.11-04.44.38:363][324]LogModuleManager: Shutting down and abandoning module WidgetCarousel (609)
[2019.11.11-04.44.38:363][324]LogModuleManager: Shutting down and abandoning module EditorWidgets (606)
[2019.11.11-04.44.38:363][324]LogModuleManager: Shutting down and abandoning module CollectionManager (604)
[2019.11.11-04.44.38:363][324]LogModuleManager: Shutting down and abandoning module StatsViewer (602)
[2019.11.11-04.44.38:363][324]LogModuleManager: Shutting down and abandoning module FoliageEdit (600)
[2019.11.11-04.44.38:363][324]LogModuleManager: Shutting down and abandoning module LandscapeEditor (598)
[2019.11.11-04.44.38:363][324]LogModuleManager: Shutting down and abandoning module MeshPaintMode (596)
[2019.11.11-04.44.38:363][324]LogModuleManager: Shutting down and abandoning module SceneDepthPickerMode (594)
[2019.11.11-04.44.38:363][324]LogModuleManager: Shutting down and abandoning module ActorPickerMode (592)
[2019.11.11-04.44.38:363][324]LogModuleManager: Shutting down and abandoning module GeometryMode (590)
[2019.11.11-04.44.38:363][324]LogModuleManager: Shutting down and abandoning module TextureAlignMode (588)
[2019.11.11-04.44.38:363][324]LogModuleManager: Shutting down and abandoning module BspMode (586)
[2019.11.11-04.44.38:363][324]LogModuleManager: Shutting down and abandoning module PIEPreviewDeviceProfileSelector (584)
[2019.11.11-04.44.38:363][324]LogModuleManager: Shutting down and abandoning module SequenceRecorderSections (582)
[2019.11.11-04.44.38:364][324]LogModuleManager: Shutting down and abandoning module AutomationWorker (580)
[2019.11.11-04.44.38:364][324]LogModuleManager: Shutting down and abandoning module AudioCaptureEditor (578)
[2019.11.11-04.44.38:364][324]LogModuleManager: Shutting down and abandoning module SequenceRecorder (577)
[2019.11.11-04.44.38:364][324]LogModuleManager: Shutting down and abandoning module MatineeToLevelSequence (574)
[2019.11.11-04.44.38:364][324]LogModuleManager: Shutting down and abandoning module LevelSequenceEditor (572)
[2019.11.11-04.44.38:364][324]LogModuleManager: Shutting down and abandoning module PlacementMode (571)
[2019.11.11-04.44.38:364][324]LogModuleManager: Shutting down and abandoning module MaterialEditor (570)
[2019.11.11-04.44.38:364][324]LogModuleManager: Shutting down and abandoning module WmfMediaFactory (566)
[2019.11.11-04.44.38:364][324]LogModuleManager: Shutting down and abandoning module WmfMediaEditor (564)
[2019.11.11-04.44.38:364][324]LogModuleManager: Shutting down and abandoning module MediaPlayerEditor (562)
[2019.11.11-04.44.38:364][324]LogModuleManager: Shutting down and abandoning module OpenExrWrapper (560)
[2019.11.11-04.44.38:364][324]LogModuleManager: Shutting down and abandoning module ImgMediaFactory (558)
[2019.11.11-04.44.38:364][324]LogModuleManager: Shutting down and abandoning module ImgMediaEditor (556)
[2019.11.11-04.44.38:364][324]LogModuleManager: Shutting down and abandoning module AvfMediaFactory (554)
[2019.11.11-04.44.38:364][324]LogModuleManager: Shutting down and abandoning module AvfMediaEditor (552)
[2019.11.11-04.44.38:364][324]LogModuleManager: Shutting down and abandoning module AndroidMediaFactory (550)
[2019.11.11-04.44.38:364][324]LogModuleManager: Shutting down and abandoning module AndroidMediaEditor (548)
[2019.11.11-04.44.38:364][324]LogModuleManager: Shutting down and abandoning module MagicLeapCameraPreviewFactory (546)
[2019.11.11-04.44.38:364][324]LogModuleManager: Shutting down and abandoning module MagicLeapMediaFactory (544)
[2019.11.11-04.44.38:364][324]LogModuleManager: Shutting down and abandoning module MagicLeapMediaEditor (542)
[2019.11.11-04.44.38:364][324]LogModuleManager: Shutting down and abandoning module CharacterAI (540)
[2019.11.11-04.44.38:364][324]LogModuleManager: Shutting down and abandoning module SmartSnapping (538)
[2019.11.11-04.44.38:364][324]LogModuleManager: Shutting down and abandoning module SessionServices (536)
[2019.11.11-04.44.38:364][324]LogModuleManager: Shutting down and abandoning module ViewportSnapping (534)
[2019.11.11-04.44.38:364][324]LogModuleManager: Shutting down and abandoning module ViewportInteraction (532)
[2019.11.11-04.44.38:364][324]LogModuleManager: Shutting down and abandoning module ClothPainter (530)
[2019.11.11-04.44.38:364][324]LogModuleManager: Shutting down and abandoning module SkeletalMeshEditor (529)
[2019.11.11-04.44.38:364][324]LogModuleManager: Shutting down and abandoning module LogVisualizer (526)
[2019.11.11-04.44.38:364][324]LogModuleManager: Shutting down and abandoning module IntroTutorials (524)
[2019.11.11-04.44.38:364][324]LogModuleManager: Shutting down and abandoning module GameProjectGeneration (523)
[2019.11.11-04.44.38:364][324]LogModuleManager: Shutting down and abandoning module LuminPlatformEditor (520)
[2019.11.11-04.44.38:365][324]LogModuleManager: Shutting down and abandoning module IOSPlatformEditor (518)
[2019.11.11-04.44.38:365][324]LogModuleManager: Shutting down and abandoning module HTML5PlatformEditor (516)
[2019.11.11-04.44.38:365][324]LogModuleManager: Shutting down and abandoning module AndroidPlatformEditor (514)
[2019.11.11-04.44.38:365][324]LogModuleManager: Shutting down and abandoning module AndroidDeviceDetection (513)
[2019.11.11-04.44.38:405][324]LogModuleManager: Shutting down and abandoning module WindowsPlatformEditor (510)
[2019.11.11-04.44.38:405][324]LogModuleManager: Shutting down and abandoning module LuminRuntimeSettings (508)
[2019.11.11-04.44.38:405][324]LogModuleManager: Shutting down and abandoning module IOSRuntimeSettings (506)
[2019.11.11-04.44.38:405][324]LogModuleManager: Shutting down and abandoning module AndroidRuntimeSettings (504)
[2019.11.11-04.44.38:405][324]LogModuleManager: Shutting down and abandoning module InputBindingEditor (502)
[2019.11.11-04.44.38:405][324]LogModuleManager: Shutting down and abandoning module MergeActors (500)
[2019.11.11-04.44.38:405][324]LogModuleManager: Shutting down and abandoning module LocalizationDashboard (498)
[2019.11.11-04.44.38:405][324]LogModuleManager: Shutting down and abandoning module LocalizationService (497)
[2019.11.11-04.44.38:405][324]LogModuleManager: Shutting down and abandoning module HardwareTargeting (494)
[2019.11.11-04.44.38:405][324]LogModuleManager: Shutting down and abandoning module DeviceProfileEditor (492)
[2019.11.11-04.44.38:406][324]LogModuleManager: Shutting down and abandoning module UndoHistory (490)
[2019.11.11-04.44.38:406][324]LogModuleManager: Shutting down and abandoning module XmlParser (488)
[2019.11.11-04.44.38:406][324]LogModuleManager: Shutting down and abandoning module Blutility (486)
[2019.11.11-04.44.38:406][324]LogModuleManager: Shutting down and abandoning module ProjectSettingsViewer (484)
[2019.11.11-04.44.38:406][324]LogModuleManager: Shutting down and abandoning module ProjectTargetPlatformEditor (483)
[2019.11.11-04.44.38:406][324]LogModuleManager: Shutting down and abandoning module EditorSettingsViewer (480)
[2019.11.11-04.44.38:406][324]LogModuleManager: Shutting down and abandoning module SettingsEditor (478)
[2019.11.11-04.44.38:406][324]LogModuleManager: Shutting down and abandoning module ProjectLauncher (476)
[2019.11.11-04.44.38:406][324]LogModuleManager: Shutting down and abandoning module SessionFrontend (474)
[2019.11.11-04.44.38:406][324]LogModuleManager: Shutting down and abandoning module ProfilerClient (472)
[2019.11.11-04.44.38:406][324]LogModuleManager: Shutting down and abandoning module DeviceManager (470)
[2019.11.11-04.44.38:406][324]LogModuleManager: Shutting down and abandoning module TargetDeviceServices (469)
[2019.11.11-04.44.38:461][324]LogModuleManager: Shutting down and abandoning module AutomationController (466)
[2019.11.11-04.44.38:461][324]LogModuleManager: Shutting down and abandoning module AutomationWindow (464)
[2019.11.11-04.44.38:461][324]LogModuleManager: Shutting down and abandoning module Layers (462)
[2019.11.11-04.44.38:461][324]LogModuleManager: Shutting down and abandoning module ComponentVisualizers (460)
[2019.11.11-04.44.38:461][324]LogModuleManager: Shutting down and abandoning module DetailCustomizations (458)
[2019.11.11-04.44.38:461][324]LogModuleManager: Shutting down and abandoning module PackagesDialog (456)
[2019.11.11-04.44.38:461][324]LogModuleManager: Shutting down and abandoning module Persona (454)
[2019.11.11-04.44.38:461][324]LogModuleManager: Shutting down and abandoning module AdvancedPreviewScene (453)
[2019.11.11-04.44.38:461][324]LogModuleManager: Shutting down and abandoning module AnimGraph (451)
[2019.11.11-04.44.38:461][324]LogModuleManager: Shutting down and abandoning module Kismet (448)
[2019.11.11-04.44.38:466][324]LogModuleManager: Shutting down and abandoning module GraphEditor (446)
[2019.11.11-04.44.38:466][324]LogModuleManager: Shutting down and abandoning module ClassViewer (444)
[2019.11.11-04.44.38:466][324]LogModuleManager: Shutting down and abandoning module Toolbox (442)
[2019.11.11-04.44.38:466][324]LogModuleManager: Shutting down and abandoning module ModuleUI (440)
[2019.11.11-04.44.38:466][324]LogModuleManager: Shutting down and abandoning module MovieSceneTools (438)
[2019.11.11-04.44.38:466][324]LogModuleManager: Shutting down and abandoning module OutputLog (436)
[2019.11.11-04.44.38:466][324]LogModuleManager: Shutting down and abandoning module GammaUI (434)
[2019.11.11-04.44.38:466][324]LogModuleManager: Shutting down and abandoning module Documentation (432)
[2019.11.11-04.44.38:466][324]LogModuleManager: Shutting down and abandoning module MovieSceneTracks (430)
[2019.11.11-04.44.38:466][324]LogModuleManager: Shutting down and abandoning module MovieScene (428)
[2019.11.11-04.44.38:466][324]LogModuleManager: Shutting down and abandoning module StreamingPauseRendering (426)
[2019.11.11-04.44.38:466][324]LogModuleManager: Shutting down and abandoning module LauncherPlatform (424)
[2019.11.11-04.44.38:466][324]LogModuleManager: Shutting down and abandoning module AnalyticsET (422)
[2019.11.11-04.44.38:466][324]LogModuleManager: Shutting down and abandoning module PortalServices (420)
[2019.11.11-04.44.38:466][324]LogModuleManager: Shutting down and abandoning module PortalRpc (418)
[2019.11.11-04.44.38:466][324]LogModuleManager: Shutting down and abandoning module MessagingRpc (416)
[2019.11.11-04.44.38:466][324]LogModuleManager: Shutting down and abandoning module AIModule (414)
[2019.11.11-04.44.38:467][324]LogModuleManager: Shutting down and abandoning module GameplayDebugger (413)
[2019.11.11-04.44.38:467][324]LogModuleManager: Shutting down and abandoning module AITestSuite (411)
[2019.11.11-04.44.38:467][324]LogModuleManager: Shutting down and abandoning module NavigationSystem (409)
[2019.11.11-04.44.38:467][324]LogModuleManager: Shutting down and abandoning module DesktopPlatform (406)
[2019.11.11-04.44.38:467][324]LogModuleManager: Shutting down and abandoning module ProfilerService (404)
[2019.11.11-04.44.38:643][324]LogModuleManager: Shutting down and abandoning module TaskGraph (402)
[2019.11.11-04.44.38:643][324]LogModuleManager: Shutting down and abandoning module SteamVRController (400)
[2019.11.11-04.44.38:643][324]LogModuleManager: Shutting down and abandoning module ProceduralMeshComponentEditor (398)
[2019.11.11-04.44.38:643][324]LogModuleManager: Shutting down and abandoning module ProceduralMeshComponent (396)
[2019.11.11-04.44.38:643][324]LogModuleManager: Shutting down and abandoning module OculusInput (394)
[2019.11.11-04.44.38:643][324]LogModuleManager: Shutting down and abandoning module MobilePatchingUtils (392)
[2019.11.11-04.44.38:643][324]LogModuleManager: Shutting down and abandoning module EditableMesh (390)
[2019.11.11-04.44.38:643][324]LogModuleManager: Shutting down and abandoning module CustomMeshComponent (388)
[2019.11.11-04.44.38:643][324]LogModuleManager: Shutting down and abandoning module CableComponent (386)
[2019.11.11-04.44.38:643][324]LogModuleManager: Shutting down and abandoning module AudioCapture (384)
[2019.11.11-04.44.38:643][324]LogModuleManager: Shutting down and abandoning module ArchVisCharacter (382)
[2019.11.11-04.44.38:643][324]LogModuleManager: Shutting down and abandoning module AndroidPermission (380)
[2019.11.11-04.44.38:643][324]LogModuleManager: Shutting down and abandoning module NUTUnrealEngine4 (378)
[2019.11.11-04.44.38:643][324]LogModuleManager: Shutting down and abandoning module NetcodeUnitTest (376)
[2019.11.11-04.44.38:643][324]LogModuleManager: Shutting down and abandoning module MediaCompositingEditor (374)
[2019.11.11-04.44.38:643][324]LogModuleManager: Shutting down and abandoning module MediaCompositing (372)
[2019.11.11-04.44.38:643][324]LogModuleManager: Shutting down and abandoning module LinearTimecode (370)
[2019.11.11-04.44.38:644][324]LogModuleManager: Shutting down and abandoning module ImgMedia (368)
[2019.11.11-04.44.38:647][324]LogModuleManager: Shutting down and abandoning module HTML5Networking (366)
[2019.11.11-04.44.38:647][324]LogModuleManager: Shutting down and abandoning module GeometryCacheTracks (364)
[2019.11.11-04.44.38:647][324]LogModuleManager: Shutting down and abandoning module GeometryCacheSequencer (362)
[2019.11.11-04.44.38:647][324]LogModuleManager: Shutting down and abandoning module BackChannel (360)
[2019.11.11-04.44.38:647][324]LogModuleManager: Shutting down and abandoning module AppleVision (358)
[2019.11.11-04.44.38:647][324]LogModuleManager: Shutting down and abandoning module AppleImageUtils (356)
[2019.11.11-04.44.38:647][324]LogModuleManager: Shutting down and abandoning module AlembicImporter (354)
[2019.11.11-04.44.38:647][324]LogModuleManager: Shutting down and abandoning module AlembicLibrary (353)
[2019.11.11-04.44.38:647][324]LogModuleManager: Shutting down and abandoning module GeometryCache (352)
[2019.11.11-04.44.38:647][324]LogModuleManager: Shutting down and abandoning module GeometryCacheEd (351)
[2019.11.11-04.44.38:647][324]LogModuleManager: Shutting down and abandoning module DatasmithContentEditor (346)
[2019.11.11-04.44.38:647][324]LogModuleManager: Shutting down and abandoning module DatasmithContent (344)
[2019.11.11-04.44.38:647][324]LogModuleManager: Shutting down and abandoning module SpeedTreeImporter (342)
[2019.11.11-04.44.38:647][324]LogModuleManager: Shutting down and abandoning module PluginBrowser (340)
[2019.11.11-04.44.38:647][324]LogModuleManager: Shutting down and abandoning module MobileLauncherProfileWizard (338)
[2019.11.11-04.44.38:647][324]LogModuleManager: Shutting down and abandoning module PolygonModeling (336)
[2019.11.11-04.44.38:647][324]LogModuleManager: Shutting down and abandoning module MeshEditor (334)
[2019.11.11-04.44.38:647][324]LogModuleManager: Shutting down and abandoning module CryptoKeysOpenSSL (332)
[2019.11.11-04.44.38:647][324]LogModuleManager: Shutting down and abandoning module CryptoKeys (330)
[2019.11.11-04.44.38:647][324]LogModuleManager: Shutting down and abandoning module VisualStudioSourceCodeAccess (328)
[2019.11.11-04.44.38:647][324]LogModuleManager: Shutting down and abandoning module VisualStudioCodeSourceCodeAccess (326)
[2019.11.11-04.44.38:647][324]LogModuleManager: Shutting down and abandoning module UObjectPlugin (324)
[2019.11.11-04.44.38:647][324]LogModuleManager: Shutting down and abandoning module SubversionSourceControl (322)
[2019.11.11-04.44.38:647][324]LogModuleManager: Shutting down and abandoning module PerforceSourceControl (320)
[2019.11.11-04.44.38:648][324]LogModuleManager: Shutting down and abandoning module GitSourceControl (318)
[2019.11.11-04.44.38:648][324]LogModuleManager: Shutting down and abandoning module SourceControl (317)
[2019.11.11-04.44.38:648][324]LogModuleManager: Shutting down and abandoning module CLionSourceCodeAccess (314)
[2019.11.11-04.44.38:648][324]LogModuleManager: Shutting down and abandoning module LightPropagationVolumeEditor (312)
[2019.11.11-04.44.38:648][324]LogModuleManager: Shutting down and abandoning module PaperTiledImporter (310)
[2019.11.11-04.44.38:648][324]LogModuleManager: Shutting down and abandoning module PaperSpriteSheetImporter (308)
[2019.11.11-04.44.38:648][324]LogModuleManager: Shutting down and abandoning module Paper2DEditor (306)
[2019.11.11-04.44.38:648][324]LogModuleManager: Shutting down and abandoning module MeshPaint (305)
[2019.11.11-04.44.38:648][324]LogModuleManager: Shutting down and abandoning module RuntimePhysXCooking (302)
[2019.11.11-04.44.38:648][324]LogModuleManager: Shutting down and abandoning module PhysXVehiclesEditor (300)
[2019.11.11-04.44.38:648][324]LogModuleManager: Shutting down and abandoning module PhysXVehicles (298)
[2019.11.11-04.44.38:648][324]LogModuleManager: Shutting down and abandoning module OculusEditor (296)
[2019.11.11-04.44.38:648][324]LogModuleManager: Shutting down and abandoning module LocationServicesBPLibrary (294)
[2019.11.11-04.44.38:648][324]LogModuleManager: Shutting down and abandoning module ImmediatePhysicsEditor (292)
[2019.11.11-04.44.38:648][324]LogModuleManager: Shutting down and abandoning module ImmediatePhysics (290)
[2019.11.11-04.44.38:648][324]LogModuleManager: Shutting down and abandoning module FileLogging (288)
[2019.11.11-04.44.38:648][324]LogModuleManager: Shutting down and abandoning module AnalyticsBlueprintLibrary (286)
[2019.11.11-04.44.38:648][324]LogModuleManager: Shutting down and abandoning module ActorSequence (284)
[2019.11.11-04.44.38:648][324]LogModuleManager: Shutting down and abandoning module UdpMessaging (282)
[2019.11.11-04.44.38:748][324]LogModuleManager: Shutting down and abandoning module TcpMessaging (280)
[2019.11.11-04.44.38:849][324]LogModuleManager: Shutting down and abandoning module MagicLeapAudio (278)
[2019.11.11-04.44.38:849][324]LogModuleManager: Shutting down and abandoning module GameplayTagsEditor (276)
[2019.11.11-04.44.38:849][324]LogModuleManager: Shutting down and abandoning module FacialAnimationEditor (274)
[2019.11.11-04.44.38:849][324]LogModuleManager: Shutting down and abandoning module FacialAnimation (272)
[2019.11.11-04.44.38:849][324]LogModuleManager: Shutting down and abandoning module DataValidation (270)
[2019.11.11-04.44.38:849][324]LogModuleManager: Shutting down and abandoning module AssetManagerEditor (268)
[2019.11.11-04.44.38:849][324]LogModuleManager: Shutting down and abandoning module LevelEditor (267)
[2019.11.11-04.44.38:850][324]LogModuleManager: Shutting down and abandoning module PixelInspectorModule (266)
[2019.11.11-04.44.38:850][324]LogModuleManager: Shutting down and abandoning module CommonMenuExtensions (264)
[2019.11.11-04.44.38:851][324]LogModuleManager: Shutting down and abandoning module MainFrame (262)
[2019.11.11-04.44.38:851][324]LogModuleManager: Shutting down and abandoning module HotReload (261)
[2019.11.11-04.44.38:851][324]LogModuleManager: Shutting down and abandoning module ContentBrowser (257)
[2019.11.11-04.44.38:852][324]LogModuleManager: Shutting down and abandoning module TreeMap (255)
[2019.11.11-04.44.38:852][324]LogModuleManager: Shutting down and abandoning module LightPropagationVolumeRuntime (252)
[2019.11.11-04.44.38:852][324]LogModuleManager: Shutting down and abandoning module AISupportModule (250)
[2019.11.11-04.44.38:852][324]LogModuleManager: Shutting down and abandoning module Paper2D (248)
[2019.11.11-04.44.38:852][324]LogModuleManager: Shutting down and abandoning module WindowsMoviePlayer (246)
[2019.11.11-04.44.38:852][324]LogModuleManager: Shutting down and abandoning module WmfMedia (244)
[2019.11.11-04.44.38:854][324]LogModuleManager: Shutting down and abandoning module Media (243)
[2019.11.11-04.44.38:860][324]LogModuleManager: Shutting down and abandoning module PacketHandler (240)
[2019.11.11-04.44.38:860][324]LogModuleManager: Shutting down and abandoning module ClothingSystemEditor (238)
[2019.11.11-04.44.38:860][324]LogModuleManager: Shutting down and abandoning module ClothingSystemRuntime (236)
[2019.11.11-04.44.38:860][324]LogModuleManager: Shutting down and abandoning module MediaAssets (234)
[2019.11.11-04.44.38:860][324]LogModuleManager: Shutting down and abandoning module Overlay (232)
[2019.11.11-04.44.38:860][324]LogModuleManager: Shutting down and abandoning module OverlayEditor (231)
[2019.11.11-04.44.38:860][324]LogModuleManager: Shutting down and abandoning module VREditor (228)
[2019.11.11-04.44.38:860][324]LogModuleManager: Shutting down and abandoning module StringTableEditor (226)
[2019.11.11-04.44.38:860][324]LogModuleManager: Shutting down and abandoning module GameplayTasksEditor (224)
[2019.11.11-04.44.38:860][324]LogModuleManager: Shutting down and abandoning module BehaviorTreeEditor (222)
[2019.11.11-04.44.38:860][324]LogModuleManager: Shutting down and abandoning module FunctionalTesting (220)
[2019.11.11-04.44.38:860][324]LogModuleManager: Shutting down and abandoning module CollisionAnalyzer (218)
[2019.11.11-04.44.38:860][324]LogModuleManager: Shutting down and abandoning module WorkspaceMenuStructure (217)
[2019.11.11-04.44.38:860][324]LogModuleManager: Shutting down and abandoning module UMG (214)
[2019.11.11-04.44.38:860][324]LogModuleManager: Shutting down and abandoning module UMGEditor (213)
[2019.11.11-04.44.38:860][324]LogModuleManager: Shutting down and abandoning module Sequencer (212)
[2019.11.11-04.44.38:861][324]LogModuleManager: Shutting down and abandoning module MessageLog (209)
[2019.11.11-04.44.38:861][324]LogModuleManager: Shutting down and abandoning module SlateReflector (204)
[2019.11.11-04.44.38:861][324]LogModuleManager: Shutting down and abandoning module Slate (202)
[2019.11.11-04.44.38:861][324]LogModuleManager: Shutting down and abandoning module EditorStyle (200)
[2019.11.11-04.44.38:862][324]LogModuleManager: Shutting down and abandoning module MRMesh (198)
[2019.11.11-04.44.38:863][324]LogModuleManager: Shutting down and abandoning module SourceCodeAccess (196)
[2019.11.11-04.44.38:863][324]LogModuleManager: Shutting down and abandoning module HeadMountedDisplay (194)
[2019.11.11-04.44.38:863][324]LogModuleManager: Shutting down and abandoning module XAudio2 (192)
[2019.11.11-04.44.38:863][324]LogModuleManager: Shutting down and abandoning module Networking (190)
[2019.11.11-04.44.38:863][324]LogModuleManager: Shutting down and abandoning module Core (188)
[2019.11.11-04.44.38:863][324]LogModuleManager: Shutting down and abandoning module LevelSequence (186)
[2019.11.11-04.44.38:863][324]LogModuleManager: Shutting down and abandoning module KismetCompiler (184)
[2019.11.11-04.44.38:863][324]LogModuleManager: Shutting down and abandoning module MeshUtilities (182)
[2019.11.11-04.44.38:863][324]LogModuleManager: Shutting down and abandoning module MeshMergeUtilities (181)
[2019.11.11-04.44.38:863][324]LogModuleManager: Shutting down and abandoning module MeshReductionInterface (180)
[2019.11.11-04.44.38:863][324]LogModuleManager: Shutting down and abandoning module SimplygonSwarm (179)
[2019.11.11-04.44.38:863][324]LogModuleManager: Shutting down and abandoning module ProxyLODMeshReduction (177)
[2019.11.11-04.44.38:863][324]LogModuleManager: Shutting down and abandoning module SimplygonMeshReduction (175)
[2019.11.11-04.44.38:863][324]LogModuleManager: Shutting down and abandoning module QuadricMeshReduction (173)
[2019.11.11-04.44.38:863][324]LogModuleManager: Shutting down and abandoning module MaterialBaking (169)
[2019.11.11-04.44.38:863][324]LogModuleManager: Shutting down and abandoning module DirectoryWatcher (165)
[2019.11.11-04.44.38:863][324]LogModuleManager: Shutting down and abandoning module DerivedDataCache (162)
[2019.11.11-04.44.38:895][324]LogDerivedDataCache: Shutdown
[2019.11.11-04.44.38:895][324]LogModuleManager: Shutting down and abandoning module XGEController (160)
[2019.11.11-04.44.38:895][324]LogXGEController: Cleaning working directory: C:/Users/Chris Justo/AppData/Local/Temp/UnrealXGEWorkingDir/
[2019.11.11-04.44.38:895][324]LogModuleManager: Shutting down and abandoning module TargetPlatform (158)
[2019.11.11-04.44.38:895][324]LogModuleManager: Shutting down and abandoning module VulkanShaderFormat (157)
[2019.11.11-04.44.38:896][324]LogModuleManager: Shutting down and abandoning module ShaderFormatVectorVM (155)
[2019.11.11-04.44.38:896][324]LogModuleManager: Shutting down and abandoning module ShaderFormatOpenGL (153)
[2019.11.11-04.44.38:896][324]LogModuleManager: Shutting down and abandoning module ShaderFormatD3D (151)
[2019.11.11-04.44.38:896][324]LogModuleManager: Shutting down and abandoning module MetalShaderFormat (149)
[2019.11.11-04.44.38:896][324]LogModuleManager: Shutting down and abandoning module TextureFormatUncompressed (147)
[2019.11.11-04.44.38:896][324]LogModuleManager: Shutting down and abandoning module TextureFormatPVR (145)
[2019.11.11-04.44.38:896][324]LogModuleManager: Shutting down and abandoning module TextureFormatDXT (143)
[2019.11.11-04.44.38:896][324]LogModuleManager: Shutting down and abandoning module TextureFormatIntelISPCTexComp (141)
[2019.11.11-04.44.38:896][324]LogModuleManager: Shutting down and abandoning module TextureFormatASTC (139)
[2019.11.11-04.44.38:896][324]LogModuleManager: Shutting down and abandoning module ImageWrapper (138)
[2019.11.11-04.44.38:896][324]LogModuleManager: Shutting down and abandoning module TextureFormatAndroid (135)
[2019.11.11-04.44.38:896][324]LogModuleManager: Shutting down and abandoning module AudioFormatOpus (133)
[2019.11.11-04.44.38:896][324]LogModuleManager: Shutting down and abandoning module AudioFormatOgg (131)
[2019.11.11-04.44.38:896][324]LogModuleManager: Shutting down and abandoning module AudioFormatADPCM (129)
[2019.11.11-04.44.38:896][324]LogModuleManager: Shutting down and abandoning module LuminTargetPlatform (127)
[2019.11.11-04.44.38:896][324]LogModuleManager: Shutting down and abandoning module LinuxTargetPlatform (125)
[2019.11.11-04.44.38:896][324]LogModuleManager: Shutting down and abandoning module LinuxServerTargetPlatform (123)
[2019.11.11-04.44.38:896][324]LogModuleManager: Shutting down and abandoning module LinuxNoEditorTargetPlatform (121)
[2019.11.11-04.44.38:896][324]LogModuleManager: Shutting down and abandoning module LinuxClientTargetPlatform (119)
[2019.11.11-04.44.38:896][324]LogModuleManager: Shutting down and abandoning module TVOSTargetPlatform (117)
[2019.11.11-04.44.38:912][324]LogModuleManager: Shutting down and abandoning module Messaging (115)
[2019.11.11-04.44.38:912][324]LogModuleManager: Shutting down and abandoning module IOSTargetPlatform (113)
[2019.11.11-04.44.38:916][324]LogModuleManager: Shutting down and abandoning module HTML5TargetPlatform (111)
[2019.11.11-04.44.38:917][324]LogModuleManager: Shutting down and abandoning module AndroidTargetPlatform (109)
[2019.11.11-04.44.38:965][324]LogModuleManager: Shutting down and abandoning module WindowsTargetPlatform (107)
[2019.11.11-04.44.38:965][324]LogModuleManager: Shutting down and abandoning module WindowsServerTargetPlatform (105)
[2019.11.11-04.44.38:965][324]LogModuleManager: Shutting down and abandoning module WindowsNoEditorTargetPlatform (103)
[2019.11.11-04.44.38:965][324]LogModuleManager: Shutting down and abandoning module WindowsClientTargetPlatform (101)
[2019.11.11-04.44.38:965][324]LogModuleManager: Shutting down and abandoning module MacTargetPlatform (99)
[2019.11.11-04.44.38:965][324]LogModuleManager: Shutting down and abandoning module MacServerTargetPlatform (97)
[2019.11.11-04.44.38:965][324]LogModuleManager: Shutting down and abandoning module MacNoEditorTargetPlatform (95)
[2019.11.11-04.44.38:965][324]LogModuleManager: Shutting down and abandoning module MacClientTargetPlatform (93)
[2019.11.11-04.44.38:965][324]LogModuleManager: Shutting down and abandoning module AllDesktopTargetPlatform (91)
[2019.11.11-04.44.38:965][324]LogModuleManager: Shutting down and abandoning module InputCore (88)
[2019.11.11-04.44.38:965][324]LogModuleManager: Shutting down and abandoning module Settings (86)
[2019.11.11-04.44.38:965][324]LogModuleManager: Shutting down and abandoning module PhysXCooking (84)
[2019.11.11-04.44.38:965][324]LogModuleManager: Shutting down and abandoning module SteamVR (82)
[2019.11.11-04.44.38:965][324]LogModuleManager: Shutting down and abandoning module OculusHMD (80)
[2019.11.11-04.44.38:966][324]LogModuleManager: Shutting down and abandoning module ExampleDeviceProfileSelector (78)
[2019.11.11-04.44.38:966][324]LogModuleManager: Shutting down and abandoning module LauncherChunkInstaller (76)
[2019.11.11-04.44.38:966][324]LogModuleManager: Shutting down and abandoning module OnlineBlueprintSupport (74)
[2019.11.11-04.44.38:966][324]LogModuleManager: Shutting down and abandoning module OnlineSubsystem (70)
[2019.11.11-04.44.38:967][324]LogModuleManager: Shutting down and abandoning module XMPP (65)
[2019.11.11-04.44.38:967][324]LogModuleManager: Shutting down and abandoning module WebSockets (64)
[2019.11.11-04.44.39:002][324]LogModuleManager: Shutting down and abandoning module HTTP (61)
[2019.11.11-04.44.39:002][324]LogHttp: Display: Http module shutting down, but needs to wait on 1 outstanding Http requests:
[2019.11.11-04.44.39:002][324]LogHttp: Display: 	verb=[POST] url=[https://datarouter.ol.epicgames.com/datarouter/api/v1/public/data?SessionID=%7BADD55FAD-4A0D-63ED-720F-3A88A49929A1%7D&AppID=UEEditor.Rocket.Release&AppVersion=4.20.3-4369336%2B%2B%2BUE4%2BRelease-4.20&UserID=90e8b865443d3dc2e649839f2dc12532%7Cfcc57dc97144414997b0e930163fd166%7Cd4f5c2bf-9972-41f1-bb9a-25b01ff79f36&AppEnvironment=datacollector-binary&UploadType=eteventstream] status=Processing
[2019.11.11-04.44.39:029][324]LogModuleManager: Shutting down and abandoning module SSL (60)
[2019.11.11-04.44.39:030][324]LogModuleManager: Shutting down and abandoning module MagicLeapEmulator (56)
[2019.11.11-04.44.39:030][324]LogModuleManager: Shutting down and abandoning module MagicLeapPrivileges (54)
[2019.11.11-04.44.39:030][324]LogModuleManager: Shutting down and abandoning module MagicLeapIdentity (52)
[2019.11.11-04.44.39:030][324]LogModuleManager: Shutting down and abandoning module MagicLeapHelperVulkan (50)
[2019.11.11-04.44.39:030][324]LogModuleManager: Shutting down and abandoning module MagicLeapHelperOpenGL (48)
[2019.11.11-04.44.39:030][324]LogModuleManager: Shutting down and abandoning module MagicLeapSecureStorage (46)
[2019.11.11-04.44.39:030][324]LogModuleManager: Shutting down and abandoning module MagicLeapGestures (44)
[2019.11.11-04.44.39:030][324]LogModuleManager: Shutting down and abandoning module MagicLeapEyeTracker (42)
[2019.11.11-04.44.39:030][324]LogModuleManager: Shutting down and abandoning module MagicLeapController (40)
[2019.11.11-04.44.39:030][324]LogSlate: Slate User Destroyed.  User Index 0, Is Virtual User: 0
[2019.11.11-04.44.39:030][324]LogModuleManager: Shutting down and abandoning module MagicLeap (38)
[2019.11.11-04.44.39:031][324]LogModuleManager: Shutting down and abandoning module AnimationModifiers (36)
[2019.11.11-04.44.39:031][324]LogModuleManager: Shutting down and abandoning module PropertyEditor (35)
[2019.11.11-04.44.39:031][324]LogModuleManager: Shutting down and abandoning module AudioEditor (32)
[2019.11.11-04.44.39:031][324]LogModuleManager: Shutting down and abandoning module TextureCompressor (30)
[2019.11.11-04.44.39:031][324]LogModuleManager: Shutting down and abandoning module ShaderCore (28)
[2019.11.11-04.44.39:031][324]LogModuleManager: Shutting down and abandoning module Landscape (26)
[2019.11.11-04.44.39:031][324]LogModuleManager: Shutting down and abandoning module SlateRHIRenderer (24)
[2019.11.11-04.44.39:032][324]LogModuleManager: Shutting down and abandoning module OpenGLDrv (22)
[2019.11.11-04.44.39:032][324]LogModuleManager: Shutting down and abandoning module D3D11RHI (20)
[2019.11.11-04.44.39:032][324]LogModuleManager: Shutting down and abandoning module AnimGraphRuntime (18)
[2019.11.11-04.44.39:032][324]LogModuleManager: Shutting down and abandoning module Renderer (16)
[2019.11.11-04.44.39:032][324]LogModuleManager: Shutting down and abandoning module Engine (14)
[2019.11.11-04.44.39:032][324]LogModuleManager: Shutting down and abandoning module CoreUObject (12)
[2019.11.11-04.44.39:032][324]LogModuleManager: Shutting down and abandoning module NetworkFile (10)
[2019.11.11-04.44.39:032][324]LogModuleManager: Shutting down and abandoning module CookedIterativeFile (8)
[2019.11.11-04.44.39:032][324]LogModuleManager: Shutting down and abandoning module StreamingFile (6)
[2019.11.11-04.44.39:032][324]LogModuleManager: Shutting down and abandoning module SandboxFile (4)
[2019.11.11-04.44.39:032][324]LogModuleManager: Shutting down and abandoning module PakFile (2)
[2019.11.11-04.44.39:037][324]LogExit: Exiting.
[2019.11.11-04.44.39:047][324]Log file closed, 11/10/19 20:44:39
