Log file open, 05/23/19 18:00:03
LogWindows: Failed to load 'aqProf.dll' (GetLastError=126)
LogWindows: File 'aqProf.dll' does not exist
LogWindows: Failed to load 'VSPerf140.dll' (GetLastError=126)
LogWindows: File 'VSPerf140.dll' does not exist
LogWindows: Failed to load 'VtuneApi.dll' (GetLastError=126)
LogWindows: File 'VtuneApi.dll' does not exist
LogWindows: Failed to load 'VtuneApi32e.dll' (GetLastError=126)
LogWindows: File 'VtuneApi32e.dll' does not exist
LogInit: Display: Running engine for game: LightBringer_Alpha
LogPlatformFile: Not using cached read wrapper
LogTaskGraph: Started task graph with 5 named threads and 20 total threads with 3 sets of task threads.
LogStats: Stats thread started at 0.240736
LogD3D11RHI: Loaded GFSDK_Aftermath_Lib.x64.dll
LogICUInternationalization: Display: ICU TimeZone Detection - Raw Offset: -8:00, Platform Override: ''
LogPluginManager: Mounting plugin Paper2D
LogPluginManager: Mounting plugin AISupport
LogPluginManager: Mounting plugin LightPropagationVolume
LogPluginManager: Mounting plugin CLionSourceCodeAccess
LogPluginManager: Mounting plugin CodeLiteSourceCodeAccess
LogPluginManager: Mounting plugin GitSourceControl
LogPluginManager: Mounting plugin KDevelopSourceCodeAccess
LogPluginManager: Mounting plugin NullSourceCodeAccess
LogPluginManager: Mounting plugin PerforceSourceControl
LogPluginManager: Mounting plugin SubversionSourceControl
LogPluginManager: Mounting plugin UObjectPlugin
LogPluginManager: Mounting plugin VisualStudioCodeSourceCodeAccess
LogPluginManager: Mounting plugin VisualStudioSourceCodeAccess
LogPluginManager: Mounting plugin XCodeSourceCodeAccess
LogPluginManager: Mounting plugin AssetManagerEditor
LogPluginManager: Mounting plugin CryptoKeys
LogPluginManager: Mounting plugin DataValidation
LogPluginManager: Mounting plugin FacialAnimation
LogPluginManager: Mounting plugin GameplayTagsEditor
LogPluginManager: Mounting plugin MacGraphicsSwitching
LogPluginManager: Mounting plugin MeshEditor
LogPluginManager: Mounting plugin MobileLauncherProfileWizard
LogPluginManager: Mounting plugin PluginBrowser
LogPluginManager: Mounting plugin SpeedTreeImporter
LogPluginManager: Mounting plugin DatasmithContent
LogPluginManager: Mounting plugin AlembicImporter
LogPluginManager: Mounting plugin AppleImageUtils
LogPluginManager: Mounting plugin AppleVision
LogPluginManager: Mounting plugin BackChannel
LogPluginManager: Mounting plugin CharacterAI
LogPluginManager: Mounting plugin GeometryCache
LogPluginManager: Mounting plugin HTML5Networking
LogPluginManager: Mounting plugin ProxyLODPlugin
LogPluginManager: Mounting plugin MagicLeap
LogPluginManager: Mounting plugin MagicLeapEmulator
LogPluginManager: Mounting plugin MagicLeapMedia
LogPluginManager: Mounting plugin AndroidMedia
LogPluginManager: Mounting plugin AvfMedia
LogPluginManager: Mounting plugin ImgMedia
LogPluginManager: Mounting plugin LinearTimecode
LogPluginManager: Mounting plugin MediaCompositing
LogPluginManager: Mounting plugin MediaPlayerEditor
LogPluginManager: Mounting plugin WmfMedia
LogPluginManager: Mounting plugin TcpMessaging
LogPluginManager: Mounting plugin UdpMessaging
LogPluginManager: Mounting plugin ActorSequence
LogPluginManager: Mounting plugin LevelSequenceEditor
LogPluginManager: Mounting plugin MatineeToLevelSequence
LogPluginManager: Mounting plugin NetcodeUnitTest
LogPluginManager: Mounting plugin NUTUnrealEngine4
LogPluginManager: Mounting plugin OnlineSubsystemGooglePlay
LogPluginManager: Mounting plugin OnlineSubsystemIOS
LogPluginManager: Mounting plugin OnlineSubsystem
LogPluginManager: Mounting plugin OnlineSubsystemNull
LogPluginManager: Mounting plugin OnlineSubsystemUtils
LogPluginManager: Mounting plugin LauncherChunkInstaller
LogPluginManager: Mounting plugin AnalyticsBlueprintLibrary
LogPluginManager: Mounting plugin FileLogging
LogPluginManager: Mounting plugin AndroidDeviceProfileSelector
LogPluginManager: Mounting plugin AndroidMoviePlayer
LogPluginManager: Mounting plugin AndroidPermission
LogPluginManager: Mounting plugin AppleMoviePlayer
LogPluginManager: Mounting plugin ArchVisCharacter
LogPluginManager: Mounting plugin AudioCapture
LogPluginManager: Mounting plugin CableComponent
LogPluginManager: Mounting plugin CustomMeshComponent
LogPluginManager: Mounting plugin EditableMesh
LogPluginManager: Mounting plugin ExampleDeviceProfileSelector
LogPluginManager: Mounting plugin GoogleCloudMessaging
LogPluginManager: Mounting plugin ImmediatePhysics
LogPluginManager: Mounting plugin IOSDeviceProfileSelector
LogPluginManager: Mounting plugin LinuxDeviceProfileSelector
LogPluginManager: Mounting plugin LocationServicesBPLibrary
LogPluginManager: Mounting plugin MobilePatchingUtils
LogPluginManager: Mounting plugin OculusVR
LogPluginManager: Plugin shader directory ../../../Engine/Plugins/Runtime/Oculus/OculusVR/Shaders found
LogPluginManager: Mapping shader source directory ../../../Engine/Plugins/Runtime/Oculus/OculusVR/Shaders to virtual directory /Plugin/OculusVR
LogPluginManager: Mounting plugin PhysXVehicles
LogPluginManager: Mounting plugin ProceduralMeshComponent
LogPluginManager: Mounting plugin RuntimePhysXCooking
LogPluginManager: Mounting plugin SteamVR
LogPluginManager: Mounting plugin WindowsMoviePlayer
LogStreaming: Display: Took  0.089s to configure plugins.
LogInit: Using libcurl 7.55.1-DEV
LogInit:  - built for x86_64-pc-win32
LogInit:  - supports SSL with OpenSSL/1.0.2h
LogInit:  - supports HTTP deflate (compression) using libz 1.2.8
LogInit:  - other features:
LogInit:      CURL_VERSION_SSL
LogInit:      CURL_VERSION_LIBZ
LogInit:      CURL_VERSION_IPV6
LogInit:      CURL_VERSION_ASYNCHDNS
LogInit:      CURL_VERSION_LARGEFILE
LogInit:      CURL_VERSION_IDN
LogInit:  CurlRequestOptions (configurable via config and command line):
LogInit:  - bVerifyPeer = false  - Libcurl will NOT verify peer certificate
LogInit:  - bUseHttpProxy = false  - Libcurl will NOT use HTTP proxy
LogInit:  - bDontReuseConnections = false  - Libcurl will reuse connections
LogInit:  - CertBundlePath = nullptr  - Libcurl will use whatever was configured at build time.
LogInit:  - MaxHostConnections = 16  - Libcurl will limit the number of connections to a host
LogInit:  - LocalHostAddr = Default
LogInit:  - BufferSize = 65536
LogInit: WinSock: version 1.1 (2.2), MaxSocks=32767, MaxUdp=65467
LogInit: Build: ++UE4+Release-4.20-CL-4369336
LogInit: Engine Version: 4.20.3-4369336+++UE4+Release-4.20
LogInit: Compatible Engine Version: 4.20.0-4212847+++UE4+Release-4.20
LogInit: Net CL: 4212847
LogInit: OS: Windows 10 (), CPU: Intel(R) Core(TM) i5-8600K CPU @ 3.60GHz, GPU: NVIDIA GeForce GTX 1070
LogInit: Compiled (64-bit): Sep 17 2018 12:26:19
LogInit: Compiled with Visual C++: 19.13.26129.00
LogInit: Build Configuration: Development
LogInit: Branch Name: ++UE4+Release-4.20
LogInit: Command Line:  
LogInit: Base Directory: C:/Program Files/Epic Games/UE_4.20/Engine/Binaries/Win64/
LogInit: Installed Engine Build: 1
LogDevObjectVersion: Number of dev versions registered: 20
LogDevObjectVersion:   Dev-Blueprints (B0D832E4-1F89-4F0D-ACCF-7EB736FD4AA2): 10
LogDevObjectVersion:   Dev-Build (E1C64328-A22C-4D53-A36C-8E866417BD8C): 0
LogDevObjectVersion:   Dev-Core (375EC13C-06E4-48FB-B500-84F0262A717E): 2
LogDevObjectVersion:   Dev-Editor (E4B068ED-F494-42E9-A231-DA0B2E46BB41): 24
LogDevObjectVersion:   Dev-Framework (CFFC743F-43B0-4480-9391-14DF171D2073): 34
LogDevObjectVersion:   Dev-Mobile (B02B49B5-BB20-44E9-A304-32B752E40360): 2
LogDevObjectVersion:   Dev-Networking (A4E4105C-59A1-49B5-A7C5-40C4547EDFEE): 0
LogDevObjectVersion:   Dev-Online (39C831C9-5AE6-47DC-9A44-9C173E1C8E7C): 0
LogDevObjectVersion:   Dev-Physics (78F01B33-EBEA-4F98-B9B4-84EACCB95AA2): 0
LogDevObjectVersion:   Dev-Platform (6631380F-2D4D-43E0-8009-CF276956A95A): 0
LogDevObjectVersion:   Dev-Rendering (12F88B9F-8875-4AFC-A67C-D90C383ABD29): 26
LogDevObjectVersion:   Dev-Sequencer (7B5AE74C-D270-4C10-A958-57980B212A5A): 9
LogDevObjectVersion:   Dev-VR (D7296918-1DD6-4BDD-9DE2-64A83CC13884): 2
LogDevObjectVersion:   Dev-LoadTimes (C2A15278-BFE7-4AFE-6C17-90FF531DF755): 1
LogDevObjectVersion:   Private-Geometry (6EACA3D4-40EC-4CC1-B786-8BED09428FC5): 3
LogDevObjectVersion:   Dev-AnimPhys (29E575DD-E0A3-4627-9D10-D276232CDCEA): 17
LogDevObjectVersion:   Dev-ReflectionCapture (6B266CEC-1EC7-4B8F-A30B-E4D90942FC07): 1
LogDevObjectVersion:   Dev-Automation (0DF73D61-A23F-47EA-B727-89E90C41499A): 1
LogDevObjectVersion:   FortniteMain (601D1886-AC64-4F84-AA16-D3DE0DEAC7D6): 12
LogDevObjectVersion:   Dev-Enterprise (9DFFBCD6-494F-0158-E221-12823C92A888): 1
LogStreaming: Display: Took  0.002s to delete old logs.
LogInit: Presizing for max 8388607 objects, including 0 objects not considered by GC, pre-allocating 0 bytes for permanent pool.
LogInit: Object subsystem initialized
[2019.05.24-01.00.03:928][  0]LogInit: Selected Device Profile: [Windows]
[2019.05.24-01.00.03:928][  0]LogInit: Applying CVar settings loaded from the selected device profile: [Windows]
[2019.05.24-01.00.03:938][  0]LogHAL: Display: Platform has ~ 16 GB [17090936832 / 17179869184 / 16], which maps to Larger [LargestMinGB=32, LargerMinGB=12, DefaultMinGB=8, SmallerMinGB=6, SmallestMinGB=0)
[2019.05.24-01.00.03:938][  0]LogInit: Setting Device Profile CVar: [[r.Vulkan.UseRealUBs:1]]
[2019.05.24-01.00.03:938][  0]LogInit: Going up to parent DeviceProfile []
[2019.05.24-01.00.03:938][  0]LogInit: Computer: DESKTOP-TJD5ANF
[2019.05.24-01.00.03:938][  0]LogInit: User: ChrisJusto
[2019.05.24-01.00.03:938][  0]LogInit: CPU Page size=4096, Cores=6
[2019.05.24-01.00.03:938][  0]LogInit: High frequency timer resolution =3.515631 MHz
[2019.05.24-01.00.03:939][  0]LogMemory: Memory total: Physical=15.9GB (16GB approx)
[2019.05.24-01.00.03:939][  0]LogMemory: Platform Memory Stats for Windows
[2019.05.24-01.00.03:939][  0]LogMemory: Process Physical Memory: 100.83 MB used, 100.83 MB peak
[2019.05.24-01.00.03:939][  0]LogMemory: Process Virtual Memory: 84.72 MB used, 84.72 MB peak
[2019.05.24-01.00.03:939][  0]LogMemory: Physical Memory: 7871.64 MB used,  8427.54 MB free, 16299.19 MB total
[2019.05.24-01.00.03:939][  0]LogMemory: Virtual Memory: 4630.54 MB used,  8427.54 MB free, 134217728.00 MB total
[2019.05.24-01.00.04:024][  0]LogInit: Using OS detected language (en-US).
[2019.05.24-01.00.04:024][  0]LogInit: Using OS detected locale (en-US).
[2019.05.24-01.00.04:024][  0]LogTextLocalizationManager: No specific localization for 'en-US' exists, so the 'en' localization will be used.
[2019.05.24-01.00.04:333][  0]LogStreaming: Display: Took  0.309s to InitEngineTextLocalization.
[2019.05.24-01.00.04:335][  0]LogInit: Setting process to per monitor DPI aware
[2019.05.24-01.00.04:407][  0]LogSlate: New Slate User Created.  User Index 0, Is Virtual User: 0
[2019.05.24-01.00.04:407][  0]LogSlate: Slate User Registered.  User Index 0, Is Virtual User: 0
[2019.05.24-01.00.04:554][  0]LogHMD: Failed to initialize OpenVR with code 110
[2019.05.24-01.00.04:554][  0]LogD3D11RHI: D3D11 adapters:
[2019.05.24-01.00.04:609][  0]LogD3D11RHI:    0. 'NVIDIA GeForce GTX 1070' (Feature Level 11_0)
[2019.05.24-01.00.04:609][  0]LogD3D11RHI:       8088/0/8149 MB DedicatedVideo/DedicatedSystem/SharedSystem, Outputs:1, VendorId:0x10de
[2019.05.24-01.00.04:617][  0]LogD3D11RHI:    1. 'Intel(R) UHD Graphics 630' (Feature Level 11_0)
[2019.05.24-01.00.04:617][  0]LogD3D11RHI:       128/0/8149 MB DedicatedVideo/DedicatedSystem/SharedSystem, Outputs:1, VendorId:0x8086
[2019.05.24-01.00.04:619][  0]LogD3D11RHI:    2. 'Microsoft Basic Render Driver' (Feature Level 11_0)
[2019.05.24-01.00.04:619][  0]LogD3D11RHI:       0/0/8149 MB DedicatedVideo/DedicatedSystem/SharedSystem, Outputs:0, VendorId:0x1414
[2019.05.24-01.00.04:619][  0]LogD3D11RHI: Chosen D3D11 Adapter: 0
[2019.05.24-01.00.04:624][  0]LogD3D11RHI: Creating new Direct3DDevice
[2019.05.24-01.00.04:624][  0]LogD3D11RHI:     GPU DeviceId: 0x1b81 (for the marketing name, search the web for "GPU Device Id")
[2019.05.24-01.00.04:624][  0]LogWindows: EnumDisplayDevices:
[2019.05.24-01.00.04:624][  0]LogWindows:    0. 'NVIDIA GeForce GTX 1070' (P:1 D:1)
[2019.05.24-01.00.04:625][  0]LogWindows:    1. 'NVIDIA GeForce GTX 1070' (P:0 D:0)
[2019.05.24-01.00.04:625][  0]LogWindows:    2. 'NVIDIA GeForce GTX 1070' (P:0 D:0)
[2019.05.24-01.00.04:625][  0]LogWindows:    3. 'NVIDIA GeForce GTX 1070' (P:0 D:0)
[2019.05.24-01.00.04:625][  0]LogWindows:    4. 'Intel(R) UHD Graphics 630' (P:0 D:1)
[2019.05.24-01.00.04:625][  0]LogWindows:    5. 'Intel(R) UHD Graphics 630' (P:0 D:0)
[2019.05.24-01.00.04:626][  0]LogWindows:    6. 'Intel(R) UHD Graphics 630' (P:0 D:0)
[2019.05.24-01.00.04:626][  0]LogWindows: DebugString: PrimaryIsNotTheChoosenAdapter PrimaryIsNotTheChoosenAdapter PrimaryIsNotTheChoosenAdapter FoundDriverCount:4 
[2019.05.24-01.00.04:626][  0]LogD3D11RHI:     Adapter Name: NVIDIA GeForce GTX 1070
[2019.05.24-01.00.04:626][  0]LogD3D11RHI:   Driver Version: 419.17 (internal:25.21.14.1917, unified:419.17)
[2019.05.24-01.00.04:626][  0]LogD3D11RHI:      Driver Date: 2-20-2019
[2019.05.24-01.00.04:626][  0]LogRHI: Texture pool is 5661 MB (70% of 8088 MB)
[2019.05.24-01.00.04:658][  0]LogD3D11RHI: Async texture creation enabled
[2019.05.24-01.00.04:673][  0]LogD3D11RHI: GPU Timing Frequency: 1000.000000 (Debug: 2 1)
[2019.05.24-01.00.04:763][  0]LogShaderCompilers: Guid format shader working directory is -26 characters bigger than the processId version (../../../../../../Users/Chris Justo/Documents/Unreal Projects/LightBringerAlpha/Intermediate/Shaders/WorkingDirectory/224/).
[2019.05.24-01.00.04:763][  0]LogShaderCompilers: Cleaned the shader compiler working directory 'C:/Users/Chris Justo/AppData/Local/Temp/UnrealShaderWorkingDir/76EB1B434340CD1F65829D8541DC5331/'.
[2019.05.24-01.00.05:111][  0]LogTemp: Display: Loaded TP AllDesktopTargetPlatform
[2019.05.24-01.00.05:122][  0]LogTemp: Display: Loaded TP MacClientTargetPlatform
[2019.05.24-01.00.05:132][  0]LogTemp: Display: Loaded TP MacNoEditorTargetPlatform
[2019.05.24-01.00.05:145][  0]LogTemp: Display: Loaded TP MacServerTargetPlatform
[2019.05.24-01.00.05:157][  0]LogTemp: Display: Loaded TP MacTargetPlatform
[2019.05.24-01.00.05:169][  0]LogTemp: Display: Loaded TP WindowsClientTargetPlatform
[2019.05.24-01.00.05:181][  0]LogTemp: Display: Loaded TP WindowsNoEditorTargetPlatform
[2019.05.24-01.00.05:193][  0]LogTemp: Display: Loaded TP WindowsServerTargetPlatform
[2019.05.24-01.00.05:198][  0]LogTemp: Display: Loaded TP WindowsTargetPlatform
[2019.05.24-01.00.05:268][  0]LogTemp: Display: Loaded TP AndroidTargetPlatform
[2019.05.24-01.00.05:268][  0]LogTemp: Display: Loaded TP AndroidTargetPlatform
[2019.05.24-01.00.05:268][  0]LogTemp: Display: Loaded TP AndroidTargetPlatform
[2019.05.24-01.00.05:268][  0]LogTemp: Display: Loaded TP AndroidTargetPlatform
[2019.05.24-01.00.05:268][  0]LogTemp: Display: Loaded TP AndroidTargetPlatform
[2019.05.24-01.00.05:268][  0]LogTemp: Display: Loaded TP AndroidTargetPlatform
[2019.05.24-01.00.05:268][  0]LogTemp: Display: Loaded TP AndroidTargetPlatform
[2019.05.24-01.00.05:268][  0]LogTemp: Display: Loaded TP AndroidTargetPlatform
[2019.05.24-01.00.05:268][  0]LogTemp: Display: Loaded TP AndroidTargetPlatform
[2019.05.24-01.00.05:268][  0]LogTemp: Display: Loaded TP AndroidTargetPlatform
[2019.05.24-01.00.05:268][  0]LogTemp: Display: Loaded TP AndroidTargetPlatform
[2019.05.24-01.00.05:268][  0]LogTemp: Display: Loaded TP AndroidTargetPlatform
[2019.05.24-01.00.05:268][  0]LogTemp: Display: Loaded TP AndroidTargetPlatform
[2019.05.24-01.00.05:268][  0]LogTemp: Display: Loaded TP AndroidTargetPlatform
[2019.05.24-01.00.05:268][  0]LogTemp: Display: Loaded TP AndroidTargetPlatform
[2019.05.24-01.00.05:268][  0]LogTemp: Display: Loaded TP AndroidTargetPlatform
[2019.05.24-01.00.05:268][  0]LogTemp: Display: Loaded TP AndroidTargetPlatform
[2019.05.24-01.00.05:268][  0]LogTemp: Display: Loaded TP AndroidTargetPlatform
[2019.05.24-01.00.05:269][  0]LogTemp: Display: Loaded TP HTML5TargetPlatform
[2019.05.24-01.00.05:325][  0]LogTemp: Display: Loaded TP IOSTargetPlatform
[2019.05.24-01.00.05:325][  0]LogTemp: Display: Loaded TP IOSTargetPlatform
[2019.05.24-01.00.05:347][  0]LogTemp: Display: Loaded TP TVOSTargetPlatform
[2019.05.24-01.00.05:347][  0]LogTemp: Display: Loaded TP TVOSTargetPlatform
[2019.05.24-01.00.05:358][  0]LogTemp: Display: Loaded TP LinuxClientTargetPlatform
[2019.05.24-01.00.05:369][  0]LogTemp: Display: Loaded TP LinuxNoEditorTargetPlatform
[2019.05.24-01.00.05:379][  0]LogTemp: Display: Loaded TP LinuxServerTargetPlatform
[2019.05.24-01.00.05:392][  0]LogTemp: Display: Loaded TP LinuxTargetPlatform
[2019.05.24-01.00.05:400][  0]LogTemp: Display: Loaded TP LuminTargetPlatform
[2019.05.24-01.00.05:404][  0]LogTargetPlatformManager: Display: Building Assets For Windows
[2019.05.24-01.00.05:456][  0]LogXGEController: Cleaning working directory: C:/Users/Chris Justo/AppData/Local/Temp/UnrealXGEWorkingDir/
[2019.05.24-01.00.05:456][  0]LogXGEController: Cannot use XGE Controller as Incredibuild is not installed on this machine.
[2019.05.24-01.00.05:456][  0]LogShaderCompilers: Cannot use XGE Shader Compiler as Incredibuild is not installed on this machine.
[2019.05.24-01.00.05:456][  0]LogShaderCompilers: Display: Using Local Shader Compiler.
[2019.05.24-01.00.06:103][  0]LogDerivedDataCache: Display: Max Cache Size: 512 MB
[2019.05.24-01.00.06:154][  0]LogDerivedDataCache: Loaded boot cache 0.05s 71MB C:/Users/Chris Justo/AppData/Local/UnrealEngine/4.20/DerivedDataCache/Boot.ddc.
[2019.05.24-01.00.06:155][  0]LogDerivedDataCache: Display: Loaded Boot cache: C:/Users/Chris Justo/AppData/Local/UnrealEngine/4.20/DerivedDataCache/Boot.ddc
[2019.05.24-01.00.06:155][  0]LogDerivedDataCache: FDerivedDataBackendGraph:  Pak pak cache file ../../../../../../Users/Chris Justo/Documents/Unreal Projects/LightBringerAlpha/DerivedDataCache/DDC.ddp not found, will not use a pak cache.
[2019.05.24-01.00.06:155][  0]LogDerivedDataCache: Unable to find inner node Pak for hierarchical cache Hierarchy.
[2019.05.24-01.00.06:155][  0]LogDerivedDataCache: FDerivedDataBackendGraph:  CompressedPak pak cache file ../../../../../../Users/Chris Justo/Documents/Unreal Projects/LightBringerAlpha/DerivedDataCache/Compressed.ddp not found, will not use a pak cache.
[2019.05.24-01.00.06:155][  0]LogDerivedDataCache: Unable to find inner node CompressedPak for hierarchical cache Hierarchy.
[2019.05.24-01.00.06:167][  0]LogDerivedDataCache: Display: Pak cache opened for reading ../../../Engine/DerivedDataCache/Compressed.ddp.
[2019.05.24-01.00.06:179][  0]LogDerivedDataCache: Using Local data cache path C:/Users/Chris Justo/AppData/Local/UnrealEngine/Common/DerivedDataCache: Writable
[2019.05.24-01.00.06:179][  0]LogDerivedDataCache: Shared data cache path not found in *engine.ini, will not use an Shared cache.
[2019.05.24-01.00.06:179][  0]LogDerivedDataCache: Unable to find inner node Shared for hierarchical cache Hierarchy.
[2019.05.24-01.00.06:193][  0]LogMaterial: Verifying Global Shaders for PCD3D_SM5
[2019.05.24-01.00.06:198][  0]LogSlate: Using FreeType 2.6.0
[2019.05.24-01.00.06:199][  0]LogSlate: SlateFontServices - WITH_FREETYPE: 1, WITH_HARFBUZZ: 1
[2019.05.24-01.00.06:264][  0]LogAssetRegistry: FAssetRegistry took 0.0269 seconds to start up
[2019.05.24-01.00.06:527][  0]LogInit: Selected Device Profile: [Windows]
[2019.05.24-01.00.06:634][  0]LogSimplygon: Simplygon DLL not present - disabling.
[2019.05.24-01.00.06:640][  0]LogMeshReduction: Using SimplygonSwarm for distributed automatic mesh merging
[2019.05.24-01.00.06:640][  0]LogMeshReduction: Using ProxyLODMeshReduction for automatic mesh merging
[2019.05.24-01.00.06:640][  0]LogMeshReduction: Using QuadricMeshReduction for automatic static mesh reduction
[2019.05.24-01.00.06:640][  0]LogMeshReduction: No automatic skeletal mesh reduction module available
[2019.05.24-01.00.06:656][  0]LogNetVersion: LightBringer_Alpha 1.0.0, NetCL: 4212847, EngineNetVer: 5, GameNetVer: 0 (Checksum: 1688364292)
[2019.05.24-01.00.07:116][  0]LogPackageLocalizationCache: Processed 11 localized package path(s) for 2 prioritized culture(s) in 0.096775 seconds
[2019.05.24-01.00.07:122][  0]LogUObjectArray: 38425 objects as part of root set at end of initial load.
[2019.05.24-01.00.07:122][  0]LogUObjectAllocator: 6690864 out of 0 bytes used by permanent object pool.
[2019.05.24-01.00.07:122][  0]LogUObjectArray: CloseDisregardForGC: 0/0 objects in disregard for GC pool
[2019.05.24-01.00.07:824][  0]LogTcpMessaging: Initializing TcpMessaging bridge
[2019.05.24-01.00.07:837][  0]LogUdpMessaging: Initializing bridge on interface 0.0.0.0:0 to multicast group 230.0.0.1:6666.
[2019.05.24-01.00.07:974][  0]SourceControl: Source control is disabled
[2019.05.24-01.00.07:974][  0]SourceControl: Source control is disabled
[2019.05.24-01.00.07:976][  0]SourceControl: Source control is disabled
[2019.05.24-01.00.07:976][  0]SourceControl: Source control is disabled
[2019.05.24-01.00.08:129][  0]LogAndroidPermission: UAndroidPermissionCallbackProxy::GetInstance
[2019.05.24-01.00.08:275][  0]LogOcInput: OculusInput pre-init called
[2019.05.24-01.00.08:339][  0]LogEngine: Initializing Engine...
[2019.05.24-01.00.08:340][  0]LogHMD: Failed to initialize OpenVR with code 110
[2019.05.24-01.00.08:341][  0]LogStats: UGameplayTagsManager::ConstructGameplayTagTree: ImportINI prefixes -  0.000 s
[2019.05.24-01.00.08:341][  0]LogStats: UGameplayTagsManager::ConstructGameplayTagTree: Construct from data asset -  0.000 s
[2019.05.24-01.00.08:341][  0]LogStats: UGameplayTagsManager::ConstructGameplayTagTree: ImportINI -  0.000 s
[2019.05.24-01.00.08:341][  0]LogStats: UGameplayTagsManager::ConstructGameplayTagTree: GameplayTagTreeChangedEvent.Broadcast -  0.000 s
[2019.05.24-01.00.08:521][  0]LogInit: Initializing FReadOnlyCVARCache
[2019.05.24-01.00.08:534][  0]LogAIModule: Creating AISystem for world Untitled
[2019.05.24-01.00.08:562][  0]LogInit: XAudio2 using 'Speakers (4- USB Audio CODEC )' : 2 channels at 48 kHz using 16 bits per sample (channel mask 0x3)
[2019.05.24-01.00.08:574][  0]LogInit: FAudioDevice initialized.
[2019.05.24-01.00.08:574][  0]LogNetVersion: Set ProjectVersion to 1.0.0.0. Version Checksum will be recalculated on next use.
[2019.05.24-01.00.08:735][  0]LogDerivedDataCache: Saved boot cache 0.16s 71MB C:/Users/Chris Justo/AppData/Local/UnrealEngine/4.20/DerivedDataCache/Boot.ddc.
[2019.05.24-01.00.08:750][  0]LogInit: Texture streaming: Enabled
[2019.05.24-01.00.08:767][  0]LogEngineSessionManager: EngineSessionManager initialized
[2019.05.24-01.00.08:778][  0]LogInit: Transaction tracking system initialized
[2019.05.24-01.00.08:799][  0]BlueprintLog: New page: Editor Load
[2019.05.24-01.00.08:870][  0]LocalizationService: Localization service is disabled
[2019.05.24-01.00.09:087][  0]LogCook: Display: Max memory allowance for cook 16384mb min free memory 0mb
[2019.05.24-01.00.09:087][  0]LogCook: Display: Mobile HDR setting 1
[2019.05.24-01.00.09:087][  0]LogGameplayTags: Display: UGameplayTagsManager::DoneAddingNativeTags. DelegateIsBound: 0
[2019.05.24-01.00.09:087][  0]LogStats: UGameplayTagsManager::ConstructGameplayTagTree: ImportINI prefixes -  0.000 s
[2019.05.24-01.00.09:087][  0]LogStats: UGameplayTagsManager::ConstructGameplayTagTree: Construct from data asset -  0.000 s
[2019.05.24-01.00.09:087][  0]LogStats: UGameplayTagsManager::ConstructGameplayTagTree: ImportINI -  0.000 s
[2019.05.24-01.00.09:087][  0]LogStats: UGameplayTagsManager::ConstructGameplayTagTree: GameplayTagTreeChangedEvent.Broadcast -  0.000 s
[2019.05.24-01.00.09:195][  0]LogFileCache: Scanning file cache for directory 'C:/Users/Chris Justo/Documents/Unreal Projects/LightBringerAlpha/Content/' took 0.02s
[2019.05.24-01.00.09:195][  0]SourceControl: Source control is disabled
[2019.05.24-01.00.09:195][  0]Cmd: MAP LOAD FILE="../../../../../../Users/Chris Justo/Documents/Unreal Projects/LightBringerAlpha/Content/Maps/TempleBlockOut.umap" TEMPLATE=0 SHOWPROGRESS=1 FEATURELEVEL=3
[2019.05.24-01.00.09:200][  0]LightingResults: New page: Lighting Build
[2019.05.24-01.00.09:202][  0]MapCheck: New page: Map Check
[2019.05.24-01.00.09:202][  0]LightingResults: New page: Lighting Build
[2019.05.24-01.00.10:927][  0]LogBlueprint: Warning: [Compiler abp_Fists] 'BP Fist Projectile' does not inherit from 'Pawn' ( Cast To BP_fistProjectile  would always fail).
[2019.05.24-01.00.10:928][  0]LogBlueprint: Warning: [Compiler abp_Fists] 'BP Fist Projectile' does not inherit from 'Pawn' ( Cast To BP_fistProjectile  would always fail).
[2019.05.24-01.00.11:076][  0]LogBlueprint: Error: [Compiler BasePlayer_BP] In use pin  Health UI  no longer exists on node  Set . Please refresh node or break links to remove pin.
[2019.05.24-01.00.11:565][  0]LogBlueprint: Warning: [Compiler abp_Fists] [0009.22] Compile of abp_Fists successful, but with 2 Warning(s) [in 785 ms] (/Game/Blueprints/Projectiles/ANIMS/abp_Fists.abp_Fists)
[2019.05.24-01.00.11:565][  0]LogBlueprint: Warning: [Compiler BasePlayer_BP] [0009.22] Compile of BasePlayer_BP failed. 1 Fatal Issue(s) 0 Warning(s) [in 785 ms] (/Game/Blueprints/CharacterBP/SECONDdRAFTcHARACTER/BasePlayer_BP.BasePlayer_BP)
[2019.05.24-01.00.13:203][  0]LogAIModule: Creating AISystem for world TempleBlockOut
[2019.05.24-01.00.13:213][  0]LogEditorServer: Finished looking for orphan Actors (0.000 secs)
[2019.05.24-01.00.13:258][  0]Cmd: MAP CHECKDEP NOCLEARLOG
[2019.05.24-01.00.13:383][  0]MapCheck: Map check complete: 0 Error(s), 0 Warning(s), took 124.641ms to complete.
[2019.05.24-01.00.13:384][  0]LogFileHelpers: Loading map 'TempleBlockOut' took 4.189
[2019.05.24-01.00.13:655][  0]LogSlate: Updating window title bar state: overlay mode, drag disabled, window buttons hidden, title bar hidden
[2019.05.24-01.00.13:661][  0]LogSlate: Updating window title bar state: overlay mode, drag disabled, window buttons hidden, title bar hidden
[2019.05.24-01.00.13:667][  0]LogSlate: Updating window title bar state: overlay mode, drag disabled, window buttons hidden, title bar hidden
[2019.05.24-01.00.13:676][  0]LogSlate: Updating window title bar state: overlay mode, drag disabled, window buttons hidden, title bar hidden
[2019.05.24-01.00.13:681][  0]LogCollectionManager: Loaded 0 collections in 0.001694 seconds
[2019.05.24-01.00.13:731][  0]LogFileCache: Scanning file cache for directory 'C:/Users/Chris Justo/Documents/Unreal Projects/LightBringerAlpha/Saved/Collections/' took 0.01s
[2019.05.24-01.00.13:731][  0]LogFileCache: Scanning file cache for directory 'C:/Users/Chris Justo/Documents/Unreal Projects/LightBringerAlpha/Content/Developers/ChrisJusto/Collections/' took 0.01s
[2019.05.24-01.00.13:731][  0]LogFileCache: Scanning file cache for directory 'C:/Users/Chris Justo/Documents/Unreal Projects/LightBringerAlpha/Content/Collections/' took 0.01s
[2019.05.24-01.00.13:731][  0]LogCollectionManager: Rebuilt the GUID cache for 0 collections in 0.000001 seconds
[2019.05.24-01.00.13:739][  0]LogContentBrowser: Native class hierarchy populated in 0.0082 seconds. Added 2573 classes and 606 folders.
[2019.05.24-01.00.13:746][  0]LogContentBrowser: Native class hierarchy updated for 'WidgetCarousel' in 0.0002 seconds. Added 0 classes and 0 folders.
[2019.05.24-01.00.13:790][  0]LogContentBrowser: Native class hierarchy updated for 'AddContentDialog' in 0.0002 seconds. Added 0 classes and 0 folders.
[2019.05.24-01.00.13:795][  0]LogContentBrowser: Native class hierarchy updated for 'SceneOutliner' in 0.0002 seconds. Added 1 classes and 2 folders.
[2019.05.24-01.00.13:888][  0]LogSlate: Took 0.000398 seconds to synchronously load lazily loaded font '../../../Engine/Content/Slate/Fonts/Roboto-Regular.ttf' (155K)
[2019.05.24-01.00.13:890][  0]LogSlate: Took 0.000171 seconds to synchronously load lazily loaded font '../../../Engine/Content/Slate/Fonts/Roboto-Bold.ttf' (160K)
[2019.05.24-01.00.13:894][  0]LogSlate: Took 0.000201 seconds to synchronously load lazily loaded font '../../../Engine/Content/Editor/Slate/Fonts/FontAwesome.ttf' (139K)
[2019.05.24-01.00.13:896][  0]LogSlate: Took 0.000131 seconds to synchronously load lazily loaded font '../../../Engine/Content/Slate/Fonts/DroidSansMono.ttf' (77K)
[2019.05.24-01.00.13:980][  0]LogRenderer: Reallocating scene render targets to support 1344x628 Format 10 NumSamples 1 (Frame:1).
[2019.05.24-01.00.14:116][  0]LogContentBrowser: Native class hierarchy updated for 'HierarchicalLODOutliner' in 0.0002 seconds. Added 0 classes and 0 folders.
[2019.05.24-01.00.14:116][  0]LogLoad: (Engine Initialization) Total time: 11.77 seconds
[2019.05.24-01.00.14:116][  0]LogLoad: (Engine Initialization) Total Blueprint compile time: 0.00 seconds
[2019.05.24-01.00.14:162][  0]LogWindowsTextInputMethodSystem: Display: IME system now deactivated.
[2019.05.24-01.00.14:195][  0]LogAssetRegistry: Asset discovery search completed in 7.9541 seconds
[2019.05.24-01.00.14:197][  0]LogCollectionManager: Rebuilt the object cache for 0 collections in 0.000000 seconds (found 0 objects)
[2019.05.24-01.00.14:197][  0]LogCollectionManager: Fixed up redirectors for 0 collections in 0.000204 seconds (updated 0 objects)
[2019.05.24-01.00.14:207][  0]LogContentStreaming: Texture pool size now 1000 MB
[2019.05.24-01.00.14:272][  0]LogSlate: Took 0.000157 seconds to synchronously load lazily loaded font '../../../Engine/Content/Slate/Fonts/Roboto-Light.ttf' (167K)
[2019.05.24-01.00.15:151][ 50]LogSlate: Took 0.000205 seconds to synchronously load lazily loaded font '../../../Engine/Content/Slate/Fonts/Roboto-Light.ttf' (167K)
[2019.05.24-01.00.28:764][789]LogSlate: FSceneViewport::OnFocusLost() reason 0
[2019.05.24-01.00.33:490][ 34]LogSlate: FSceneViewport::OnFocusLost() reason 0
[2019.05.24-01.00.33:619][ 41]LogTemp: Repeating last play command: Selected Viewport
[2019.05.24-01.00.33:676][ 41]LogBlueprintUserMessages: Early PlayInEditor Detection: Level '/Game/Maps/TempleBlockOut.TempleBlockOut:PersistentLevel' has LevelScriptBlueprint '/Game/Maps/TempleBlockOut.TempleBlockOut:PersistentLevel.TempleBlockOut' with GeneratedClass '/Game/Maps/TempleBlockOut.TempleBlockOut_C' with ClassGeneratedBy '/Game/Maps/TempleBlockOut.TempleBlockOut:PersistentLevel.TempleBlockOut'
[2019.05.24-01.00.33:676][ 41]LogPlayLevel: PlayLevel: No blueprints needed recompiling
[2019.05.24-01.00.38:193][ 41]LogSlate: Window 'Message' being destroyed
[2019.05.24-01.00.38:209][ 41]PIE: New page: PIE session: TempleBlockOut (May 23, 2019, 11:00:38 AM)
[2019.05.24-01.00.38:209][ 41]LogPlayLevel: Creating play world package: /Game/Maps/UEDPIE_0_TempleBlockOut
[2019.05.24-01.00.38:240][ 41]LogPlayLevel: PIE: StaticDuplicateObject took: (0.030373s)
[2019.05.24-01.00.38:241][ 41]LogAIModule: Creating AISystem for world TempleBlockOut
[2019.05.24-01.00.38:241][ 41]LogPlayLevel: PIE: World Init took: (0.000952s)
[2019.05.24-01.00.38:242][ 41]LogPlayLevel: PIE: Created PIE world by copying editor world from /Game/Maps/TempleBlockOut.TempleBlockOut to /Game/Maps/UEDPIE_0_TempleBlockOut.TempleBlockOut (0.032059s)
[2019.05.24-01.00.38:275][ 41]LogInit: XAudio2 using 'Speakers (4- USB Audio CODEC )' : 2 channels at 48 kHz using 16 bits per sample (channel mask 0x3)
[2019.05.24-01.00.38:284][ 41]LogInit: FAudioDevice initialized.
[2019.05.24-01.00.38:385][ 41]LogLoad: Game class is 'myGameMode_C'
[2019.05.24-01.00.38:388][ 41]LogWorld: Bringing World /Game/Maps/UEDPIE_0_TempleBlockOut.TempleBlockOut up for play (max tick rate 0) at 2019.05.23-18.00.38
[2019.05.24-01.00.38:389][ 41]LogWorld: Bringing up level for play took: 0.002885
[2019.05.24-01.00.38:407][ 41]LogContentBrowser: Native class hierarchy updated for 'MovieSceneCapture' in 0.0005 seconds. Added 10 classes and 0 folders.
[2019.05.24-01.00.38:412][ 41]PIE: Play in editor start time for /Game/Maps/UEDPIE_0_TempleBlockOut 4.849
[2019.05.24-01.00.38:412][ 41]LogBlueprintUserMessages: Late PlayInEditor Detection: Level '/Game/Maps/TempleBlockOut.TempleBlockOut:PersistentLevel' has LevelScriptBlueprint '/Game/Maps/TempleBlockOut.TempleBlockOut:PersistentLevel.TempleBlockOut' with GeneratedClass '/Game/Maps/TempleBlockOut.TempleBlockOut_C' with ClassGeneratedBy '/Game/Maps/TempleBlockOut.TempleBlockOut:PersistentLevel.TempleBlockOut'
[2019.05.24-01.00.38:413][ 41]LogScript: Warning: Accessed None trying to read property ListenerRef
	bp_fistCharacter_C /Game/Maps/UEDPIE_0_TempleBlockOut.TempleBlockOut:PersistentLevel.bp_fistCharacter_5
	Function /Game/Blueprints/CharacterBP/bp_baseCharacter.bp_baseCharacter_C:check_Floor:0193
[2019.05.24-01.00.38:414][ 41]PIE: Error: Blueprint Runtime Error: "Accessed None trying to read property ListenerRef". Blueprint:  bp_baseCharacter Function:  Check Floor Graph:  check_Floor Node:  Add Time Spent Floating
[2019.05.24-01.00.38:428][ 41]LogAudio: Warning: Detected orphaned looping sound 'Disco_Inferno'.
[2019.05.24-01.00.38:927][ 55]LogBlueprintUserMessages: [Listener_C_0] 1
[2019.05.24-01.00.44:389][363]LogBlueprintUserMessages: [Listener_C_0] 2
[2019.05.24-01.00.44:684][392]LogBlueprintUserMessages: [bp_fistAI_02_C_0] PING
[2019.05.24-01.00.44:685][392]LogScript: Warning: Accessed None trying to read property ListenerRef
	bp_fistCharacter_C /Game/Maps/UEDPIE_0_TempleBlockOut.TempleBlockOut:PersistentLevel.bp_fistCharacter_5
	Function /Game/Blueprints/CharacterBP/bp_baseCharacter.bp_baseCharacter_C:lATK_chooseAttack:04D6
[2019.05.24-01.00.44:686][392]PIE: Error: Blueprint Runtime Error: "Accessed None trying to read property ListenerRef". Blueprint:  bp_baseCharacter Function:  L ATK Choose Attack Graph:  lATK_chooseAttack Node:  Add Light Swing
[2019.05.24-01.00.46:871][512]LogBlueprintUserMessages: Early EndPlayMap Detection: Level '/Game/Maps/TempleBlockOut.TempleBlockOut:PersistentLevel' has LevelScriptBlueprint '/Game/Maps/TempleBlockOut.TempleBlockOut:PersistentLevel.TempleBlockOut' with GeneratedClass '/Game/Maps/TempleBlockOut.TempleBlockOut_C' with ClassGeneratedBy '/Game/Maps/TempleBlockOut.TempleBlockOut:PersistentLevel.TempleBlockOut'
[2019.05.24-01.00.46:872][512]LogSlate: Updating window title bar state: overlay mode, drag disabled, window buttons hidden, title bar hidden
[2019.05.24-01.00.46:942][512]LogPlayLevel: Display: Shutting down PIE online subsystems
[2019.05.24-01.00.46:943][512]LogBlueprintUserMessages: Late EndPlayMap Detection: Level '/Game/Maps/TempleBlockOut.TempleBlockOut:PersistentLevel' has LevelScriptBlueprint '/Game/Maps/TempleBlockOut.TempleBlockOut:PersistentLevel.TempleBlockOut' with GeneratedClass '/Game/Maps/TempleBlockOut.TempleBlockOut_C' with ClassGeneratedBy '/Game/Maps/TempleBlockOut.TempleBlockOut:PersistentLevel.TempleBlockOut'
[2019.05.24-01.00.46:968][512]LogSlate: Updating window title bar state: overlay mode, drag disabled, window buttons hidden, title bar hidden
[2019.05.24-01.00.47:177][513]LogPlayLevel: Display: Destroying online subsystem :Context_1
[2019.05.24-01.00.48:609][582]LogSlate: FSceneViewport::OnFocusLost() reason 0
[2019.05.24-01.00.52:843][792]LogSlate: Window 'Message Log' being destroyed
[2019.05.24-01.00.52:847][792]LogSlate: Window 'Message Log' being destroyed
[2019.05.24-01.00.54:683][879]LogSlate: FSceneViewport::OnFocusLost() reason 0
[2019.05.24-01.01.02:152][252]LogSlate: FSceneViewport::OnFocusLost() reason 0
[2019.05.24-01.01.02:244][260]LogTemp: Repeating last play command: Selected Viewport
[2019.05.24-01.01.02:263][260]LogBlueprintUserMessages: Early PlayInEditor Detection: Level '/Game/Maps/TempleBlockOut.TempleBlockOut:PersistentLevel' has LevelScriptBlueprint '/Game/Maps/TempleBlockOut.TempleBlockOut:PersistentLevel.TempleBlockOut' with GeneratedClass '/Game/Maps/TempleBlockOut.TempleBlockOut_C' with ClassGeneratedBy '/Game/Maps/TempleBlockOut.TempleBlockOut:PersistentLevel.TempleBlockOut'
[2019.05.24-01.01.02:264][260]LogPlayLevel: PlayLevel: No blueprints needed recompiling
[2019.05.24-01.01.02:264][260]PIE: New page: PIE session: TempleBlockOut (May 23, 2019, 11:01:02 AM)
[2019.05.24-01.01.02:264][260]LogPlayLevel: Creating play world package: /Game/Maps/UEDPIE_0_TempleBlockOut
[2019.05.24-01.01.02:291][260]LogPlayLevel: PIE: StaticDuplicateObject took: (0.026848s)
[2019.05.24-01.01.02:292][260]LogAIModule: Creating AISystem for world TempleBlockOut
[2019.05.24-01.01.02:292][260]LogPlayLevel: PIE: World Init took: (0.000943s)
[2019.05.24-01.01.02:293][260]LogPlayLevel: PIE: Created PIE world by copying editor world from /Game/Maps/TempleBlockOut.TempleBlockOut to /Game/Maps/UEDPIE_0_TempleBlockOut.TempleBlockOut (0.028231s)
[2019.05.24-01.01.02:327][260]LogInit: XAudio2 using 'Speakers (4- USB Audio CODEC )' : 2 channels at 48 kHz using 16 bits per sample (channel mask 0x3)
[2019.05.24-01.01.02:334][260]LogInit: FAudioDevice initialized.
[2019.05.24-01.01.02:362][260]LogLoad: Game class is 'myGameMode_C'
[2019.05.24-01.01.02:365][260]LogWorld: Bringing World /Game/Maps/UEDPIE_0_TempleBlockOut.TempleBlockOut up for play (max tick rate 0) at 2019.05.23-18.01.02
[2019.05.24-01.01.02:366][260]LogWorld: Bringing up level for play took: 0.002346
[2019.05.24-01.01.02:381][260]PIE: Play in editor start time for /Game/Maps/UEDPIE_0_TempleBlockOut 0.819
[2019.05.24-01.01.02:382][260]LogBlueprintUserMessages: Late PlayInEditor Detection: Level '/Game/Maps/TempleBlockOut.TempleBlockOut:PersistentLevel' has LevelScriptBlueprint '/Game/Maps/TempleBlockOut.TempleBlockOut:PersistentLevel.TempleBlockOut' with GeneratedClass '/Game/Maps/TempleBlockOut.TempleBlockOut_C' with ClassGeneratedBy '/Game/Maps/TempleBlockOut.TempleBlockOut:PersistentLevel.TempleBlockOut'
[2019.05.24-01.01.02:383][260]LogScript: Warning: Accessed None trying to read property ListenerRef
	bp_fistCharacter_C /Game/Maps/UEDPIE_0_TempleBlockOut.TempleBlockOut:PersistentLevel.bp_fistCharacter_5
	Function /Game/Blueprints/CharacterBP/bp_baseCharacter.bp_baseCharacter_C:check_Floor:0193
[2019.05.24-01.01.02:383][260]PIE: Error: Blueprint Runtime Error: "Accessed None trying to read property ListenerRef". Blueprint:  bp_baseCharacter Function:  Check Floor Graph:  check_Floor Node:  Add Time Spent Floating
[2019.05.24-01.01.02:398][260]LogAudio: Warning: Detected orphaned looping sound 'Disco_Inferno'.
[2019.05.24-01.01.02:410][261]LogScript: Warning: Accessed None trying to read property ListenerRef
	bp_fistCharacter_C /Game/Maps/UEDPIE_0_TempleBlockOut.TempleBlockOut:PersistentLevel.bp_fistCharacter_5
	Function /Game/Blueprints/CharacterBP/bp_baseCharacter.bp_baseCharacter_C:check_Floor:0193
[2019.05.24-01.01.02:411][261]PIE: Error: Blueprint Runtime Error: "Accessed None trying to read property ListenerRef". Blueprint:  bp_baseCharacter Function:  Check Floor Graph:  check_Floor Node:  Add Time Spent Floating
[2019.05.24-01.01.02:419][262]LogScript: Warning: Accessed None trying to read property ListenerRef
	bp_fistCharacter_C /Game/Maps/UEDPIE_0_TempleBlockOut.TempleBlockOut:PersistentLevel.bp_fistCharacter_5
	Function /Game/Blueprints/CharacterBP/bp_baseCharacter.bp_baseCharacter_C:check_Floor:0193
[2019.05.24-01.01.02:419][262]PIE: Error: Blueprint Runtime Error: "Accessed None trying to read property ListenerRef". Blueprint:  bp_baseCharacter Function:  Check Floor Graph:  check_Floor Node:  Add Time Spent Floating
[2019.05.24-01.01.02:426][263]LogScript: Warning: Accessed None trying to read property ListenerRef
	bp_fistCharacter_C /Game/Maps/UEDPIE_0_TempleBlockOut.TempleBlockOut:PersistentLevel.bp_fistCharacter_5
	Function /Game/Blueprints/CharacterBP/bp_baseCharacter.bp_baseCharacter_C:check_Floor:0193
[2019.05.24-01.01.02:427][263]PIE: Error: Blueprint Runtime Error: "Accessed None trying to read property ListenerRef". Blueprint:  bp_baseCharacter Function:  Check Floor Graph:  check_Floor Node:  Add Time Spent Floating
[2019.05.24-01.01.02:435][264]LogScript: Warning: Accessed None trying to read property ListenerRef
	bp_fistCharacter_C /Game/Maps/UEDPIE_0_TempleBlockOut.TempleBlockOut:PersistentLevel.bp_fistCharacter_5
	Function /Game/Blueprints/CharacterBP/bp_baseCharacter.bp_baseCharacter_C:check_Floor:0193
[2019.05.24-01.01.02:436][264]PIE: Error: Blueprint Runtime Error: "Accessed None trying to read property ListenerRef". Blueprint:  bp_baseCharacter Function:  Check Floor Graph:  check_Floor Node:  Add Time Spent Floating
[2019.05.24-01.01.02:443][265]LogScript: Warning: Accessed None trying to read property ListenerRef
	bp_fistCharacter_C /Game/Maps/UEDPIE_0_TempleBlockOut.TempleBlockOut:PersistentLevel.bp_fistCharacter_5
	Function /Game/Blueprints/CharacterBP/bp_baseCharacter.bp_baseCharacter_C:check_Floor:0193
[2019.05.24-01.01.02:444][265]PIE: Error: Blueprint Runtime Error: "Accessed None trying to read property ListenerRef". Blueprint:  bp_baseCharacter Function:  Check Floor Graph:  check_Floor Node:  Add Time Spent Floating
[2019.05.24-01.01.02:452][266]LogScript: Warning: Accessed None trying to read property ListenerRef
	bp_fistCharacter_C /Game/Maps/UEDPIE_0_TempleBlockOut.TempleBlockOut:PersistentLevel.bp_fistCharacter_5
	Function /Game/Blueprints/CharacterBP/bp_baseCharacter.bp_baseCharacter_C:check_Floor:0193
[2019.05.24-01.01.02:453][266]PIE: Error: Blueprint Runtime Error: "Accessed None trying to read property ListenerRef". Blueprint:  bp_baseCharacter Function:  Check Floor Graph:  check_Floor Node:  Add Time Spent Floating
[2019.05.24-01.01.02:508][267]LogScript: Warning: Accessed None trying to read property ListenerRef
	bp_fistCharacter_C /Game/Maps/UEDPIE_0_TempleBlockOut.TempleBlockOut:PersistentLevel.bp_fistCharacter_5
	Function /Game/Blueprints/CharacterBP/bp_baseCharacter.bp_baseCharacter_C:check_Floor:0193
[2019.05.24-01.01.02:509][267]PIE: Error: Blueprint Runtime Error: "Accessed None trying to read property ListenerRef". Blueprint:  bp_baseCharacter Function:  Check Floor Graph:  check_Floor Node:  Add Time Spent Floating
[2019.05.24-01.01.02:529][268]LogScript: Warning: Accessed None trying to read property ListenerRef
	bp_fistCharacter_C /Game/Maps/UEDPIE_0_TempleBlockOut.TempleBlockOut:PersistentLevel.bp_fistCharacter_5
	Function /Game/Blueprints/CharacterBP/bp_baseCharacter.bp_baseCharacter_C:check_Floor:0193
[2019.05.24-01.01.02:529][268]PIE: Error: Blueprint Runtime Error: "Accessed None trying to read property ListenerRef". Blueprint:  bp_baseCharacter Function:  Check Floor Graph:  check_Floor Node:  Add Time Spent Floating
[2019.05.24-01.01.02:565][269]LogScript: Warning: Accessed None trying to read property ListenerRef
	bp_fistCharacter_C /Game/Maps/UEDPIE_0_TempleBlockOut.TempleBlockOut:PersistentLevel.bp_fistCharacter_5
	Function /Game/Blueprints/CharacterBP/bp_baseCharacter.bp_baseCharacter_C:check_Floor:0193
[2019.05.24-01.01.02:566][269]PIE: Error: Blueprint Runtime Error: "Accessed None trying to read property ListenerRef". Blueprint:  bp_baseCharacter Function:  Check Floor Graph:  check_Floor Node:  Add Time Spent Floating
[2019.05.24-01.01.02:575][270]LogScript: Warning: Accessed None trying to read property ListenerRef
	bp_fistCharacter_C /Game/Maps/UEDPIE_0_TempleBlockOut.TempleBlockOut:PersistentLevel.bp_fistCharacter_5
	Function /Game/Blueprints/CharacterBP/bp_baseCharacter.bp_baseCharacter_C:check_Floor:0193
[2019.05.24-01.01.02:575][270]PIE: Error: Blueprint Runtime Error: "Accessed None trying to read property ListenerRef". Blueprint:  bp_baseCharacter Function:  Check Floor Graph:  check_Floor Node:  Add Time Spent Floating
[2019.05.24-01.01.02:798][275]LogBlueprintUserMessages: [Listener_C_0] 1
[2019.05.24-01.01.07:622][546]LogBlueprintUserMessages: [Listener_C_0] 2
[2019.05.24-01.01.07:774][558]LogBlueprintUserMessages: [bp_fistAI_02_C_0] PING
[2019.05.24-01.01.07:774][558]LogScript: Warning: Accessed None trying to read property ListenerRef
	bp_fistCharacter_C /Game/Maps/UEDPIE_0_TempleBlockOut.TempleBlockOut:PersistentLevel.bp_fistCharacter_5
	Function /Game/Blueprints/CharacterBP/bp_baseCharacter.bp_baseCharacter_C:lATK_chooseAttack:04D6
[2019.05.24-01.01.07:774][558]PIE: Error: Blueprint Runtime Error: "Accessed None trying to read property ListenerRef". Blueprint:  bp_baseCharacter Function:  L ATK Choose Attack Graph:  lATK_chooseAttack Node:  Add Light Swing
[2019.05.24-01.01.09:851][672]LogBlueprintUserMessages: Early EndPlayMap Detection: Level '/Game/Maps/TempleBlockOut.TempleBlockOut:PersistentLevel' has LevelScriptBlueprint '/Game/Maps/TempleBlockOut.TempleBlockOut:PersistentLevel.TempleBlockOut' with GeneratedClass '/Game/Maps/TempleBlockOut.TempleBlockOut_C' with ClassGeneratedBy '/Game/Maps/TempleBlockOut.TempleBlockOut:PersistentLevel.TempleBlockOut'
[2019.05.24-01.01.09:852][672]LogSlate: Updating window title bar state: overlay mode, drag disabled, window buttons hidden, title bar hidden
[2019.05.24-01.01.09:927][672]LogPlayLevel: Display: Shutting down PIE online subsystems
[2019.05.24-01.01.09:928][672]LogBlueprintUserMessages: Late EndPlayMap Detection: Level '/Game/Maps/TempleBlockOut.TempleBlockOut:PersistentLevel' has LevelScriptBlueprint '/Game/Maps/TempleBlockOut.TempleBlockOut:PersistentLevel.TempleBlockOut' with GeneratedClass '/Game/Maps/TempleBlockOut.TempleBlockOut_C' with ClassGeneratedBy '/Game/Maps/TempleBlockOut.TempleBlockOut:PersistentLevel.TempleBlockOut'
[2019.05.24-01.01.09:952][672]LogSlate: Updating window title bar state: overlay mode, drag disabled, window buttons hidden, title bar hidden
[2019.05.24-01.01.10:031][673]LogPlayLevel: Display: Destroying online subsystem :Context_4
[2019.05.24-01.01.11:747][754]LogSlate: FSceneViewport::OnFocusLost() reason 0
[2019.05.24-01.01.13:305][839]LogEditorActor: Deleted Actor: Listener_C
[2019.05.24-01.01.13:328][839]LogEditorActor: Deleted 1 Actors (0.028 secs)
[2019.05.24-01.01.16:620][ 13]LogSlate: FSceneViewport::OnFocusLost() reason 0
[2019.05.24-01.01.22:328][298]LogAssetEditorManager: Opening Asset editor for Blueprint /Game/Blueprints/CharacterBP/bp_baseCharacter.bp_baseCharacter
[2019.05.24-01.01.22:750][298]LogContentBrowser: Native class hierarchy updated for 'BlueprintGraph' in 0.0005 seconds. Added 116 classes and 0 folders.
[2019.05.24-01.01.23:858][298]LogSlate: Took 0.000159 seconds to synchronously load lazily loaded font '../../../Engine/Content/Slate/Fonts/Roboto-BoldCondensed.ttf' (158K)
[2019.05.24-01.01.25:465][367]LogSlate: Took 0.000175 seconds to synchronously load lazily loaded font '../../../Engine/Content/Slate/Fonts/Roboto-Italic.ttf' (157K)
[2019.05.24-01.01.36:735][838]BlueprintLog: New page: Compile bp_baseCharacter
[2019.05.24-01.01.42:477][ 63]LogSlate: FSceneViewport::OnFocusLost() reason 0
[2019.05.24-01.01.42:634][ 67]LogTemp: Repeating last play command: Selected Viewport
[2019.05.24-01.01.42:702][ 67]LogBlueprintUserMessages: Early PlayInEditor Detection: Level '/Game/Maps/TempleBlockOut.TempleBlockOut:PersistentLevel' has LevelScriptBlueprint '/Game/Maps/TempleBlockOut.TempleBlockOut:PersistentLevel.TempleBlockOut' with GeneratedClass '/Game/Maps/TempleBlockOut.TempleBlockOut_C' with ClassGeneratedBy '/Game/Maps/TempleBlockOut.TempleBlockOut:PersistentLevel.TempleBlockOut'
[2019.05.24-01.01.42:703][ 67]LogPlayLevel: PlayLevel: No blueprints needed recompiling
[2019.05.24-01.01.42:703][ 67]PIE: New page: PIE session: TempleBlockOut (May 23, 2019, 11:01:42 AM)
[2019.05.24-01.01.42:704][ 67]LogPlayLevel: Creating play world package: /Game/Maps/UEDPIE_0_TempleBlockOut
[2019.05.24-01.01.42:730][ 67]LogPlayLevel: PIE: StaticDuplicateObject took: (0.025618s)
[2019.05.24-01.01.42:731][ 67]LogAIModule: Creating AISystem for world TempleBlockOut
[2019.05.24-01.01.42:731][ 67]LogPlayLevel: PIE: World Init took: (0.000953s)
[2019.05.24-01.01.42:731][ 67]LogPlayLevel: PIE: Created PIE world by copying editor world from /Game/Maps/TempleBlockOut.TempleBlockOut to /Game/Maps/UEDPIE_0_TempleBlockOut.TempleBlockOut (0.027035s)
[2019.05.24-01.01.42:778][ 67]LogInit: XAudio2 using 'Speakers (4- USB Audio CODEC )' : 2 channels at 48 kHz using 16 bits per sample (channel mask 0x3)
[2019.05.24-01.01.42:791][ 67]LogInit: FAudioDevice initialized.
[2019.05.24-01.01.42:877][ 67]LogLoad: Game class is 'myGameMode_C'
[2019.05.24-01.01.42:886][ 67]LogWorld: Bringing World /Game/Maps/UEDPIE_0_TempleBlockOut.TempleBlockOut up for play (max tick rate 0) at 2019.05.23-18.01.42
[2019.05.24-01.01.42:887][ 67]LogWorld: Bringing up level for play took: 0.008377
[2019.05.24-01.01.42:902][ 67]PIE: Play in editor start time for /Game/Maps/UEDPIE_0_TempleBlockOut -0.661
[2019.05.24-01.01.42:902][ 67]LogBlueprintUserMessages: Late PlayInEditor Detection: Level '/Game/Maps/TempleBlockOut.TempleBlockOut:PersistentLevel' has LevelScriptBlueprint '/Game/Maps/TempleBlockOut.TempleBlockOut:PersistentLevel.TempleBlockOut' with GeneratedClass '/Game/Maps/TempleBlockOut.TempleBlockOut_C' with ClassGeneratedBy '/Game/Maps/TempleBlockOut.TempleBlockOut:PersistentLevel.TempleBlockOut'
[2019.05.24-01.01.42:905][ 67]LogAudio: Warning: Detected orphaned looping sound 'Disco_Inferno'.
[2019.05.24-01.01.43:164][ 74]LogBlueprintUserMessages: [Listener_C_0] 1
[2019.05.24-01.01.46:768][281]LogBlueprintUserMessages: Early EndPlayMap Detection: Level '/Game/Maps/TempleBlockOut.TempleBlockOut:PersistentLevel' has LevelScriptBlueprint '/Game/Maps/TempleBlockOut.TempleBlockOut:PersistentLevel.TempleBlockOut' with GeneratedClass '/Game/Maps/TempleBlockOut.TempleBlockOut_C' with ClassGeneratedBy '/Game/Maps/TempleBlockOut.TempleBlockOut:PersistentLevel.TempleBlockOut'
[2019.05.24-01.01.46:769][281]LogSlate: Updating window title bar state: overlay mode, drag disabled, window buttons hidden, title bar hidden
[2019.05.24-01.01.46:847][281]LogPlayLevel: Display: Shutting down PIE online subsystems
[2019.05.24-01.01.46:848][281]LogBlueprintUserMessages: Late EndPlayMap Detection: Level '/Game/Maps/TempleBlockOut.TempleBlockOut:PersistentLevel' has LevelScriptBlueprint '/Game/Maps/TempleBlockOut.TempleBlockOut:PersistentLevel.TempleBlockOut' with GeneratedClass '/Game/Maps/TempleBlockOut.TempleBlockOut_C' with ClassGeneratedBy '/Game/Maps/TempleBlockOut.TempleBlockOut:PersistentLevel.TempleBlockOut'
[2019.05.24-01.01.46:877][281]LogSlate: Updating window title bar state: overlay mode, drag disabled, window buttons hidden, title bar hidden
[2019.05.24-01.01.46:931][282]LogPlayLevel: Display: Destroying online subsystem :Context_6
[2019.05.24-01.01.50:973][482]LogSlate: FSceneViewport::OnFocusLost() reason 0
[2019.05.24-01.01.51:214][486]LogAssetEditorManager: Opening Asset editor for Blueprint /Game/Blueprints/MetricListener/Listener.Listener
[2019.05.24-01.01.55:962][669]BlueprintLog: New page: Compile Listener
[2019.05.24-01.01.58:615][769]LogTemp: Repeating last play command: Selected Viewport
[2019.05.24-01.01.58:662][769]LogBlueprintUserMessages: Early PlayInEditor Detection: Level '/Game/Maps/TempleBlockOut.TempleBlockOut:PersistentLevel' has LevelScriptBlueprint '/Game/Maps/TempleBlockOut.TempleBlockOut:PersistentLevel.TempleBlockOut' with GeneratedClass '/Game/Maps/TempleBlockOut.TempleBlockOut_C' with ClassGeneratedBy '/Game/Maps/TempleBlockOut.TempleBlockOut:PersistentLevel.TempleBlockOut'
[2019.05.24-01.01.58:662][769]LogPlayLevel: PlayLevel: No blueprints needed recompiling
[2019.05.24-01.01.58:662][769]PIE: New page: PIE session: TempleBlockOut (May 23, 2019, 11:01:58 AM)
[2019.05.24-01.01.58:663][769]LogPlayLevel: Creating play world package: /Game/Maps/UEDPIE_0_TempleBlockOut
[2019.05.24-01.01.58:689][769]LogPlayLevel: PIE: StaticDuplicateObject took: (0.026561s)
[2019.05.24-01.01.58:690][769]LogAIModule: Creating AISystem for world TempleBlockOut
[2019.05.24-01.01.58:690][769]LogPlayLevel: PIE: World Init took: (0.000674s)
[2019.05.24-01.01.58:690][769]LogPlayLevel: PIE: Created PIE world by copying editor world from /Game/Maps/TempleBlockOut.TempleBlockOut to /Game/Maps/UEDPIE_0_TempleBlockOut.TempleBlockOut (0.027613s)
[2019.05.24-01.01.58:733][769]LogInit: XAudio2 using 'Speakers (4- USB Audio CODEC )' : 2 channels at 48 kHz using 16 bits per sample (channel mask 0x3)
[2019.05.24-01.01.58:750][769]LogInit: FAudioDevice initialized.
[2019.05.24-01.01.58:843][769]LogLoad: Game class is 'myGameMode_C'
[2019.05.24-01.01.58:851][769]LogWorld: Bringing World /Game/Maps/UEDPIE_0_TempleBlockOut.TempleBlockOut up for play (max tick rate 0) at 2019.05.23-18.01.58
[2019.05.24-01.01.58:852][769]LogWorld: Bringing up level for play took: 0.008449
[2019.05.24-01.01.58:868][769]PIE: Play in editor start time for /Game/Maps/UEDPIE_0_TempleBlockOut -0.694
[2019.05.24-01.01.58:868][769]LogBlueprintUserMessages: Late PlayInEditor Detection: Level '/Game/Maps/TempleBlockOut.TempleBlockOut:PersistentLevel' has LevelScriptBlueprint '/Game/Maps/TempleBlockOut.TempleBlockOut:PersistentLevel.TempleBlockOut' with GeneratedClass '/Game/Maps/TempleBlockOut.TempleBlockOut_C' with ClassGeneratedBy '/Game/Maps/TempleBlockOut.TempleBlockOut:PersistentLevel.TempleBlockOut'
[2019.05.24-01.01.58:870][769]LogAudio: Warning: Detected orphaned looping sound 'Disco_Inferno'.
[2019.05.24-01.01.59:151][794]LogBlueprintUserMessages: [Listener_C_0] 1
[2019.05.24-01.02.03:799][ 50]LogBlueprintUserMessages: [Listener_C_0] 2
[2019.05.24-01.02.05:098][122]LogBlueprintUserMessages: Early EndPlayMap Detection: Level '/Game/Maps/TempleBlockOut.TempleBlockOut:PersistentLevel' has LevelScriptBlueprint '/Game/Maps/TempleBlockOut.TempleBlockOut:PersistentLevel.TempleBlockOut' with GeneratedClass '/Game/Maps/TempleBlockOut.TempleBlockOut_C' with ClassGeneratedBy '/Game/Maps/TempleBlockOut.TempleBlockOut:PersistentLevel.TempleBlockOut'
[2019.05.24-01.02.05:099][122]LogSlate: Updating window title bar state: overlay mode, drag disabled, window buttons hidden, title bar hidden
[2019.05.24-01.02.05:173][122]LogPlayLevel: Display: Shutting down PIE online subsystems
[2019.05.24-01.02.05:174][122]LogBlueprintUserMessages: Late EndPlayMap Detection: Level '/Game/Maps/TempleBlockOut.TempleBlockOut:PersistentLevel' has LevelScriptBlueprint '/Game/Maps/TempleBlockOut.TempleBlockOut:PersistentLevel.TempleBlockOut' with GeneratedClass '/Game/Maps/TempleBlockOut.TempleBlockOut_C' with ClassGeneratedBy '/Game/Maps/TempleBlockOut.TempleBlockOut:PersistentLevel.TempleBlockOut'
[2019.05.24-01.02.05:208][122]LogSlate: Updating window title bar state: overlay mode, drag disabled, window buttons hidden, title bar hidden
[2019.05.24-01.02.05:264][123]LogPlayLevel: Display: Destroying online subsystem :Context_8
[2019.05.24-01.02.06:309][178]LogSlate: FSceneViewport::OnFocusLost() reason 0
[2019.05.24-01.02.08:130][186]LogSlate: Window 'Save Content' being destroyed
[2019.05.24-01.02.08:324][186]LogSlate: Window 'Listener*' being destroyed
[2019.05.24-01.02.08:361][186]LogActorComponent: UnregisterComponent: (/Engine/Transient.EditorFloorComp) Not registered. Aborting.
[2019.05.24-01.02.08:411][186]LogSlate: Window 'Message Log' being destroyed
[2019.05.24-01.02.08:414][186]LogSlate: Window 'LightBringer_Alpha - Unreal Editor' being destroyed
[2019.05.24-01.02.08:600][187]Cmd: QUIT_EDITOR
[2019.05.24-01.02.09:498][187]LogWindowsTextInputMethodSystem: Display: IME system now deactivated.
[2019.05.24-01.02.09:509][187]LogExit: Preparing to exit.
[2019.05.24-01.02.09:968][187]LogExit: Editor shut down
[2019.05.24-01.02.09:969][187]LogExit: Transaction tracking system shut down
[2019.05.24-01.02.10:227][187]LogExit: Object subsystem successfully closed.
[2019.05.24-01.02.10:244][187]LogShaderCompilers: Display: Shaders left to compile 0
[2019.05.24-01.02.10:246][187]LogD3D11RHI: Shutdown
[2019.05.24-01.02.10:246][187]LogD3D11RHI: CleanupD3DDevice
[2019.05.24-01.02.10:248][187]LogD3D11RHI: ~FD3D11DynamicRHI
[2019.05.24-01.02.10:266][187]LogModuleManager: Shutting down and abandoning module BlueprintGraph (620)
[2019.05.24-01.02.10:266][187]LogModuleManager: Shutting down and abandoning module MovieSceneCapture (618)
[2019.05.24-01.02.10:266][187]LogModuleManager: Shutting down and abandoning module Voice (616)
[2019.05.24-01.02.10:266][187]LogModuleManager: Shutting down and abandoning module HierarchicalLODOutliner (614)
[2019.05.24-01.02.10:266][187]LogModuleManager: Shutting down and abandoning module SceneOutliner (612)
[2019.05.24-01.02.10:266][187]LogModuleManager: Shutting down and abandoning module AddContentDialog (610)
[2019.05.24-01.02.10:266][187]LogModuleManager: Shutting down and abandoning module WidgetCarousel (609)
[2019.05.24-01.02.10:266][187]LogModuleManager: Shutting down and abandoning module EditorWidgets (606)
[2019.05.24-01.02.10:266][187]LogModuleManager: Shutting down and abandoning module CollectionManager (604)
[2019.05.24-01.02.10:266][187]LogModuleManager: Shutting down and abandoning module StatsViewer (602)
[2019.05.24-01.02.10:266][187]LogModuleManager: Shutting down and abandoning module FoliageEdit (600)
[2019.05.24-01.02.10:266][187]LogModuleManager: Shutting down and abandoning module LandscapeEditor (598)
[2019.05.24-01.02.10:266][187]LogModuleManager: Shutting down and abandoning module MeshPaintMode (596)
[2019.05.24-01.02.10:266][187]LogModuleManager: Shutting down and abandoning module SceneDepthPickerMode (594)
[2019.05.24-01.02.10:266][187]LogModuleManager: Shutting down and abandoning module ActorPickerMode (592)
[2019.05.24-01.02.10:266][187]LogModuleManager: Shutting down and abandoning module GeometryMode (590)
[2019.05.24-01.02.10:266][187]LogModuleManager: Shutting down and abandoning module TextureAlignMode (588)
[2019.05.24-01.02.10:266][187]LogModuleManager: Shutting down and abandoning module BspMode (586)
[2019.05.24-01.02.10:266][187]LogModuleManager: Shutting down and abandoning module PIEPreviewDeviceProfileSelector (584)
[2019.05.24-01.02.10:267][187]LogModuleManager: Shutting down and abandoning module SequenceRecorderSections (582)
[2019.05.24-01.02.10:267][187]LogModuleManager: Shutting down and abandoning module AutomationWorker (580)
[2019.05.24-01.02.10:267][187]LogModuleManager: Shutting down and abandoning module AudioCaptureEditor (578)
[2019.05.24-01.02.10:267][187]LogModuleManager: Shutting down and abandoning module SequenceRecorder (577)
[2019.05.24-01.02.10:267][187]LogModuleManager: Shutting down and abandoning module MatineeToLevelSequence (574)
[2019.05.24-01.02.10:267][187]LogModuleManager: Shutting down and abandoning module LevelSequenceEditor (572)
[2019.05.24-01.02.10:267][187]LogModuleManager: Shutting down and abandoning module PlacementMode (571)
[2019.05.24-01.02.10:267][187]LogModuleManager: Shutting down and abandoning module MaterialEditor (570)
[2019.05.24-01.02.10:267][187]LogModuleManager: Shutting down and abandoning module WmfMediaFactory (566)
[2019.05.24-01.02.10:267][187]LogModuleManager: Shutting down and abandoning module WmfMediaEditor (564)
[2019.05.24-01.02.10:267][187]LogModuleManager: Shutting down and abandoning module MediaPlayerEditor (562)
[2019.05.24-01.02.10:267][187]LogModuleManager: Shutting down and abandoning module OpenExrWrapper (560)
[2019.05.24-01.02.10:267][187]LogModuleManager: Shutting down and abandoning module ImgMediaFactory (558)
[2019.05.24-01.02.10:267][187]LogModuleManager: Shutting down and abandoning module ImgMediaEditor (556)
[2019.05.24-01.02.10:267][187]LogModuleManager: Shutting down and abandoning module AvfMediaFactory (554)
[2019.05.24-01.02.10:267][187]LogModuleManager: Shutting down and abandoning module AvfMediaEditor (552)
[2019.05.24-01.02.10:267][187]LogModuleManager: Shutting down and abandoning module AndroidMediaFactory (550)
[2019.05.24-01.02.10:267][187]LogModuleManager: Shutting down and abandoning module AndroidMediaEditor (548)
[2019.05.24-01.02.10:267][187]LogModuleManager: Shutting down and abandoning module MagicLeapCameraPreviewFactory (546)
[2019.05.24-01.02.10:267][187]LogModuleManager: Shutting down and abandoning module MagicLeapMediaFactory (544)
[2019.05.24-01.02.10:267][187]LogModuleManager: Shutting down and abandoning module MagicLeapMediaEditor (542)
[2019.05.24-01.02.10:267][187]LogModuleManager: Shutting down and abandoning module CharacterAI (540)
[2019.05.24-01.02.10:267][187]LogModuleManager: Shutting down and abandoning module SmartSnapping (538)
[2019.05.24-01.02.10:267][187]LogModuleManager: Shutting down and abandoning module SessionServices (536)
[2019.05.24-01.02.10:267][187]LogModuleManager: Shutting down and abandoning module ViewportSnapping (534)
[2019.05.24-01.02.10:267][187]LogModuleManager: Shutting down and abandoning module ViewportInteraction (532)
[2019.05.24-01.02.10:267][187]LogModuleManager: Shutting down and abandoning module ClothPainter (530)
[2019.05.24-01.02.10:267][187]LogModuleManager: Shutting down and abandoning module SkeletalMeshEditor (529)
[2019.05.24-01.02.10:267][187]LogModuleManager: Shutting down and abandoning module LogVisualizer (526)
[2019.05.24-01.02.10:267][187]LogModuleManager: Shutting down and abandoning module IntroTutorials (524)
[2019.05.24-01.02.10:267][187]LogModuleManager: Shutting down and abandoning module GameProjectGeneration (523)
[2019.05.24-01.02.10:267][187]LogModuleManager: Shutting down and abandoning module LuminPlatformEditor (520)
[2019.05.24-01.02.10:267][187]LogModuleManager: Shutting down and abandoning module IOSPlatformEditor (518)
[2019.05.24-01.02.10:267][187]LogModuleManager: Shutting down and abandoning module HTML5PlatformEditor (516)
[2019.05.24-01.02.10:267][187]LogModuleManager: Shutting down and abandoning module AndroidPlatformEditor (514)
[2019.05.24-01.02.10:267][187]LogModuleManager: Shutting down and abandoning module AndroidDeviceDetection (513)
[2019.05.24-01.02.10:972][187]LogModuleManager: Shutting down and abandoning module WindowsPlatformEditor (510)
[2019.05.24-01.02.10:972][187]LogModuleManager: Shutting down and abandoning module LuminRuntimeSettings (508)
[2019.05.24-01.02.10:972][187]LogModuleManager: Shutting down and abandoning module IOSRuntimeSettings (506)
[2019.05.24-01.02.10:972][187]LogModuleManager: Shutting down and abandoning module AndroidRuntimeSettings (504)
[2019.05.24-01.02.10:972][187]LogModuleManager: Shutting down and abandoning module InputBindingEditor (502)
[2019.05.24-01.02.10:972][187]LogModuleManager: Shutting down and abandoning module MergeActors (500)
[2019.05.24-01.02.10:972][187]LogModuleManager: Shutting down and abandoning module LocalizationDashboard (498)
[2019.05.24-01.02.10:972][187]LogModuleManager: Shutting down and abandoning module LocalizationService (497)
[2019.05.24-01.02.10:972][187]LogModuleManager: Shutting down and abandoning module HardwareTargeting (494)
[2019.05.24-01.02.10:972][187]LogModuleManager: Shutting down and abandoning module DeviceProfileEditor (492)
[2019.05.24-01.02.10:972][187]LogModuleManager: Shutting down and abandoning module UndoHistory (490)
[2019.05.24-01.02.10:972][187]LogModuleManager: Shutting down and abandoning module XmlParser (488)
[2019.05.24-01.02.10:972][187]LogModuleManager: Shutting down and abandoning module Blutility (486)
[2019.05.24-01.02.10:972][187]LogModuleManager: Shutting down and abandoning module ProjectSettingsViewer (484)
[2019.05.24-01.02.10:972][187]LogModuleManager: Shutting down and abandoning module ProjectTargetPlatformEditor (483)
[2019.05.24-01.02.10:973][187]LogModuleManager: Shutting down and abandoning module EditorSettingsViewer (480)
[2019.05.24-01.02.10:973][187]LogModuleManager: Shutting down and abandoning module SettingsEditor (478)
[2019.05.24-01.02.10:973][187]LogModuleManager: Shutting down and abandoning module ProjectLauncher (476)
[2019.05.24-01.02.10:973][187]LogModuleManager: Shutting down and abandoning module SessionFrontend (474)
[2019.05.24-01.02.10:973][187]LogModuleManager: Shutting down and abandoning module ProfilerClient (472)
[2019.05.24-01.02.10:973][187]LogModuleManager: Shutting down and abandoning module DeviceManager (470)
[2019.05.24-01.02.10:973][187]LogModuleManager: Shutting down and abandoning module TargetDeviceServices (469)
[2019.05.24-01.02.11:028][187]LogModuleManager: Shutting down and abandoning module AutomationController (466)
[2019.05.24-01.02.11:028][187]LogModuleManager: Shutting down and abandoning module AutomationWindow (464)
[2019.05.24-01.02.11:028][187]LogModuleManager: Shutting down and abandoning module Layers (462)
[2019.05.24-01.02.11:028][187]LogModuleManager: Shutting down and abandoning module ComponentVisualizers (460)
[2019.05.24-01.02.11:028][187]LogModuleManager: Shutting down and abandoning module DetailCustomizations (458)
[2019.05.24-01.02.11:028][187]LogModuleManager: Shutting down and abandoning module PackagesDialog (456)
[2019.05.24-01.02.11:028][187]LogModuleManager: Shutting down and abandoning module Persona (454)
[2019.05.24-01.02.11:028][187]LogModuleManager: Shutting down and abandoning module AdvancedPreviewScene (453)
[2019.05.24-01.02.11:028][187]LogModuleManager: Shutting down and abandoning module AnimGraph (451)
[2019.05.24-01.02.11:028][187]LogModuleManager: Shutting down and abandoning module Kismet (448)
[2019.05.24-01.02.11:035][187]LogModuleManager: Shutting down and abandoning module GraphEditor (446)
[2019.05.24-01.02.11:035][187]LogModuleManager: Shutting down and abandoning module ClassViewer (444)
[2019.05.24-01.02.11:035][187]LogModuleManager: Shutting down and abandoning module Toolbox (442)
[2019.05.24-01.02.11:035][187]LogModuleManager: Shutting down and abandoning module ModuleUI (440)
[2019.05.24-01.02.11:035][187]LogModuleManager: Shutting down and abandoning module MovieSceneTools (438)
[2019.05.24-01.02.11:035][187]LogModuleManager: Shutting down and abandoning module OutputLog (436)
[2019.05.24-01.02.11:035][187]LogModuleManager: Shutting down and abandoning module GammaUI (434)
[2019.05.24-01.02.11:035][187]LogModuleManager: Shutting down and abandoning module Documentation (432)
[2019.05.24-01.02.11:035][187]LogModuleManager: Shutting down and abandoning module MovieSceneTracks (430)
[2019.05.24-01.02.11:035][187]LogModuleManager: Shutting down and abandoning module MovieScene (428)
[2019.05.24-01.02.11:035][187]LogModuleManager: Shutting down and abandoning module StreamingPauseRendering (426)
[2019.05.24-01.02.11:035][187]LogModuleManager: Shutting down and abandoning module LauncherPlatform (424)
[2019.05.24-01.02.11:035][187]LogModuleManager: Shutting down and abandoning module AnalyticsET (422)
[2019.05.24-01.02.11:035][187]LogModuleManager: Shutting down and abandoning module PortalServices (420)
[2019.05.24-01.02.11:035][187]LogModuleManager: Shutting down and abandoning module PortalRpc (418)
[2019.05.24-01.02.11:035][187]LogModuleManager: Shutting down and abandoning module MessagingRpc (416)
[2019.05.24-01.02.11:035][187]LogModuleManager: Shutting down and abandoning module AIModule (414)
[2019.05.24-01.02.11:035][187]LogModuleManager: Shutting down and abandoning module GameplayDebugger (413)
[2019.05.24-01.02.11:035][187]LogModuleManager: Shutting down and abandoning module AITestSuite (411)
[2019.05.24-01.02.11:035][187]LogModuleManager: Shutting down and abandoning module NavigationSystem (409)
[2019.05.24-01.02.11:035][187]LogModuleManager: Shutting down and abandoning module DesktopPlatform (406)
[2019.05.24-01.02.11:035][187]LogModuleManager: Shutting down and abandoning module ProfilerService (404)
[2019.05.24-01.02.11:248][187]LogModuleManager: Shutting down and abandoning module TaskGraph (402)
[2019.05.24-01.02.11:248][187]LogModuleManager: Shutting down and abandoning module SteamVRController (400)
[2019.05.24-01.02.11:248][187]LogModuleManager: Shutting down and abandoning module ProceduralMeshComponentEditor (398)
[2019.05.24-01.02.11:248][187]LogModuleManager: Shutting down and abandoning module ProceduralMeshComponent (396)
[2019.05.24-01.02.11:248][187]LogModuleManager: Shutting down and abandoning module OculusInput (394)
[2019.05.24-01.02.11:248][187]LogModuleManager: Shutting down and abandoning module MobilePatchingUtils (392)
[2019.05.24-01.02.11:248][187]LogModuleManager: Shutting down and abandoning module EditableMesh (390)
[2019.05.24-01.02.11:248][187]LogModuleManager: Shutting down and abandoning module CustomMeshComponent (388)
[2019.05.24-01.02.11:248][187]LogModuleManager: Shutting down and abandoning module CableComponent (386)
[2019.05.24-01.02.11:248][187]LogModuleManager: Shutting down and abandoning module AudioCapture (384)
[2019.05.24-01.02.11:248][187]LogModuleManager: Shutting down and abandoning module ArchVisCharacter (382)
[2019.05.24-01.02.11:248][187]LogModuleManager: Shutting down and abandoning module AndroidPermission (380)
[2019.05.24-01.02.11:248][187]LogModuleManager: Shutting down and abandoning module NUTUnrealEngine4 (378)
[2019.05.24-01.02.11:248][187]LogModuleManager: Shutting down and abandoning module NetcodeUnitTest (376)
[2019.05.24-01.02.11:248][187]LogModuleManager: Shutting down and abandoning module MediaCompositingEditor (374)
[2019.05.24-01.02.11:248][187]LogModuleManager: Shutting down and abandoning module MediaCompositing (372)
[2019.05.24-01.02.11:248][187]LogModuleManager: Shutting down and abandoning module LinearTimecode (370)
[2019.05.24-01.02.11:248][187]LogModuleManager: Shutting down and abandoning module ImgMedia (368)
[2019.05.24-01.02.11:251][187]LogModuleManager: Shutting down and abandoning module HTML5Networking (366)
[2019.05.24-01.02.11:251][187]LogModuleManager: Shutting down and abandoning module GeometryCacheTracks (364)
[2019.05.24-01.02.11:251][187]LogModuleManager: Shutting down and abandoning module GeometryCacheSequencer (362)
[2019.05.24-01.02.11:251][187]LogModuleManager: Shutting down and abandoning module BackChannel (360)
[2019.05.24-01.02.11:251][187]LogModuleManager: Shutting down and abandoning module AppleVision (358)
[2019.05.24-01.02.11:251][187]LogModuleManager: Shutting down and abandoning module AppleImageUtils (356)
[2019.05.24-01.02.11:251][187]LogModuleManager: Shutting down and abandoning module AlembicImporter (354)
[2019.05.24-01.02.11:251][187]LogModuleManager: Shutting down and abandoning module AlembicLibrary (353)
[2019.05.24-01.02.11:251][187]LogModuleManager: Shutting down and abandoning module GeometryCache (352)
[2019.05.24-01.02.11:251][187]LogModuleManager: Shutting down and abandoning module GeometryCacheEd (351)
[2019.05.24-01.02.11:251][187]LogModuleManager: Shutting down and abandoning module DatasmithContentEditor (346)
[2019.05.24-01.02.11:251][187]LogModuleManager: Shutting down and abandoning module DatasmithContent (344)
[2019.05.24-01.02.11:251][187]LogModuleManager: Shutting down and abandoning module SpeedTreeImporter (342)
[2019.05.24-01.02.11:251][187]LogModuleManager: Shutting down and abandoning module PluginBrowser (340)
[2019.05.24-01.02.11:251][187]LogModuleManager: Shutting down and abandoning module MobileLauncherProfileWizard (338)
[2019.05.24-01.02.11:251][187]LogModuleManager: Shutting down and abandoning module PolygonModeling (336)
[2019.05.24-01.02.11:251][187]LogModuleManager: Shutting down and abandoning module MeshEditor (334)
[2019.05.24-01.02.11:251][187]LogModuleManager: Shutting down and abandoning module CryptoKeysOpenSSL (332)
[2019.05.24-01.02.11:251][187]LogModuleManager: Shutting down and abandoning module CryptoKeys (330)
[2019.05.24-01.02.11:251][187]LogModuleManager: Shutting down and abandoning module VisualStudioSourceCodeAccess (328)
[2019.05.24-01.02.11:251][187]LogModuleManager: Shutting down and abandoning module VisualStudioCodeSourceCodeAccess (326)
[2019.05.24-01.02.11:251][187]LogModuleManager: Shutting down and abandoning module UObjectPlugin (324)
[2019.05.24-01.02.11:251][187]LogModuleManager: Shutting down and abandoning module SubversionSourceControl (322)
[2019.05.24-01.02.11:251][187]LogModuleManager: Shutting down and abandoning module PerforceSourceControl (320)
[2019.05.24-01.02.11:252][187]LogModuleManager: Shutting down and abandoning module GitSourceControl (318)
[2019.05.24-01.02.11:252][187]LogModuleManager: Shutting down and abandoning module SourceControl (317)
[2019.05.24-01.02.11:252][187]LogModuleManager: Shutting down and abandoning module CLionSourceCodeAccess (314)
[2019.05.24-01.02.11:252][187]LogModuleManager: Shutting down and abandoning module LightPropagationVolumeEditor (312)
[2019.05.24-01.02.11:252][187]LogModuleManager: Shutting down and abandoning module PaperTiledImporter (310)
[2019.05.24-01.02.11:252][187]LogModuleManager: Shutting down and abandoning module PaperSpriteSheetImporter (308)
[2019.05.24-01.02.11:252][187]LogModuleManager: Shutting down and abandoning module Paper2DEditor (306)
[2019.05.24-01.02.11:252][187]LogModuleManager: Shutting down and abandoning module MeshPaint (305)
[2019.05.24-01.02.11:252][187]LogModuleManager: Shutting down and abandoning module RuntimePhysXCooking (302)
[2019.05.24-01.02.11:252][187]LogModuleManager: Shutting down and abandoning module PhysXVehiclesEditor (300)
[2019.05.24-01.02.11:252][187]LogModuleManager: Shutting down and abandoning module PhysXVehicles (298)
[2019.05.24-01.02.11:252][187]LogModuleManager: Shutting down and abandoning module OculusEditor (296)
[2019.05.24-01.02.11:252][187]LogModuleManager: Shutting down and abandoning module LocationServicesBPLibrary (294)
[2019.05.24-01.02.11:252][187]LogModuleManager: Shutting down and abandoning module ImmediatePhysicsEditor (292)
[2019.05.24-01.02.11:252][187]LogModuleManager: Shutting down and abandoning module ImmediatePhysics (290)
[2019.05.24-01.02.11:252][187]LogModuleManager: Shutting down and abandoning module FileLogging (288)
[2019.05.24-01.02.11:252][187]LogModuleManager: Shutting down and abandoning module AnalyticsBlueprintLibrary (286)
[2019.05.24-01.02.11:252][187]LogModuleManager: Shutting down and abandoning module ActorSequence (284)
[2019.05.24-01.02.11:252][187]LogModuleManager: Shutting down and abandoning module UdpMessaging (282)
[2019.05.24-01.02.11:353][187]LogModuleManager: Shutting down and abandoning module TcpMessaging (280)
[2019.05.24-01.02.11:453][187]LogModuleManager: Shutting down and abandoning module MagicLeapAudio (278)
[2019.05.24-01.02.11:453][187]LogModuleManager: Shutting down and abandoning module GameplayTagsEditor (276)
[2019.05.24-01.02.11:453][187]LogModuleManager: Shutting down and abandoning module FacialAnimationEditor (274)
[2019.05.24-01.02.11:453][187]LogModuleManager: Shutting down and abandoning module FacialAnimation (272)
[2019.05.24-01.02.11:453][187]LogModuleManager: Shutting down and abandoning module DataValidation (270)
[2019.05.24-01.02.11:453][187]LogModuleManager: Shutting down and abandoning module AssetManagerEditor (268)
[2019.05.24-01.02.11:453][187]LogModuleManager: Shutting down and abandoning module LevelEditor (267)
[2019.05.24-01.02.11:456][187]LogModuleManager: Shutting down and abandoning module PixelInspectorModule (266)
[2019.05.24-01.02.11:456][187]LogModuleManager: Shutting down and abandoning module CommonMenuExtensions (264)
[2019.05.24-01.02.11:457][187]LogModuleManager: Shutting down and abandoning module MainFrame (262)
[2019.05.24-01.02.11:457][187]LogModuleManager: Shutting down and abandoning module HotReload (261)
[2019.05.24-01.02.11:458][187]LogModuleManager: Shutting down and abandoning module ContentBrowser (257)
[2019.05.24-01.02.11:458][187]LogModuleManager: Shutting down and abandoning module TreeMap (255)
[2019.05.24-01.02.11:458][187]LogModuleManager: Shutting down and abandoning module LightPropagationVolumeRuntime (252)
[2019.05.24-01.02.11:458][187]LogModuleManager: Shutting down and abandoning module AISupportModule (250)
[2019.05.24-01.02.11:458][187]LogModuleManager: Shutting down and abandoning module Paper2D (248)
[2019.05.24-01.02.11:458][187]LogModuleManager: Shutting down and abandoning module WindowsMoviePlayer (246)
[2019.05.24-01.02.11:458][187]LogModuleManager: Shutting down and abandoning module WmfMedia (244)
[2019.05.24-01.02.11:459][187]LogModuleManager: Shutting down and abandoning module Media (243)
[2019.05.24-01.02.11:466][187]LogModuleManager: Shutting down and abandoning module PacketHandler (240)
[2019.05.24-01.02.11:466][187]LogModuleManager: Shutting down and abandoning module ClothingSystemEditor (238)
[2019.05.24-01.02.11:466][187]LogModuleManager: Shutting down and abandoning module ClothingSystemRuntime (236)
[2019.05.24-01.02.11:466][187]LogModuleManager: Shutting down and abandoning module MediaAssets (234)
[2019.05.24-01.02.11:466][187]LogModuleManager: Shutting down and abandoning module Overlay (232)
[2019.05.24-01.02.11:466][187]LogModuleManager: Shutting down and abandoning module OverlayEditor (231)
[2019.05.24-01.02.11:466][187]LogModuleManager: Shutting down and abandoning module VREditor (228)
[2019.05.24-01.02.11:466][187]LogModuleManager: Shutting down and abandoning module StringTableEditor (226)
[2019.05.24-01.02.11:466][187]LogModuleManager: Shutting down and abandoning module GameplayTasksEditor (224)
[2019.05.24-01.02.11:466][187]LogModuleManager: Shutting down and abandoning module BehaviorTreeEditor (222)
[2019.05.24-01.02.11:466][187]LogModuleManager: Shutting down and abandoning module FunctionalTesting (220)
[2019.05.24-01.02.11:466][187]LogModuleManager: Shutting down and abandoning module CollisionAnalyzer (218)
[2019.05.24-01.02.11:466][187]LogModuleManager: Shutting down and abandoning module WorkspaceMenuStructure (217)
[2019.05.24-01.02.11:466][187]LogModuleManager: Shutting down and abandoning module UMG (214)
[2019.05.24-01.02.11:466][187]LogModuleManager: Shutting down and abandoning module UMGEditor (213)
[2019.05.24-01.02.11:466][187]LogModuleManager: Shutting down and abandoning module Sequencer (212)
[2019.05.24-01.02.11:466][187]LogModuleManager: Shutting down and abandoning module MessageLog (209)
[2019.05.24-01.02.11:466][187]LogModuleManager: Shutting down and abandoning module SlateReflector (204)
[2019.05.24-01.02.11:466][187]LogModuleManager: Shutting down and abandoning module Slate (202)
[2019.05.24-01.02.11:467][187]LogModuleManager: Shutting down and abandoning module EditorStyle (200)
[2019.05.24-01.02.11:468][187]LogModuleManager: Shutting down and abandoning module MRMesh (198)
[2019.05.24-01.02.11:468][187]LogModuleManager: Shutting down and abandoning module SourceCodeAccess (196)
[2019.05.24-01.02.11:468][187]LogModuleManager: Shutting down and abandoning module HeadMountedDisplay (194)
[2019.05.24-01.02.11:468][187]LogModuleManager: Shutting down and abandoning module XAudio2 (192)
[2019.05.24-01.02.11:468][187]LogModuleManager: Shutting down and abandoning module Networking (190)
[2019.05.24-01.02.11:468][187]LogModuleManager: Shutting down and abandoning module Core (188)
[2019.05.24-01.02.11:468][187]LogModuleManager: Shutting down and abandoning module LevelSequence (186)
[2019.05.24-01.02.11:468][187]LogModuleManager: Shutting down and abandoning module KismetCompiler (184)
[2019.05.24-01.02.11:468][187]LogModuleManager: Shutting down and abandoning module MeshUtilities (182)
[2019.05.24-01.02.11:468][187]LogModuleManager: Shutting down and abandoning module MeshMergeUtilities (181)
[2019.05.24-01.02.11:468][187]LogModuleManager: Shutting down and abandoning module MeshReductionInterface (180)
[2019.05.24-01.02.11:468][187]LogModuleManager: Shutting down and abandoning module SimplygonSwarm (179)
[2019.05.24-01.02.11:468][187]LogModuleManager: Shutting down and abandoning module ProxyLODMeshReduction (177)
[2019.05.24-01.02.11:468][187]LogModuleManager: Shutting down and abandoning module SimplygonMeshReduction (175)
[2019.05.24-01.02.11:468][187]LogModuleManager: Shutting down and abandoning module QuadricMeshReduction (173)
[2019.05.24-01.02.11:468][187]LogModuleManager: Shutting down and abandoning module MaterialBaking (169)
[2019.05.24-01.02.11:468][187]LogModuleManager: Shutting down and abandoning module DirectoryWatcher (165)
[2019.05.24-01.02.11:468][187]LogModuleManager: Shutting down and abandoning module DerivedDataCache (162)
[2019.05.24-01.02.11:538][187]LogDerivedDataCache: Shutdown
[2019.05.24-01.02.11:538][187]LogModuleManager: Shutting down and abandoning module XGEController (160)
[2019.05.24-01.02.11:538][187]LogXGEController: Cleaning working directory: C:/Users/Chris Justo/AppData/Local/Temp/UnrealXGEWorkingDir/
[2019.05.24-01.02.11:538][187]LogModuleManager: Shutting down and abandoning module TargetPlatform (158)
[2019.05.24-01.02.11:538][187]LogModuleManager: Shutting down and abandoning module VulkanShaderFormat (157)
[2019.05.24-01.02.11:538][187]LogModuleManager: Shutting down and abandoning module ShaderFormatVectorVM (155)
[2019.05.24-01.02.11:538][187]LogModuleManager: Shutting down and abandoning module ShaderFormatOpenGL (153)
[2019.05.24-01.02.11:538][187]LogModuleManager: Shutting down and abandoning module ShaderFormatD3D (151)
[2019.05.24-01.02.11:538][187]LogModuleManager: Shutting down and abandoning module MetalShaderFormat (149)
[2019.05.24-01.02.11:538][187]LogModuleManager: Shutting down and abandoning module TextureFormatUncompressed (147)
[2019.05.24-01.02.11:538][187]LogModuleManager: Shutting down and abandoning module TextureFormatPVR (145)
[2019.05.24-01.02.11:538][187]LogModuleManager: Shutting down and abandoning module TextureFormatDXT (143)
[2019.05.24-01.02.11:538][187]LogModuleManager: Shutting down and abandoning module TextureFormatIntelISPCTexComp (141)
[2019.05.24-01.02.11:539][187]LogModuleManager: Shutting down and abandoning module TextureFormatASTC (139)
[2019.05.24-01.02.11:539][187]LogModuleManager: Shutting down and abandoning module ImageWrapper (138)
[2019.05.24-01.02.11:539][187]LogModuleManager: Shutting down and abandoning module TextureFormatAndroid (135)
[2019.05.24-01.02.11:539][187]LogModuleManager: Shutting down and abandoning module AudioFormatOpus (133)
[2019.05.24-01.02.11:539][187]LogModuleManager: Shutting down and abandoning module AudioFormatOgg (131)
[2019.05.24-01.02.11:539][187]LogModuleManager: Shutting down and abandoning module AudioFormatADPCM (129)
[2019.05.24-01.02.11:539][187]LogModuleManager: Shutting down and abandoning module LuminTargetPlatform (127)
[2019.05.24-01.02.11:539][187]LogModuleManager: Shutting down and abandoning module LinuxTargetPlatform (125)
[2019.05.24-01.02.11:539][187]LogModuleManager: Shutting down and abandoning module LinuxServerTargetPlatform (123)
[2019.05.24-01.02.11:539][187]LogModuleManager: Shutting down and abandoning module LinuxNoEditorTargetPlatform (121)
[2019.05.24-01.02.11:539][187]LogModuleManager: Shutting down and abandoning module LinuxClientTargetPlatform (119)
[2019.05.24-01.02.11:539][187]LogModuleManager: Shutting down and abandoning module TVOSTargetPlatform (117)
[2019.05.24-01.02.11:539][187]LogModuleManager: Shutting down and abandoning module Messaging (115)
[2019.05.24-01.02.11:539][187]LogModuleManager: Shutting down and abandoning module IOSTargetPlatform (113)
[2019.05.24-01.02.11:540][187]LogModuleManager: Shutting down and abandoning module HTML5TargetPlatform (111)
[2019.05.24-01.02.11:540][187]LogModuleManager: Shutting down and abandoning module AndroidTargetPlatform (109)
[2019.05.24-01.02.11:546][187]LogModuleManager: Shutting down and abandoning module WindowsTargetPlatform (107)
[2019.05.24-01.02.11:546][187]LogModuleManager: Shutting down and abandoning module WindowsServerTargetPlatform (105)
[2019.05.24-01.02.11:546][187]LogModuleManager: Shutting down and abandoning module WindowsNoEditorTargetPlatform (103)
[2019.05.24-01.02.11:546][187]LogModuleManager: Shutting down and abandoning module WindowsClientTargetPlatform (101)
[2019.05.24-01.02.11:546][187]LogModuleManager: Shutting down and abandoning module MacTargetPlatform (99)
[2019.05.24-01.02.11:546][187]LogModuleManager: Shutting down and abandoning module MacServerTargetPlatform (97)
[2019.05.24-01.02.11:546][187]LogModuleManager: Shutting down and abandoning module MacNoEditorTargetPlatform (95)
[2019.05.24-01.02.11:546][187]LogModuleManager: Shutting down and abandoning module MacClientTargetPlatform (93)
[2019.05.24-01.02.11:546][187]LogModuleManager: Shutting down and abandoning module AllDesktopTargetPlatform (91)
[2019.05.24-01.02.11:546][187]LogModuleManager: Shutting down and abandoning module InputCore (88)
[2019.05.24-01.02.11:546][187]LogModuleManager: Shutting down and abandoning module Settings (86)
[2019.05.24-01.02.11:546][187]LogModuleManager: Shutting down and abandoning module PhysXCooking (84)
[2019.05.24-01.02.11:546][187]LogModuleManager: Shutting down and abandoning module SteamVR (82)
[2019.05.24-01.02.11:546][187]LogModuleManager: Shutting down and abandoning module OculusHMD (80)
[2019.05.24-01.02.11:546][187]LogModuleManager: Shutting down and abandoning module ExampleDeviceProfileSelector (78)
[2019.05.24-01.02.11:546][187]LogModuleManager: Shutting down and abandoning module LauncherChunkInstaller (76)
[2019.05.24-01.02.11:546][187]LogModuleManager: Shutting down and abandoning module OnlineBlueprintSupport (74)
[2019.05.24-01.02.11:546][187]LogModuleManager: Shutting down and abandoning module OnlineSubsystem (70)
[2019.05.24-01.02.11:547][187]LogModuleManager: Shutting down and abandoning module XMPP (65)
[2019.05.24-01.02.11:547][187]LogModuleManager: Shutting down and abandoning module WebSockets (64)
[2019.05.24-01.02.11:581][187]LogModuleManager: Shutting down and abandoning module HTTP (61)
[2019.05.24-01.02.11:581][187]LogHttp: Display: Http module shutting down, but needs to wait on 1 outstanding Http requests:
[2019.05.24-01.02.11:581][187]LogHttp: Display: 	verb=[POST] url=[https://datarouter.ol.epicgames.com/datarouter/api/v1/public/data?SessionID=%7BF045CC74-45CC-69EA-5B3F-FE94062FA729%7D&AppID=UEEditor.Rocket.Release&AppVersion=4.20.3-4369336%2B%2B%2BUE4%2BRelease-4.20&UserID=90e8b865443d3dc2e649839f2dc12532%7Cfcc57dc97144414997b0e930163fd166%7Cd4f5c2bf-9972-41f1-bb9a-25b01ff79f36&AppEnvironment=datacollector-binary&UploadType=eteventstream] status=Processing
[2019.05.24-01.02.11:598][187]LogModuleManager: Shutting down and abandoning module SSL (60)
[2019.05.24-01.02.11:599][187]LogModuleManager: Shutting down and abandoning module MagicLeapEmulator (56)
[2019.05.24-01.02.11:599][187]LogModuleManager: Shutting down and abandoning module MagicLeapPrivileges (54)
[2019.05.24-01.02.11:599][187]LogModuleManager: Shutting down and abandoning module MagicLeapIdentity (52)
[2019.05.24-01.02.11:599][187]LogModuleManager: Shutting down and abandoning module MagicLeapHelperVulkan (50)
[2019.05.24-01.02.11:599][187]LogModuleManager: Shutting down and abandoning module MagicLeapHelperOpenGL (48)
[2019.05.24-01.02.11:599][187]LogModuleManager: Shutting down and abandoning module MagicLeapSecureStorage (46)
[2019.05.24-01.02.11:599][187]LogModuleManager: Shutting down and abandoning module MagicLeapGestures (44)
[2019.05.24-01.02.11:599][187]LogModuleManager: Shutting down and abandoning module MagicLeapEyeTracker (42)
[2019.05.24-01.02.11:599][187]LogModuleManager: Shutting down and abandoning module MagicLeapController (40)
[2019.05.24-01.02.11:600][187]LogSlate: Slate User Destroyed.  User Index 0, Is Virtual User: 0
[2019.05.24-01.02.11:600][187]LogModuleManager: Shutting down and abandoning module MagicLeap (38)
[2019.05.24-01.02.11:600][187]LogModuleManager: Shutting down and abandoning module AnimationModifiers (36)
[2019.05.24-01.02.11:600][187]LogModuleManager: Shutting down and abandoning module PropertyEditor (35)
[2019.05.24-01.02.11:600][187]LogModuleManager: Shutting down and abandoning module AudioEditor (32)
[2019.05.24-01.02.11:600][187]LogModuleManager: Shutting down and abandoning module TextureCompressor (30)
[2019.05.24-01.02.11:600][187]LogModuleManager: Shutting down and abandoning module ShaderCore (28)
[2019.05.24-01.02.11:600][187]LogModuleManager: Shutting down and abandoning module Landscape (26)
[2019.05.24-01.02.11:600][187]LogModuleManager: Shutting down and abandoning module SlateRHIRenderer (24)
[2019.05.24-01.02.11:600][187]LogModuleManager: Shutting down and abandoning module OpenGLDrv (22)
[2019.05.24-01.02.11:600][187]LogModuleManager: Shutting down and abandoning module D3D11RHI (20)
[2019.05.24-01.02.11:600][187]LogModuleManager: Shutting down and abandoning module AnimGraphRuntime (18)
[2019.05.24-01.02.11:600][187]LogModuleManager: Shutting down and abandoning module Renderer (16)
[2019.05.24-01.02.11:600][187]LogModuleManager: Shutting down and abandoning module Engine (14)
[2019.05.24-01.02.11:600][187]LogModuleManager: Shutting down and abandoning module CoreUObject (12)
[2019.05.24-01.02.11:600][187]LogModuleManager: Shutting down and abandoning module NetworkFile (10)
[2019.05.24-01.02.11:600][187]LogModuleManager: Shutting down and abandoning module CookedIterativeFile (8)
[2019.05.24-01.02.11:600][187]LogModuleManager: Shutting down and abandoning module StreamingFile (6)
[2019.05.24-01.02.11:600][187]LogModuleManager: Shutting down and abandoning module SandboxFile (4)
[2019.05.24-01.02.11:600][187]LogModuleManager: Shutting down and abandoning module PakFile (2)
[2019.05.24-01.02.11:606][187]LogExit: Exiting.
[2019.05.24-01.02.11:615][187]Log file closed, 05/23/19 18:02:11
