Log file open, 06/04/19 18:05:45
LogWindows: Failed to load 'aqProf.dll' (GetLastError=126)
LogWindows: File 'aqProf.dll' does not exist
LogWindows: Failed to load 'VSPerf140.dll' (GetLastError=126)
LogWindows: File 'VSPerf140.dll' does not exist
LogWindows: Failed to load 'VtuneApi.dll' (GetLastError=126)
LogWindows: File 'VtuneApi.dll' does not exist
LogWindows: Failed to load 'VtuneApi32e.dll' (GetLastError=126)
LogWindows: File 'VtuneApi32e.dll' does not exist
LogInit: Display: Running engine for game: LightBringer_Alpha
LogPlatformFile: Not using cached read wrapper
LogTaskGraph: Started task graph with 5 named threads and 20 total threads with 3 sets of task threads.
LogStats: Stats thread started at 0.316675
LogD3D11RHI: Loaded GFSDK_Aftermath_Lib.x64.dll
LogICUInternationalization: Display: ICU TimeZone Detection - Raw Offset: -8:00, Platform Override: ''
LogPluginManager: Mounting plugin Paper2D
LogPluginManager: Mounting plugin AISupport
LogPluginManager: Mounting plugin LightPropagationVolume
LogPluginManager: Mounting plugin CLionSourceCodeAccess
LogPluginManager: Mounting plugin CodeLiteSourceCodeAccess
LogPluginManager: Mounting plugin GitSourceControl
LogPluginManager: Mounting plugin KDevelopSourceCodeAccess
LogPluginManager: Mounting plugin NullSourceCodeAccess
LogPluginManager: Mounting plugin PerforceSourceControl
LogPluginManager: Mounting plugin SubversionSourceControl
LogPluginManager: Mounting plugin UObjectPlugin
LogPluginManager: Mounting plugin VisualStudioCodeSourceCodeAccess
LogPluginManager: Mounting plugin VisualStudioSourceCodeAccess
LogPluginManager: Mounting plugin XCodeSourceCodeAccess
LogPluginManager: Mounting plugin AssetManagerEditor
LogPluginManager: Mounting plugin CryptoKeys
LogPluginManager: Mounting plugin DataValidation
LogPluginManager: Mounting plugin FacialAnimation
LogPluginManager: Mounting plugin GameplayTagsEditor
LogPluginManager: Mounting plugin MacGraphicsSwitching
LogPluginManager: Mounting plugin MeshEditor
LogPluginManager: Mounting plugin MobileLauncherProfileWizard
LogPluginManager: Mounting plugin PluginBrowser
LogPluginManager: Mounting plugin SpeedTreeImporter
LogPluginManager: Mounting plugin DatasmithContent
LogPluginManager: Mounting plugin AlembicImporter
LogPluginManager: Mounting plugin AppleImageUtils
LogPluginManager: Mounting plugin AppleVision
LogPluginManager: Mounting plugin BackChannel
LogPluginManager: Mounting plugin CharacterAI
LogPluginManager: Mounting plugin GeometryCache
LogPluginManager: Mounting plugin HTML5Networking
LogPluginManager: Mounting plugin ProxyLODPlugin
LogPluginManager: Mounting plugin MagicLeap
LogPluginManager: Mounting plugin MagicLeapEmulator
LogPluginManager: Mounting plugin MagicLeapMedia
LogPluginManager: Mounting plugin AndroidMedia
LogPluginManager: Mounting plugin AvfMedia
LogPluginManager: Mounting plugin ImgMedia
LogPluginManager: Mounting plugin LinearTimecode
LogPluginManager: Mounting plugin MediaCompositing
LogPluginManager: Mounting plugin MediaPlayerEditor
LogPluginManager: Mounting plugin WmfMedia
LogPluginManager: Mounting plugin TcpMessaging
LogPluginManager: Mounting plugin UdpMessaging
LogPluginManager: Mounting plugin ActorSequence
LogPluginManager: Mounting plugin LevelSequenceEditor
LogPluginManager: Mounting plugin MatineeToLevelSequence
LogPluginManager: Mounting plugin NetcodeUnitTest
LogPluginManager: Mounting plugin NUTUnrealEngine4
LogPluginManager: Mounting plugin OnlineSubsystemGooglePlay
LogPluginManager: Mounting plugin OnlineSubsystemIOS
LogPluginManager: Mounting plugin OnlineSubsystem
LogPluginManager: Mounting plugin OnlineSubsystemNull
LogPluginManager: Mounting plugin OnlineSubsystemUtils
LogPluginManager: Mounting plugin LauncherChunkInstaller
LogPluginManager: Mounting plugin AnalyticsBlueprintLibrary
LogPluginManager: Mounting plugin FileLogging
LogPluginManager: Mounting plugin AndroidDeviceProfileSelector
LogPluginManager: Mounting plugin AndroidMoviePlayer
LogPluginManager: Mounting plugin AndroidPermission
LogPluginManager: Mounting plugin AppleMoviePlayer
LogPluginManager: Mounting plugin ArchVisCharacter
LogPluginManager: Mounting plugin AudioCapture
LogPluginManager: Mounting plugin CableComponent
LogPluginManager: Mounting plugin CustomMeshComponent
LogPluginManager: Mounting plugin EditableMesh
LogPluginManager: Mounting plugin ExampleDeviceProfileSelector
LogPluginManager: Mounting plugin GoogleCloudMessaging
LogPluginManager: Mounting plugin ImmediatePhysics
LogPluginManager: Mounting plugin IOSDeviceProfileSelector
LogPluginManager: Mounting plugin LinuxDeviceProfileSelector
LogPluginManager: Mounting plugin LocationServicesBPLibrary
LogPluginManager: Mounting plugin MobilePatchingUtils
LogPluginManager: Mounting plugin OculusVR
LogPluginManager: Plugin shader directory ../../../Engine/Plugins/Runtime/Oculus/OculusVR/Shaders found
LogPluginManager: Mapping shader source directory ../../../Engine/Plugins/Runtime/Oculus/OculusVR/Shaders to virtual directory /Plugin/OculusVR
LogPluginManager: Mounting plugin PhysXVehicles
LogPluginManager: Mounting plugin ProceduralMeshComponent
LogPluginManager: Mounting plugin RuntimePhysXCooking
LogPluginManager: Mounting plugin SteamVR
LogPluginManager: Mounting plugin WindowsMoviePlayer
LogStreaming: Display: Took  0.309s to configure plugins.
LogInit: Using libcurl 7.55.1-DEV
LogInit:  - built for x86_64-pc-win32
LogInit:  - supports SSL with OpenSSL/1.0.2h
LogInit:  - supports HTTP deflate (compression) using libz 1.2.8
LogInit:  - other features:
LogInit:      CURL_VERSION_SSL
LogInit:      CURL_VERSION_LIBZ
LogInit:      CURL_VERSION_IPV6
LogInit:      CURL_VERSION_ASYNCHDNS
LogInit:      CURL_VERSION_LARGEFILE
LogInit:      CURL_VERSION_IDN
LogInit:  CurlRequestOptions (configurable via config and command line):
LogInit:  - bVerifyPeer = false  - Libcurl will NOT verify peer certificate
LogInit:  - bUseHttpProxy = false  - Libcurl will NOT use HTTP proxy
LogInit:  - bDontReuseConnections = false  - Libcurl will reuse connections
LogInit:  - CertBundlePath = nullptr  - Libcurl will use whatever was configured at build time.
LogInit:  - MaxHostConnections = 16  - Libcurl will limit the number of connections to a host
LogInit:  - LocalHostAddr = Default
LogInit:  - BufferSize = 65536
LogInit: WinSock: version 1.1 (2.2), MaxSocks=32767, MaxUdp=65467
LogInit: Build: ++UE4+Release-4.20-CL-4369336
LogInit: Engine Version: 4.20.3-4369336+++UE4+Release-4.20
LogInit: Compatible Engine Version: 4.20.0-4212847+++UE4+Release-4.20
LogInit: Net CL: 4212847
LogInit: OS: Windows 10 (), CPU: Intel(R) Core(TM) i5-8600K CPU @ 3.60GHz, GPU: NVIDIA GeForce GTX 1070
LogInit: Compiled (64-bit): Sep 17 2018 12:26:19
LogInit: Compiled with Visual C++: 19.13.26129.00
LogInit: Build Configuration: Development
LogInit: Branch Name: ++UE4+Release-4.20
LogInit: Command Line:  
LogInit: Base Directory: C:/Program Files/Epic Games/UE_4.20/Engine/Binaries/Win64/
LogInit: Installed Engine Build: 1
LogDevObjectVersion: Number of dev versions registered: 20
LogDevObjectVersion:   Dev-Blueprints (B0D832E4-1F89-4F0D-ACCF-7EB736FD4AA2): 10
LogDevObjectVersion:   Dev-Build (E1C64328-A22C-4D53-A36C-8E866417BD8C): 0
LogDevObjectVersion:   Dev-Core (375EC13C-06E4-48FB-B500-84F0262A717E): 2
LogDevObjectVersion:   Dev-Editor (E4B068ED-F494-42E9-A231-DA0B2E46BB41): 24
LogDevObjectVersion:   Dev-Framework (CFFC743F-43B0-4480-9391-14DF171D2073): 34
LogDevObjectVersion:   Dev-Mobile (B02B49B5-BB20-44E9-A304-32B752E40360): 2
LogDevObjectVersion:   Dev-Networking (A4E4105C-59A1-49B5-A7C5-40C4547EDFEE): 0
LogDevObjectVersion:   Dev-Online (39C831C9-5AE6-47DC-9A44-9C173E1C8E7C): 0
LogDevObjectVersion:   Dev-Physics (78F01B33-EBEA-4F98-B9B4-84EACCB95AA2): 0
LogDevObjectVersion:   Dev-Platform (6631380F-2D4D-43E0-8009-CF276956A95A): 0
LogDevObjectVersion:   Dev-Rendering (12F88B9F-8875-4AFC-A67C-D90C383ABD29): 26
LogDevObjectVersion:   Dev-Sequencer (7B5AE74C-D270-4C10-A958-57980B212A5A): 9
LogDevObjectVersion:   Dev-VR (D7296918-1DD6-4BDD-9DE2-64A83CC13884): 2
LogDevObjectVersion:   Dev-LoadTimes (C2A15278-BFE7-4AFE-6C17-90FF531DF755): 1
LogDevObjectVersion:   Private-Geometry (6EACA3D4-40EC-4CC1-B786-8BED09428FC5): 3
LogDevObjectVersion:   Dev-AnimPhys (29E575DD-E0A3-4627-9D10-D276232CDCEA): 17
LogDevObjectVersion:   Dev-ReflectionCapture (6B266CEC-1EC7-4B8F-A30B-E4D90942FC07): 1
LogDevObjectVersion:   Dev-Automation (0DF73D61-A23F-47EA-B727-89E90C41499A): 1
LogDevObjectVersion:   FortniteMain (601D1886-AC64-4F84-AA16-D3DE0DEAC7D6): 12
LogDevObjectVersion:   Dev-Enterprise (9DFFBCD6-494F-0158-E221-12823C92A888): 1
LogStreaming: Display: Took  0.019s to delete old logs.
LogInit: Presizing for max 8388607 objects, including 0 objects not considered by GC, pre-allocating 0 bytes for permanent pool.
LogInit: Object subsystem initialized
[2019.06.05-01.05.47:247][  0]LogInit: Selected Device Profile: [Windows]
[2019.06.05-01.05.47:247][  0]LogInit: Applying CVar settings loaded from the selected device profile: [Windows]
[2019.06.05-01.05.47:330][  0]LogHAL: Display: Platform has ~ 16 GB [17090936832 / 17179869184 / 16], which maps to Larger [LargestMinGB=32, LargerMinGB=12, DefaultMinGB=8, SmallerMinGB=6, SmallestMinGB=0)
[2019.06.05-01.05.47:330][  0]LogInit: Setting Device Profile CVar: [[r.Vulkan.UseRealUBs:1]]
[2019.06.05-01.05.47:330][  0]LogInit: Going up to parent DeviceProfile []
[2019.06.05-01.05.47:379][  0]LogInit: Computer: DESKTOP-TJD5ANF
[2019.06.05-01.05.47:379][  0]LogInit: User: ChrisJusto
[2019.06.05-01.05.47:379][  0]LogInit: CPU Page size=4096, Cores=6
[2019.06.05-01.05.47:379][  0]LogInit: High frequency timer resolution =3.515621 MHz
[2019.06.05-01.05.47:379][  0]LogMemory: Memory total: Physical=15.9GB (16GB approx)
[2019.06.05-01.05.47:379][  0]LogMemory: Platform Memory Stats for Windows
[2019.06.05-01.05.47:379][  0]LogMemory: Process Physical Memory: 101.62 MB used, 101.62 MB peak
[2019.06.05-01.05.47:379][  0]LogMemory: Process Virtual Memory: 96.78 MB used, 96.78 MB peak
[2019.06.05-01.05.47:379][  0]LogMemory: Physical Memory: 6930.49 MB used,  9368.70 MB free, 16299.19 MB total
[2019.06.05-01.05.47:379][  0]LogMemory: Virtual Memory: 4642.54 MB used,  9368.70 MB free, 134217728.00 MB total
[2019.06.05-01.05.47:759][  0]LogInit: Using OS detected language (en-US).
[2019.06.05-01.05.47:759][  0]LogInit: Using OS detected locale (en-US).
[2019.06.05-01.05.47:760][  0]LogTextLocalizationManager: No specific localization for 'en-US' exists, so the 'en' localization will be used.
[2019.06.05-01.05.48:993][  0]LogStreaming: Display: Took  1.234s to InitEngineTextLocalization.
[2019.06.05-01.05.48:994][  0]LogInit: Setting process to per monitor DPI aware
[2019.06.05-01.05.49:327][  0]LogSlate: New Slate User Created.  User Index 0, Is Virtual User: 0
[2019.06.05-01.05.49:327][  0]LogSlate: Slate User Registered.  User Index 0, Is Virtual User: 0
[2019.06.05-01.05.51:159][  0]LogHMD: Failed to initialize OpenVR with code 110
[2019.06.05-01.05.51:159][  0]LogD3D11RHI: D3D11 adapters:
[2019.06.05-01.05.51:216][  0]LogD3D11RHI:    0. 'NVIDIA GeForce GTX 1070' (Feature Level 11_0)
[2019.06.05-01.05.51:216][  0]LogD3D11RHI:       8088/0/8149 MB DedicatedVideo/DedicatedSystem/SharedSystem, Outputs:1, VendorId:0x10de
[2019.06.05-01.05.51:229][  0]LogD3D11RHI:    1. 'Intel(R) UHD Graphics 630' (Feature Level 11_0)
[2019.06.05-01.05.51:229][  0]LogD3D11RHI:       128/0/8149 MB DedicatedVideo/DedicatedSystem/SharedSystem, Outputs:1, VendorId:0x8086
[2019.06.05-01.05.51:230][  0]LogD3D11RHI:    2. 'Microsoft Basic Render Driver' (Feature Level 11_0)
[2019.06.05-01.05.51:230][  0]LogD3D11RHI:       0/0/8149 MB DedicatedVideo/DedicatedSystem/SharedSystem, Outputs:0, VendorId:0x1414
[2019.06.05-01.05.51:230][  0]LogD3D11RHI: Chosen D3D11 Adapter: 0
[2019.06.05-01.05.51:236][  0]LogD3D11RHI: Creating new Direct3DDevice
[2019.06.05-01.05.51:236][  0]LogD3D11RHI:     GPU DeviceId: 0x1b81 (for the marketing name, search the web for "GPU Device Id")
[2019.06.05-01.05.51:236][  0]LogWindows: EnumDisplayDevices:
[2019.06.05-01.05.51:236][  0]LogWindows:    0. 'NVIDIA GeForce GTX 1070' (P:1 D:1)
[2019.06.05-01.05.51:236][  0]LogWindows:    1. 'NVIDIA GeForce GTX 1070' (P:0 D:0)
[2019.06.05-01.05.51:236][  0]LogWindows:    2. 'NVIDIA GeForce GTX 1070' (P:0 D:0)
[2019.06.05-01.05.51:237][  0]LogWindows:    3. 'NVIDIA GeForce GTX 1070' (P:0 D:0)
[2019.06.05-01.05.51:237][  0]LogWindows:    4. 'Intel(R) UHD Graphics 630' (P:0 D:1)
[2019.06.05-01.05.51:237][  0]LogWindows:    5. 'Intel(R) UHD Graphics 630' (P:0 D:0)
[2019.06.05-01.05.51:237][  0]LogWindows:    6. 'Intel(R) UHD Graphics 630' (P:0 D:0)
[2019.06.05-01.05.51:237][  0]LogWindows: DebugString: PrimaryIsNotTheChoosenAdapter PrimaryIsNotTheChoosenAdapter PrimaryIsNotTheChoosenAdapter FoundDriverCount:4 
[2019.06.05-01.05.51:237][  0]LogD3D11RHI:     Adapter Name: NVIDIA GeForce GTX 1070
[2019.06.05-01.05.51:237][  0]LogD3D11RHI:   Driver Version: 419.17 (internal:25.21.14.1917, unified:419.17)
[2019.06.05-01.05.51:237][  0]LogD3D11RHI:      Driver Date: 2-20-2019
[2019.06.05-01.05.51:237][  0]LogRHI: Texture pool is 5661 MB (70% of 8088 MB)
[2019.06.05-01.05.51:268][  0]LogD3D11RHI: Async texture creation enabled
[2019.06.05-01.05.51:332][  0]LogD3D11RHI: GPU Timing Frequency: 1000.000000 (Debug: 2 1)
[2019.06.05-01.05.51:382][  0]LogShaderCompilers: Guid format shader working directory is -28 characters bigger than the processId version (../../../../../../Users/Chris Justo/Documents/Unreal Projects/LightBringerAlpha/Intermediate/Shaders/WorkingDirectory/16404/).
[2019.06.05-01.05.51:383][  0]LogShaderCompilers: Cleaned the shader compiler working directory 'C:/Users/Chris Justo/AppData/Local/Temp/UnrealShaderWorkingDir/7DC1390C4503E86876FDE790BF098756/'.
[2019.06.05-01.05.52:888][  0]LogTemp: Display: Loaded TP AllDesktopTargetPlatform
[2019.06.05-01.05.52:929][  0]LogTemp: Display: Loaded TP MacClientTargetPlatform
[2019.06.05-01.05.52:950][  0]LogTemp: Display: Loaded TP MacNoEditorTargetPlatform
[2019.06.05-01.05.52:970][  0]LogTemp: Display: Loaded TP MacServerTargetPlatform
[2019.06.05-01.05.53:049][  0]LogTemp: Display: Loaded TP MacTargetPlatform
[2019.06.05-01.05.53:084][  0]LogTemp: Display: Loaded TP WindowsClientTargetPlatform
[2019.06.05-01.05.53:101][  0]LogTemp: Display: Loaded TP WindowsNoEditorTargetPlatform
[2019.06.05-01.05.53:116][  0]LogTemp: Display: Loaded TP WindowsServerTargetPlatform
[2019.06.05-01.05.53:128][  0]LogTemp: Display: Loaded TP WindowsTargetPlatform
[2019.06.05-01.05.53:225][  0]LogTemp: Display: Loaded TP AndroidTargetPlatform
[2019.06.05-01.05.53:225][  0]LogTemp: Display: Loaded TP AndroidTargetPlatform
[2019.06.05-01.05.53:225][  0]LogTemp: Display: Loaded TP AndroidTargetPlatform
[2019.06.05-01.05.53:225][  0]LogTemp: Display: Loaded TP AndroidTargetPlatform
[2019.06.05-01.05.53:225][  0]LogTemp: Display: Loaded TP AndroidTargetPlatform
[2019.06.05-01.05.53:225][  0]LogTemp: Display: Loaded TP AndroidTargetPlatform
[2019.06.05-01.05.53:225][  0]LogTemp: Display: Loaded TP AndroidTargetPlatform
[2019.06.05-01.05.53:225][  0]LogTemp: Display: Loaded TP AndroidTargetPlatform
[2019.06.05-01.05.53:225][  0]LogTemp: Display: Loaded TP AndroidTargetPlatform
[2019.06.05-01.05.53:225][  0]LogTemp: Display: Loaded TP AndroidTargetPlatform
[2019.06.05-01.05.53:225][  0]LogTemp: Display: Loaded TP AndroidTargetPlatform
[2019.06.05-01.05.53:225][  0]LogTemp: Display: Loaded TP AndroidTargetPlatform
[2019.06.05-01.05.53:225][  0]LogTemp: Display: Loaded TP AndroidTargetPlatform
[2019.06.05-01.05.53:225][  0]LogTemp: Display: Loaded TP AndroidTargetPlatform
[2019.06.05-01.05.53:225][  0]LogTemp: Display: Loaded TP AndroidTargetPlatform
[2019.06.05-01.05.53:225][  0]LogTemp: Display: Loaded TP AndroidTargetPlatform
[2019.06.05-01.05.53:225][  0]LogTemp: Display: Loaded TP AndroidTargetPlatform
[2019.06.05-01.05.53:225][  0]LogTemp: Display: Loaded TP AndroidTargetPlatform
[2019.06.05-01.05.53:250][  0]LogTemp: Display: Loaded TP HTML5TargetPlatform
[2019.06.05-01.05.53:344][  0]LogTemp: Display: Loaded TP IOSTargetPlatform
[2019.06.05-01.05.53:344][  0]LogTemp: Display: Loaded TP IOSTargetPlatform
[2019.06.05-01.05.53:385][  0]LogTemp: Display: Loaded TP TVOSTargetPlatform
[2019.06.05-01.05.53:385][  0]LogTemp: Display: Loaded TP TVOSTargetPlatform
[2019.06.05-01.05.53:401][  0]LogTemp: Display: Loaded TP LinuxClientTargetPlatform
[2019.06.05-01.05.53:414][  0]LogTemp: Display: Loaded TP LinuxNoEditorTargetPlatform
[2019.06.05-01.05.53:425][  0]LogTemp: Display: Loaded TP LinuxServerTargetPlatform
[2019.06.05-01.05.53:455][  0]LogTemp: Display: Loaded TP LinuxTargetPlatform
[2019.06.05-01.05.53:467][  0]LogTemp: Display: Loaded TP LuminTargetPlatform
[2019.06.05-01.05.53:467][  0]LogTargetPlatformManager: Display: Building Assets For Windows
[2019.06.05-01.05.53:868][  0]LogXGEController: Cleaning working directory: C:/Users/Chris Justo/AppData/Local/Temp/UnrealXGEWorkingDir/
[2019.06.05-01.05.53:868][  0]LogXGEController: Cannot use XGE Controller as Incredibuild is not installed on this machine.
[2019.06.05-01.05.53:868][  0]LogShaderCompilers: Cannot use XGE Shader Compiler as Incredibuild is not installed on this machine.
[2019.06.05-01.05.53:868][  0]LogShaderCompilers: Display: Using Local Shader Compiler.
[2019.06.05-01.05.57:770][  0]LogDerivedDataCache: Display: Max Cache Size: 512 MB
[2019.06.05-01.05.58:415][  0]LogDerivedDataCache: Loaded boot cache 0.64s 71MB C:/Users/Chris Justo/AppData/Local/UnrealEngine/4.20/DerivedDataCache/Boot.ddc.
[2019.06.05-01.05.58:416][  0]LogDerivedDataCache: Display: Loaded Boot cache: C:/Users/Chris Justo/AppData/Local/UnrealEngine/4.20/DerivedDataCache/Boot.ddc
[2019.06.05-01.05.58:416][  0]LogDerivedDataCache: FDerivedDataBackendGraph:  Pak pak cache file ../../../../../../Users/Chris Justo/Documents/Unreal Projects/LightBringerAlpha/DerivedDataCache/DDC.ddp not found, will not use a pak cache.
[2019.06.05-01.05.58:416][  0]LogDerivedDataCache: Unable to find inner node Pak for hierarchical cache Hierarchy.
[2019.06.05-01.05.58:416][  0]LogDerivedDataCache: FDerivedDataBackendGraph:  CompressedPak pak cache file ../../../../../../Users/Chris Justo/Documents/Unreal Projects/LightBringerAlpha/DerivedDataCache/Compressed.ddp not found, will not use a pak cache.
[2019.06.05-01.05.58:416][  0]LogDerivedDataCache: Unable to find inner node CompressedPak for hierarchical cache Hierarchy.
[2019.06.05-01.05.58:464][  0]LogDerivedDataCache: Display: Pak cache opened for reading ../../../Engine/DerivedDataCache/Compressed.ddp.
[2019.06.05-01.05.58:499][  0]LogDerivedDataCache: Using Local data cache path C:/Users/Chris Justo/AppData/Local/UnrealEngine/Common/DerivedDataCache: Writable
[2019.06.05-01.05.58:499][  0]LogDerivedDataCache: Shared data cache path not found in *engine.ini, will not use an Shared cache.
[2019.06.05-01.05.58:499][  0]LogDerivedDataCache: Unable to find inner node Shared for hierarchical cache Hierarchy.
[2019.06.05-01.05.58:518][  0]LogMaterial: Verifying Global Shaders for PCD3D_SM5
[2019.06.05-01.05.58:519][  0]LogSlate: Using FreeType 2.6.0
[2019.06.05-01.05.58:575][  0]LogSlate: SlateFontServices - WITH_FREETYPE: 1, WITH_HARFBUZZ: 1
[2019.06.05-01.05.59:010][  0]LogAssetRegistry: FAssetRegistry took 0.0257 seconds to start up
[2019.06.05-01.05.59:309][  0]LogInit: Selected Device Profile: [Windows]
[2019.06.05-01.06.00:569][  0]LogSimplygon: Simplygon DLL not present - disabling.
[2019.06.05-01.06.00:610][  0]LogMeshReduction: Using SimplygonSwarm for distributed automatic mesh merging
[2019.06.05-01.06.00:610][  0]LogMeshReduction: Using ProxyLODMeshReduction for automatic mesh merging
[2019.06.05-01.06.00:610][  0]LogMeshReduction: Using QuadricMeshReduction for automatic static mesh reduction
[2019.06.05-01.06.00:610][  0]LogMeshReduction: No automatic skeletal mesh reduction module available
[2019.06.05-01.06.00:903][  0]LogNetVersion: LightBringer_Alpha 1.0.0, NetCL: 4212847, EngineNetVer: 5, GameNetVer: 0 (Checksum: 1688364292)
[2019.06.05-01.06.04:191][  0]LogPackageLocalizationCache: Processed 11 localized package path(s) for 2 prioritized culture(s) in 0.212159 seconds
[2019.06.05-01.06.04:196][  0]LogUObjectArray: 38425 objects as part of root set at end of initial load.
[2019.06.05-01.06.04:196][  0]LogUObjectAllocator: 6690872 out of 0 bytes used by permanent object pool.
[2019.06.05-01.06.04:196][  0]LogUObjectArray: CloseDisregardForGC: 0/0 objects in disregard for GC pool
[2019.06.05-01.06.19:976][  0]LogTcpMessaging: Initializing TcpMessaging bridge
[2019.06.05-01.06.19:995][  0]LogUdpMessaging: Initializing bridge on interface 0.0.0.0:0 to multicast group 230.0.0.1:6666.
[2019.06.05-01.06.21:205][  0]SourceControl: Source control is disabled
[2019.06.05-01.06.21:205][  0]SourceControl: Source control is disabled
[2019.06.05-01.06.21:222][  0]SourceControl: Source control is disabled
[2019.06.05-01.06.21:235][  0]SourceControl: Source control is disabled
[2019.06.05-01.06.21:906][  0]LogAndroidPermission: UAndroidPermissionCallbackProxy::GetInstance
[2019.06.05-01.06.22:053][  0]LogOcInput: OculusInput pre-init called
[2019.06.05-01.06.22:253][  0]LogEngine: Initializing Engine...
[2019.06.05-01.06.22:253][  0]LogHMD: Failed to initialize OpenVR with code 110
[2019.06.05-01.06.22:255][  0]LogStats: UGameplayTagsManager::ConstructGameplayTagTree: ImportINI prefixes -  0.000 s
[2019.06.05-01.06.22:255][  0]LogStats: UGameplayTagsManager::ConstructGameplayTagTree: Construct from data asset -  0.000 s
[2019.06.05-01.06.22:255][  0]LogStats: UGameplayTagsManager::ConstructGameplayTagTree: ImportINI -  0.000 s
[2019.06.05-01.06.22:255][  0]LogStats: UGameplayTagsManager::ConstructGameplayTagTree: GameplayTagTreeChangedEvent.Broadcast -  0.000 s
[2019.06.05-01.06.22:989][  0]LogInit: Initializing FReadOnlyCVARCache
[2019.06.05-01.06.23:086][  0]LogAIModule: Creating AISystem for world Untitled
[2019.06.05-01.06.23:106][  0]LogInit: XAudio2 using 'Speakers (4- USB Audio CODEC )' : 2 channels at 48 kHz using 16 bits per sample (channel mask 0x3)
[2019.06.05-01.06.23:118][  0]LogInit: FAudioDevice initialized.
[2019.06.05-01.06.23:118][  0]LogNetVersion: Set ProjectVersion to 1.0.0.0. Version Checksum will be recalculated on next use.
[2019.06.05-01.06.23:358][  0]LogDerivedDataCache: Saved boot cache 0.24s 71MB C:/Users/Chris Justo/AppData/Local/UnrealEngine/4.20/DerivedDataCache/Boot.ddc.
[2019.06.05-01.06.23:362][  0]LogInit: Texture streaming: Enabled
[2019.06.05-01.06.23:435][  0]LogEngineSessionManager: EngineSessionManager initialized
[2019.06.05-01.06.23:494][  0]LogInit: Transaction tracking system initialized
[2019.06.05-01.06.23:583][  0]BlueprintLog: New page: Editor Load
[2019.06.05-01.06.24:163][  0]LocalizationService: Localization service is disabled
[2019.06.05-01.06.26:847][  0]LogCook: Display: Max memory allowance for cook 16384mb min free memory 0mb
[2019.06.05-01.06.26:847][  0]LogCook: Display: Mobile HDR setting 1
[2019.06.05-01.06.26:847][  0]LogGameplayTags: Display: UGameplayTagsManager::DoneAddingNativeTags. DelegateIsBound: 0
[2019.06.05-01.06.26:847][  0]LogStats: UGameplayTagsManager::ConstructGameplayTagTree: ImportINI prefixes -  0.000 s
[2019.06.05-01.06.26:847][  0]LogStats: UGameplayTagsManager::ConstructGameplayTagTree: Construct from data asset -  0.000 s
[2019.06.05-01.06.26:847][  0]LogStats: UGameplayTagsManager::ConstructGameplayTagTree: ImportINI -  0.000 s
[2019.06.05-01.06.26:847][  0]LogStats: UGameplayTagsManager::ConstructGameplayTagTree: GameplayTagTreeChangedEvent.Broadcast -  0.000 s
[2019.06.05-01.06.26:852][  0]LogFileCache: Scanning file cache for directory 'C:/Users/Chris Justo/Documents/Unreal Projects/LightBringerAlpha/Content/' took 0.02s
[2019.06.05-01.06.28:615][  0]SourceControl: Source control is disabled
[2019.06.05-01.06.28:615][  0]Cmd: MAP LOAD FILE="../../../../../../Users/Chris Justo/Documents/Unreal Projects/LightBringerAlpha/Content/Maps/TempleBlockOut.umap" TEMPLATE=0 SHOWPROGRESS=1 FEATURELEVEL=3
[2019.06.05-01.06.28:615][  0]LightingResults: New page: Lighting Build
[2019.06.05-01.06.28:625][  0]MapCheck: New page: Map Check
[2019.06.05-01.06.28:625][  0]LightingResults: New page: Lighting Build
[2019.06.05-01.06.36:131][  0]LogBlueprint: Warning: [Compiler abp_Fists] 'BP Fist Projectile' does not inherit from 'Pawn' ( Cast To BP_fistProjectile  would always fail).
[2019.06.05-01.06.36:132][  0]LogBlueprint: Warning: [Compiler abp_Fists] 'BP Fist Projectile' does not inherit from 'Pawn' ( Cast To BP_fistProjectile  would always fail).
[2019.06.05-01.06.36:268][  0]LogBlueprint: Error: [Compiler BasePlayer_BP] In use pin  Health UI  no longer exists on node  Set . Please refresh node or break links to remove pin.
[2019.06.05-01.06.36:764][  0]LogBlueprint: Warning: [Compiler abp_Fists] [0072.59] Compile of abp_Fists successful, but with 2 Warning(s) [in 783 ms] (/Game/Blueprints/Projectiles/ANIMS/abp_Fists.abp_Fists)
[2019.06.05-01.06.36:764][  0]LogBlueprint: Warning: [Compiler BasePlayer_BP] [0072.59] Compile of BasePlayer_BP failed. 1 Fatal Issue(s) 0 Warning(s) [in 783 ms] (/Game/Blueprints/CharacterBP/SECONDdRAFTcHARACTER/BasePlayer_BP.BasePlayer_BP)
[2019.06.05-01.06.53:755][  0]LogAIModule: Creating AISystem for world TempleBlockOut
[2019.06.05-01.06.53:861][  0]LogEditorServer: Finished looking for orphan Actors (0.000 secs)
[2019.06.05-01.06.53:898][  0]Cmd: MAP CHECKDEP NOCLEARLOG
[2019.06.05-01.06.54:016][  0]MapCheck: Map check complete: 0 Error(s), 0 Warning(s), took 117.594ms to complete.
[2019.06.05-01.06.54:016][  0]LogFileHelpers: Loading map 'TempleBlockOut' took 25.401
[2019.06.05-01.06.54:211][  0]LogSlate: Updating window title bar state: overlay mode, drag disabled, window buttons hidden, title bar hidden
[2019.06.05-01.06.54:217][  0]LogSlate: Updating window title bar state: overlay mode, drag disabled, window buttons hidden, title bar hidden
[2019.06.05-01.06.54:223][  0]LogSlate: Updating window title bar state: overlay mode, drag disabled, window buttons hidden, title bar hidden
[2019.06.05-01.06.54:228][  0]LogSlate: Updating window title bar state: overlay mode, drag disabled, window buttons hidden, title bar hidden
[2019.06.05-01.06.54:312][  0]LogCollectionManager: Loaded 0 collections in 0.002159 seconds
[2019.06.05-01.06.54:391][  0]LogFileCache: Scanning file cache for directory 'C:/Users/Chris Justo/Documents/Unreal Projects/LightBringerAlpha/Saved/Collections/' took 0.01s
[2019.06.05-01.06.54:391][  0]LogFileCache: Scanning file cache for directory 'C:/Users/Chris Justo/Documents/Unreal Projects/LightBringerAlpha/Content/Developers/ChrisJusto/Collections/' took 0.01s
[2019.06.05-01.06.54:391][  0]LogFileCache: Scanning file cache for directory 'C:/Users/Chris Justo/Documents/Unreal Projects/LightBringerAlpha/Content/Collections/' took 0.01s
[2019.06.05-01.06.54:391][  0]LogCollectionManager: Rebuilt the GUID cache for 0 collections in 0.000000 seconds
[2019.06.05-01.06.54:398][  0]LogContentBrowser: Native class hierarchy populated in 0.0070 seconds. Added 2573 classes and 606 folders.
[2019.06.05-01.06.54:415][  0]LogContentBrowser: Native class hierarchy updated for 'WidgetCarousel' in 0.0002 seconds. Added 0 classes and 0 folders.
[2019.06.05-01.06.56:177][  0]LogContentBrowser: Native class hierarchy updated for 'AddContentDialog' in 0.0004 seconds. Added 0 classes and 0 folders.
[2019.06.05-01.06.56:218][  0]LogContentBrowser: Native class hierarchy updated for 'SceneOutliner' in 0.0002 seconds. Added 1 classes and 2 folders.
[2019.06.05-01.06.56:440][  0]LogSlate: Took 0.030860 seconds to synchronously load lazily loaded font '../../../Engine/Content/Slate/Fonts/Roboto-Regular.ttf' (155K)
[2019.06.05-01.06.56:492][  0]LogSlate: Took 0.051289 seconds to synchronously load lazily loaded font '../../../Engine/Content/Slate/Fonts/Roboto-Bold.ttf' (160K)
[2019.06.05-01.06.56:518][  0]LogSlate: Took 0.019984 seconds to synchronously load lazily loaded font '../../../Engine/Content/Editor/Slate/Fonts/FontAwesome.ttf' (139K)
[2019.06.05-01.06.56:534][  0]LogSlate: Took 0.014706 seconds to synchronously load lazily loaded font '../../../Engine/Content/Slate/Fonts/DroidSansMono.ttf' (77K)
[2019.06.05-01.06.56:782][  0]LogRenderer: Reallocating scene render targets to support 1168x556 Format 10 NumSamples 1 (Frame:1).
[2019.06.05-01.06.57:023][  0]LogContentBrowser: Native class hierarchy updated for 'HierarchicalLODOutliner' in 0.0002 seconds. Added 0 classes and 0 folders.
[2019.06.05-01.06.57:023][  0]LogLoad: (Engine Initialization) Total time: 92.85 seconds
[2019.06.05-01.06.57:023][  0]LogLoad: (Engine Initialization) Total Blueprint compile time: 0.00 seconds
[2019.06.05-01.06.57:035][  0]LogWindowsTextInputMethodSystem: Display: IME system now deactivated.
[2019.06.05-01.06.57:064][  0]LogContentStreaming: Texture pool size now 1000 MB
[2019.06.05-01.06.57:187][  0]LogSlate: Took 0.016761 seconds to synchronously load lazily loaded font '../../../Engine/Content/Slate/Fonts/Roboto-Light.ttf' (167K)
[2019.06.05-01.06.57:229][  1]LogAssetRegistry: Asset discovery search completed in 58.2414 seconds
[2019.06.05-01.06.57:230][  1]LogCollectionManager: Rebuilt the object cache for 0 collections in 0.000000 seconds (found 0 objects)
[2019.06.05-01.06.57:230][  1]LogCollectionManager: Fixed up redirectors for 0 collections in 0.000146 seconds (updated 0 objects)
[2019.06.05-01.06.58:052][ 71]LogSlate: Took 0.000191 seconds to synchronously load lazily loaded font '../../../Engine/Content/Slate/Fonts/Roboto-Light.ttf' (167K)
[2019.06.05-01.09.43:208][867]LogSlate: FSceneViewport::OnFocusLost() reason 0
[2019.06.05-01.09.44:305][990]LogAssetEditorManager: Opening Asset editor for Blueprint /Game/Blueprints/CharacterBP/bp_baseCharacter.bp_baseCharacter
[2019.06.05-01.09.45:137][990]LogContentBrowser: Native class hierarchy updated for 'BlueprintGraph' in 0.0005 seconds. Added 116 classes and 0 folders.
[2019.06.05-01.09.47:080][990]LogSlate: Took 0.012967 seconds to synchronously load lazily loaded font '../../../Engine/Content/Slate/Fonts/Roboto-BoldCondensed.ttf' (158K)
[2019.06.05-01.09.47:710][991]LogSlate: Took 0.003922 seconds to synchronously load lazily loaded font '../../../Engine/Content/Slate/Fonts/Roboto-Italic.ttf' (157K)
[2019.06.05-01.16.57:079][130]LogFileHelpers: Editor autosave (incl. sublevels) for '/Game/Maps/TempleBlockOut' took 0.030
[2019.06.05-01.16.57:082][130]OBJ SavePackage: Generating thumbnails for [1] asset(s) in package [/Game/Blueprints/CharacterBP/bp_baseCharacter] ([1] browsable assets)...
[2019.06.05-01.16.57:091][130]OBJ SavePackage:     Rendered thumbnail for [Blueprint /Game/Blueprints/CharacterBP/bp_baseCharacter.bp_baseCharacter]
[2019.06.05-01.16.57:091][130]OBJ SavePackage: Finished generating thumbnails for package [/Game/Blueprints/CharacterBP/bp_baseCharacter]
[2019.06.05-01.16.58:526][130]LogSavePackage: Moving '../../../../../../Users/Chris Justo/Documents/Unreal Projects/LightBringerAlpha/Saved/bp_baseCharacter_Auto18C129C0A4A604B1F3A73919649F84C2B.tmp' to '../../../../../../Users/Chris Justo/Documents/Unreal Projects/LightBringerAlpha/Saved/Autosaves/Game/Blueprints/CharacterBP/bp_baseCharacter_Auto1.uasset'
[2019.06.05-01.16.58:529][130]LogFileHelpers: Auto-saving content packages took 1.450
[2019.06.05-01.27.28:639][984]LogFileHelpers: Editor autosave (incl. sublevels) for '/Game/Maps/TempleBlockOut' took 0.028
[2019.06.05-01.27.28:642][984]OBJ SavePackage: Generating thumbnails for [1] asset(s) in package [/Game/Blueprints/CharacterBP/bp_baseCharacter] ([1] browsable assets)...
[2019.06.05-01.27.28:652][984]OBJ SavePackage:     Rendered thumbnail for [Blueprint /Game/Blueprints/CharacterBP/bp_baseCharacter.bp_baseCharacter]
[2019.06.05-01.27.28:652][984]OBJ SavePackage: Finished generating thumbnails for package [/Game/Blueprints/CharacterBP/bp_baseCharacter]
[2019.06.05-01.27.29:669][984]LogSavePackage: Moving '../../../../../../Users/Chris Justo/Documents/Unreal Projects/LightBringerAlpha/Saved/bp_baseCharacter_Auto26DE46D6D4958D88B40C59D9E94528729.tmp' to '../../../../../../Users/Chris Justo/Documents/Unreal Projects/LightBringerAlpha/Saved/Autosaves/Game/Blueprints/CharacterBP/bp_baseCharacter_Auto2.uasset'
[2019.06.05-01.27.29:720][984]LogFileHelpers: Auto-saving content packages took 1.080
[2019.06.05-01.32.42:603][820]BlueprintLog: New page: Compile bp_baseCharacter
[2019.06.05-01.37.30:177][471]LogSavePackage: Moving '../../../../../../Users/Chris Justo/Documents/Unreal Projects/LightBringerAlpha/Saved/TempleBlockOut_Auto37A93A4134C028047E36CE188A1F700AB.tmp' to '../../../../../../Users/Chris Justo/Documents/Unreal Projects/LightBringerAlpha/Saved/Autosaves/Game/Maps/TempleBlockOut_Auto3.umap'
[2019.06.05-01.37.30:181][471]LogFileHelpers: Editor autosave (incl. sublevels) for '/Game/Maps/TempleBlockOut' took 0.267
[2019.06.05-01.37.30:181][471]LogFileHelpers: Editor autosave (incl. sublevels) for all levels took 0.267
[2019.06.05-01.37.30:183][471]OBJ SavePackage: Generating thumbnails for [1] asset(s) in package [/Game/Blueprints/CharacterBP/bp_fistCharacter] ([1] browsable assets)...
[2019.06.05-01.37.30:200][471]OBJ SavePackage:     Rendered thumbnail for [Blueprint /Game/Blueprints/CharacterBP/bp_fistCharacter.bp_fistCharacter]
[2019.06.05-01.37.30:200][471]OBJ SavePackage: Finished generating thumbnails for package [/Game/Blueprints/CharacterBP/bp_fistCharacter]
[2019.06.05-01.37.30:241][471]LogSavePackage: Moving '../../../../../../Users/Chris Justo/Documents/Unreal Projects/LightBringerAlpha/Saved/bp_fistCharacter_Auto3812AA05D4DB26465A11AC98AD47BB6EC.tmp' to '../../../../../../Users/Chris Justo/Documents/Unreal Projects/LightBringerAlpha/Saved/Autosaves/Game/Blueprints/CharacterBP/bp_fistCharacter_Auto3.uasset'
[2019.06.05-01.37.30:245][471]OBJ SavePackage: Generating thumbnails for [1] asset(s) in package [/Game/Blueprints/CharacterBP/bp_baseCharacter] ([1] browsable assets)...
[2019.06.05-01.37.30:259][471]OBJ SavePackage:     Rendered thumbnail for [Blueprint /Game/Blueprints/CharacterBP/bp_baseCharacter.bp_baseCharacter]
[2019.06.05-01.37.30:259][471]OBJ SavePackage: Finished generating thumbnails for package [/Game/Blueprints/CharacterBP/bp_baseCharacter]
[2019.06.05-01.37.31:280][471]LogSavePackage: Moving '../../../../../../Users/Chris Justo/Documents/Unreal Projects/LightBringerAlpha/Saved/bp_baseCharacter_Auto3E7D2CF924B9389DA5D850E95866E88AB.tmp' to '../../../../../../Users/Chris Justo/Documents/Unreal Projects/LightBringerAlpha/Saved/Autosaves/Game/Blueprints/CharacterBP/bp_baseCharacter_Auto3.uasset'
[2019.06.05-01.37.31:324][471]LogFileHelpers: Auto-saving content packages took 1.142
[2019.06.05-01.55.09:064][797]LogSlate: Window 'Save Content' being destroyed
[2019.06.05-01.55.10:073][797]LogSavePackage: Moving '../../../../../../Users/Chris Justo/Documents/Unreal Projects/LightBringerAlpha/Saved/bp_baseCharacterF04CA8584C0A5886E40336BBCFAC0EDE.tmp' to '../../../../../../Users/Chris Justo/Documents/Unreal Projects/LightBringerAlpha/Content/Blueprints/CharacterBP/bp_baseCharacter.uasset'
[2019.06.05-01.55.10:123][797]LogSavePackage: Moving '../../../../../../Users/Chris Justo/Documents/Unreal Projects/LightBringerAlpha/Saved/bp_fistCharacterC3304E044A73B4EA11B873987E10A39C.tmp' to '../../../../../../Users/Chris Justo/Documents/Unreal Projects/LightBringerAlpha/Content/Blueprints/CharacterBP/bp_fistCharacter.uasset'
[2019.06.05-01.55.10:491][797]LogSavePackage: Moving '../../../../../../Users/Chris Justo/Documents/Unreal Projects/LightBringerAlpha/Saved/TempleBlockOut7A4916914AD77FB2AC4534A8BE7A88BB.tmp' to '../../../../../../Users/Chris Justo/Documents/Unreal Projects/LightBringerAlpha/Content/Maps/TempleBlockOut.umap'
[2019.06.05-01.55.10:528][797]LogFileHelpers: Saving map 'TempleBlockOut' took 0.395
[2019.06.05-01.55.10:624][797]LogSlate: Window 'bp_baseCharacter' being destroyed
[2019.06.05-01.55.10:730][797]LogSlate: Window 'LightBringer_Alpha - Unreal Editor' being destroyed
[2019.06.05-01.55.10:731][797]LogWindowsTextInputMethodSystem: Display: IME system now deactivated.
[2019.06.05-01.55.10:940][798]Cmd: QUIT_EDITOR
[2019.06.05-01.55.10:973][798]LogExit: Preparing to exit.
[2019.06.05-01.55.11:599][798]LogExit: Editor shut down
[2019.06.05-01.55.11:600][798]LogExit: Transaction tracking system shut down
[2019.06.05-01.55.12:144][798]LogExit: Object subsystem successfully closed.
[2019.06.05-01.55.12:167][798]LogShaderCompilers: Display: Shaders left to compile 0
[2019.06.05-01.55.12:172][798]LogD3D11RHI: Shutdown
[2019.06.05-01.55.12:172][798]LogD3D11RHI: CleanupD3DDevice
[2019.06.05-01.55.12:176][798]LogD3D11RHI: ~FD3D11DynamicRHI
[2019.06.05-01.55.12:195][798]LogModuleManager: Shutting down and abandoning module BlueprintGraph (616)
[2019.06.05-01.55.12:195][798]LogModuleManager: Shutting down and abandoning module HierarchicalLODOutliner (614)
[2019.06.05-01.55.12:195][798]LogModuleManager: Shutting down and abandoning module SceneOutliner (612)
[2019.06.05-01.55.12:195][798]LogModuleManager: Shutting down and abandoning module AddContentDialog (610)
[2019.06.05-01.55.12:196][798]LogModuleManager: Shutting down and abandoning module WidgetCarousel (609)
[2019.06.05-01.55.12:196][798]LogModuleManager: Shutting down and abandoning module EditorWidgets (606)
[2019.06.05-01.55.12:196][798]LogModuleManager: Shutting down and abandoning module CollectionManager (604)
[2019.06.05-01.55.12:197][798]LogModuleManager: Shutting down and abandoning module StatsViewer (602)
[2019.06.05-01.55.12:197][798]LogModuleManager: Shutting down and abandoning module FoliageEdit (600)
[2019.06.05-01.55.12:197][798]LogModuleManager: Shutting down and abandoning module LandscapeEditor (598)
[2019.06.05-01.55.12:197][798]LogModuleManager: Shutting down and abandoning module MeshPaintMode (596)
[2019.06.05-01.55.12:197][798]LogModuleManager: Shutting down and abandoning module SceneDepthPickerMode (594)
[2019.06.05-01.55.12:197][798]LogModuleManager: Shutting down and abandoning module ActorPickerMode (592)
[2019.06.05-01.55.12:197][798]LogModuleManager: Shutting down and abandoning module GeometryMode (590)
[2019.06.05-01.55.12:197][798]LogModuleManager: Shutting down and abandoning module TextureAlignMode (588)
[2019.06.05-01.55.12:197][798]LogModuleManager: Shutting down and abandoning module BspMode (586)
[2019.06.05-01.55.12:197][798]LogModuleManager: Shutting down and abandoning module PIEPreviewDeviceProfileSelector (584)
[2019.06.05-01.55.12:197][798]LogModuleManager: Shutting down and abandoning module SequenceRecorderSections (582)
[2019.06.05-01.55.12:197][798]LogModuleManager: Shutting down and abandoning module AutomationWorker (580)
[2019.06.05-01.55.12:197][798]LogModuleManager: Shutting down and abandoning module AudioCaptureEditor (578)
[2019.06.05-01.55.12:197][798]LogModuleManager: Shutting down and abandoning module SequenceRecorder (577)
[2019.06.05-01.55.12:197][798]LogModuleManager: Shutting down and abandoning module MatineeToLevelSequence (574)
[2019.06.05-01.55.12:197][798]LogModuleManager: Shutting down and abandoning module LevelSequenceEditor (572)
[2019.06.05-01.55.12:197][798]LogModuleManager: Shutting down and abandoning module PlacementMode (571)
[2019.06.05-01.55.12:197][798]LogModuleManager: Shutting down and abandoning module MaterialEditor (570)
[2019.06.05-01.55.12:197][798]LogModuleManager: Shutting down and abandoning module WmfMediaFactory (566)
[2019.06.05-01.55.12:197][798]LogModuleManager: Shutting down and abandoning module WmfMediaEditor (564)
[2019.06.05-01.55.12:197][798]LogModuleManager: Shutting down and abandoning module MediaPlayerEditor (562)
[2019.06.05-01.55.12:197][798]LogModuleManager: Shutting down and abandoning module OpenExrWrapper (560)
[2019.06.05-01.55.12:197][798]LogModuleManager: Shutting down and abandoning module ImgMediaFactory (558)
[2019.06.05-01.55.12:197][798]LogModuleManager: Shutting down and abandoning module ImgMediaEditor (556)
[2019.06.05-01.55.12:197][798]LogModuleManager: Shutting down and abandoning module AvfMediaFactory (554)
[2019.06.05-01.55.12:197][798]LogModuleManager: Shutting down and abandoning module AvfMediaEditor (552)
[2019.06.05-01.55.12:197][798]LogModuleManager: Shutting down and abandoning module AndroidMediaFactory (550)
[2019.06.05-01.55.12:197][798]LogModuleManager: Shutting down and abandoning module AndroidMediaEditor (548)
[2019.06.05-01.55.12:197][798]LogModuleManager: Shutting down and abandoning module MagicLeapCameraPreviewFactory (546)
[2019.06.05-01.55.12:197][798]LogModuleManager: Shutting down and abandoning module MagicLeapMediaFactory (544)
[2019.06.05-01.55.12:197][798]LogModuleManager: Shutting down and abandoning module MagicLeapMediaEditor (542)
[2019.06.05-01.55.12:197][798]LogModuleManager: Shutting down and abandoning module CharacterAI (540)
[2019.06.05-01.55.12:198][798]LogModuleManager: Shutting down and abandoning module SmartSnapping (538)
[2019.06.05-01.55.12:198][798]LogModuleManager: Shutting down and abandoning module SessionServices (536)
[2019.06.05-01.55.12:198][798]LogModuleManager: Shutting down and abandoning module ViewportSnapping (534)
[2019.06.05-01.55.12:198][798]LogModuleManager: Shutting down and abandoning module ViewportInteraction (532)
[2019.06.05-01.55.12:198][798]LogModuleManager: Shutting down and abandoning module ClothPainter (530)
[2019.06.05-01.55.12:198][798]LogModuleManager: Shutting down and abandoning module SkeletalMeshEditor (529)
[2019.06.05-01.55.12:198][798]LogModuleManager: Shutting down and abandoning module LogVisualizer (526)
[2019.06.05-01.55.12:198][798]LogModuleManager: Shutting down and abandoning module IntroTutorials (524)
[2019.06.05-01.55.12:198][798]LogModuleManager: Shutting down and abandoning module GameProjectGeneration (523)
[2019.06.05-01.55.12:198][798]LogModuleManager: Shutting down and abandoning module LuminPlatformEditor (520)
[2019.06.05-01.55.12:198][798]LogModuleManager: Shutting down and abandoning module IOSPlatformEditor (518)
[2019.06.05-01.55.12:198][798]LogModuleManager: Shutting down and abandoning module HTML5PlatformEditor (516)
[2019.06.05-01.55.12:198][798]LogModuleManager: Shutting down and abandoning module AndroidPlatformEditor (514)
[2019.06.05-01.55.12:198][798]LogModuleManager: Shutting down and abandoning module AndroidDeviceDetection (513)
[2019.06.05-01.55.12:839][798]LogModuleManager: Shutting down and abandoning module WindowsPlatformEditor (510)
[2019.06.05-01.55.12:839][798]LogModuleManager: Shutting down and abandoning module LuminRuntimeSettings (508)
[2019.06.05-01.55.12:839][798]LogModuleManager: Shutting down and abandoning module IOSRuntimeSettings (506)
[2019.06.05-01.55.12:839][798]LogModuleManager: Shutting down and abandoning module AndroidRuntimeSettings (504)
[2019.06.05-01.55.12:839][798]LogModuleManager: Shutting down and abandoning module InputBindingEditor (502)
[2019.06.05-01.55.12:839][798]LogModuleManager: Shutting down and abandoning module MergeActors (500)
[2019.06.05-01.55.12:839][798]LogModuleManager: Shutting down and abandoning module LocalizationDashboard (498)
[2019.06.05-01.55.12:839][798]LogModuleManager: Shutting down and abandoning module LocalizationService (497)
[2019.06.05-01.55.12:839][798]LogModuleManager: Shutting down and abandoning module HardwareTargeting (494)
[2019.06.05-01.55.12:839][798]LogModuleManager: Shutting down and abandoning module DeviceProfileEditor (492)
[2019.06.05-01.55.12:839][798]LogModuleManager: Shutting down and abandoning module UndoHistory (490)
[2019.06.05-01.55.12:840][798]LogModuleManager: Shutting down and abandoning module XmlParser (488)
[2019.06.05-01.55.12:840][798]LogModuleManager: Shutting down and abandoning module Blutility (486)
[2019.06.05-01.55.12:840][798]LogModuleManager: Shutting down and abandoning module ProjectSettingsViewer (484)
[2019.06.05-01.55.12:840][798]LogModuleManager: Shutting down and abandoning module ProjectTargetPlatformEditor (483)
[2019.06.05-01.55.12:840][798]LogModuleManager: Shutting down and abandoning module EditorSettingsViewer (480)
[2019.06.05-01.55.12:840][798]LogModuleManager: Shutting down and abandoning module SettingsEditor (478)
[2019.06.05-01.55.12:840][798]LogModuleManager: Shutting down and abandoning module ProjectLauncher (476)
[2019.06.05-01.55.12:840][798]LogModuleManager: Shutting down and abandoning module SessionFrontend (474)
[2019.06.05-01.55.12:840][798]LogModuleManager: Shutting down and abandoning module ProfilerClient (472)
[2019.06.05-01.55.12:840][798]LogModuleManager: Shutting down and abandoning module DeviceManager (470)
[2019.06.05-01.55.12:840][798]LogModuleManager: Shutting down and abandoning module TargetDeviceServices (469)
[2019.06.05-01.55.12:893][798]LogModuleManager: Shutting down and abandoning module AutomationController (466)
[2019.06.05-01.55.12:893][798]LogModuleManager: Shutting down and abandoning module AutomationWindow (464)
[2019.06.05-01.55.12:893][798]LogModuleManager: Shutting down and abandoning module Layers (462)
[2019.06.05-01.55.12:893][798]LogModuleManager: Shutting down and abandoning module ComponentVisualizers (460)
[2019.06.05-01.55.12:893][798]LogModuleManager: Shutting down and abandoning module DetailCustomizations (458)
[2019.06.05-01.55.12:893][798]LogModuleManager: Shutting down and abandoning module PackagesDialog (456)
[2019.06.05-01.55.12:893][798]LogModuleManager: Shutting down and abandoning module Persona (454)
[2019.06.05-01.55.12:893][798]LogModuleManager: Shutting down and abandoning module AdvancedPreviewScene (453)
[2019.06.05-01.55.12:893][798]LogModuleManager: Shutting down and abandoning module AnimGraph (451)
[2019.06.05-01.55.12:893][798]LogModuleManager: Shutting down and abandoning module Kismet (448)
[2019.06.05-01.55.12:901][798]LogModuleManager: Shutting down and abandoning module GraphEditor (446)
[2019.06.05-01.55.12:901][798]LogModuleManager: Shutting down and abandoning module ClassViewer (444)
[2019.06.05-01.55.12:901][798]LogModuleManager: Shutting down and abandoning module Toolbox (442)
[2019.06.05-01.55.12:901][798]LogModuleManager: Shutting down and abandoning module ModuleUI (440)
[2019.06.05-01.55.12:901][798]LogModuleManager: Shutting down and abandoning module MovieSceneTools (438)
[2019.06.05-01.55.12:901][798]LogModuleManager: Shutting down and abandoning module OutputLog (436)
[2019.06.05-01.55.12:901][798]LogModuleManager: Shutting down and abandoning module GammaUI (434)
[2019.06.05-01.55.12:901][798]LogModuleManager: Shutting down and abandoning module Documentation (432)
[2019.06.05-01.55.12:901][798]LogModuleManager: Shutting down and abandoning module MovieSceneTracks (430)
[2019.06.05-01.55.12:901][798]LogModuleManager: Shutting down and abandoning module MovieScene (428)
[2019.06.05-01.55.12:902][798]LogModuleManager: Shutting down and abandoning module StreamingPauseRendering (426)
[2019.06.05-01.55.12:902][798]LogModuleManager: Shutting down and abandoning module LauncherPlatform (424)
[2019.06.05-01.55.12:902][798]LogModuleManager: Shutting down and abandoning module AnalyticsET (422)
[2019.06.05-01.55.12:902][798]LogModuleManager: Shutting down and abandoning module PortalServices (420)
[2019.06.05-01.55.12:902][798]LogModuleManager: Shutting down and abandoning module PortalRpc (418)
[2019.06.05-01.55.12:902][798]LogModuleManager: Shutting down and abandoning module MessagingRpc (416)
[2019.06.05-01.55.12:902][798]LogModuleManager: Shutting down and abandoning module AIModule (414)
[2019.06.05-01.55.12:902][798]LogModuleManager: Shutting down and abandoning module GameplayDebugger (413)
[2019.06.05-01.55.12:902][798]LogModuleManager: Shutting down and abandoning module AITestSuite (411)
[2019.06.05-01.55.12:902][798]LogModuleManager: Shutting down and abandoning module NavigationSystem (409)
[2019.06.05-01.55.12:902][798]LogModuleManager: Shutting down and abandoning module DesktopPlatform (406)
[2019.06.05-01.55.12:902][798]LogModuleManager: Shutting down and abandoning module ProfilerService (404)
[2019.06.05-01.55.12:914][798]LogModuleManager: Shutting down and abandoning module TaskGraph (402)
[2019.06.05-01.55.12:914][798]LogModuleManager: Shutting down and abandoning module SteamVRController (400)
[2019.06.05-01.55.12:914][798]LogModuleManager: Shutting down and abandoning module ProceduralMeshComponentEditor (398)
[2019.06.05-01.55.12:914][798]LogModuleManager: Shutting down and abandoning module ProceduralMeshComponent (396)
[2019.06.05-01.55.12:914][798]LogModuleManager: Shutting down and abandoning module OculusInput (394)
[2019.06.05-01.55.12:914][798]LogModuleManager: Shutting down and abandoning module MobilePatchingUtils (392)
[2019.06.05-01.55.12:914][798]LogModuleManager: Shutting down and abandoning module EditableMesh (390)
[2019.06.05-01.55.12:914][798]LogModuleManager: Shutting down and abandoning module CustomMeshComponent (388)
[2019.06.05-01.55.12:914][798]LogModuleManager: Shutting down and abandoning module CableComponent (386)
[2019.06.05-01.55.12:914][798]LogModuleManager: Shutting down and abandoning module AudioCapture (384)
[2019.06.05-01.55.12:914][798]LogModuleManager: Shutting down and abandoning module ArchVisCharacter (382)
[2019.06.05-01.55.12:914][798]LogModuleManager: Shutting down and abandoning module AndroidPermission (380)
[2019.06.05-01.55.12:914][798]LogModuleManager: Shutting down and abandoning module NUTUnrealEngine4 (378)
[2019.06.05-01.55.12:914][798]LogModuleManager: Shutting down and abandoning module NetcodeUnitTest (376)
[2019.06.05-01.55.12:915][798]LogModuleManager: Shutting down and abandoning module MediaCompositingEditor (374)
[2019.06.05-01.55.12:915][798]LogModuleManager: Shutting down and abandoning module MediaCompositing (372)
[2019.06.05-01.55.12:915][798]LogModuleManager: Shutting down and abandoning module LinearTimecode (370)
[2019.06.05-01.55.12:915][798]LogModuleManager: Shutting down and abandoning module ImgMedia (368)
[2019.06.05-01.55.12:917][798]LogModuleManager: Shutting down and abandoning module HTML5Networking (366)
[2019.06.05-01.55.12:917][798]LogModuleManager: Shutting down and abandoning module GeometryCacheTracks (364)
[2019.06.05-01.55.12:917][798]LogModuleManager: Shutting down and abandoning module GeometryCacheSequencer (362)
[2019.06.05-01.55.12:917][798]LogModuleManager: Shutting down and abandoning module BackChannel (360)
[2019.06.05-01.55.12:917][798]LogModuleManager: Shutting down and abandoning module AppleVision (358)
[2019.06.05-01.55.12:917][798]LogModuleManager: Shutting down and abandoning module AppleImageUtils (356)
[2019.06.05-01.55.12:917][798]LogModuleManager: Shutting down and abandoning module AlembicImporter (354)
[2019.06.05-01.55.12:917][798]LogModuleManager: Shutting down and abandoning module AlembicLibrary (353)
[2019.06.05-01.55.12:917][798]LogModuleManager: Shutting down and abandoning module GeometryCache (352)
[2019.06.05-01.55.12:918][798]LogModuleManager: Shutting down and abandoning module GeometryCacheEd (351)
[2019.06.05-01.55.12:918][798]LogModuleManager: Shutting down and abandoning module DatasmithContentEditor (346)
[2019.06.05-01.55.12:918][798]LogModuleManager: Shutting down and abandoning module DatasmithContent (344)
[2019.06.05-01.55.12:918][798]LogModuleManager: Shutting down and abandoning module SpeedTreeImporter (342)
[2019.06.05-01.55.12:918][798]LogModuleManager: Shutting down and abandoning module PluginBrowser (340)
[2019.06.05-01.55.12:918][798]LogModuleManager: Shutting down and abandoning module MobileLauncherProfileWizard (338)
[2019.06.05-01.55.12:918][798]LogModuleManager: Shutting down and abandoning module PolygonModeling (336)
[2019.06.05-01.55.12:918][798]LogModuleManager: Shutting down and abandoning module MeshEditor (334)
[2019.06.05-01.55.12:918][798]LogModuleManager: Shutting down and abandoning module CryptoKeysOpenSSL (332)
[2019.06.05-01.55.12:918][798]LogModuleManager: Shutting down and abandoning module CryptoKeys (330)
[2019.06.05-01.55.12:918][798]LogModuleManager: Shutting down and abandoning module VisualStudioSourceCodeAccess (328)
[2019.06.05-01.55.12:918][798]LogModuleManager: Shutting down and abandoning module VisualStudioCodeSourceCodeAccess (326)
[2019.06.05-01.55.12:918][798]LogModuleManager: Shutting down and abandoning module UObjectPlugin (324)
[2019.06.05-01.55.12:918][798]LogModuleManager: Shutting down and abandoning module SubversionSourceControl (322)
[2019.06.05-01.55.12:918][798]LogModuleManager: Shutting down and abandoning module PerforceSourceControl (320)
[2019.06.05-01.55.12:918][798]LogModuleManager: Shutting down and abandoning module GitSourceControl (318)
[2019.06.05-01.55.12:918][798]LogModuleManager: Shutting down and abandoning module SourceControl (317)
[2019.06.05-01.55.12:918][798]LogModuleManager: Shutting down and abandoning module CLionSourceCodeAccess (314)
[2019.06.05-01.55.12:918][798]LogModuleManager: Shutting down and abandoning module LightPropagationVolumeEditor (312)
[2019.06.05-01.55.12:918][798]LogModuleManager: Shutting down and abandoning module PaperTiledImporter (310)
[2019.06.05-01.55.12:918][798]LogModuleManager: Shutting down and abandoning module PaperSpriteSheetImporter (308)
[2019.06.05-01.55.12:918][798]LogModuleManager: Shutting down and abandoning module Paper2DEditor (306)
[2019.06.05-01.55.12:918][798]LogModuleManager: Shutting down and abandoning module MeshPaint (305)
[2019.06.05-01.55.12:919][798]LogModuleManager: Shutting down and abandoning module RuntimePhysXCooking (302)
[2019.06.05-01.55.12:919][798]LogModuleManager: Shutting down and abandoning module PhysXVehiclesEditor (300)
[2019.06.05-01.55.12:919][798]LogModuleManager: Shutting down and abandoning module PhysXVehicles (298)
[2019.06.05-01.55.12:919][798]LogModuleManager: Shutting down and abandoning module OculusEditor (296)
[2019.06.05-01.55.12:919][798]LogModuleManager: Shutting down and abandoning module LocationServicesBPLibrary (294)
[2019.06.05-01.55.12:919][798]LogModuleManager: Shutting down and abandoning module ImmediatePhysicsEditor (292)
[2019.06.05-01.55.12:919][798]LogModuleManager: Shutting down and abandoning module ImmediatePhysics (290)
[2019.06.05-01.55.12:919][798]LogModuleManager: Shutting down and abandoning module FileLogging (288)
[2019.06.05-01.55.12:919][798]LogModuleManager: Shutting down and abandoning module AnalyticsBlueprintLibrary (286)
[2019.06.05-01.55.12:919][798]LogModuleManager: Shutting down and abandoning module ActorSequence (284)
[2019.06.05-01.55.12:919][798]LogModuleManager: Shutting down and abandoning module UdpMessaging (282)
[2019.06.05-01.55.13:020][798]LogModuleManager: Shutting down and abandoning module TcpMessaging (280)
[2019.06.05-01.55.13:121][798]LogModuleManager: Shutting down and abandoning module MagicLeapAudio (278)
[2019.06.05-01.55.13:121][798]LogModuleManager: Shutting down and abandoning module GameplayTagsEditor (276)
[2019.06.05-01.55.13:121][798]LogModuleManager: Shutting down and abandoning module FacialAnimationEditor (274)
[2019.06.05-01.55.13:121][798]LogModuleManager: Shutting down and abandoning module FacialAnimation (272)
[2019.06.05-01.55.13:121][798]LogModuleManager: Shutting down and abandoning module DataValidation (270)
[2019.06.05-01.55.13:121][798]LogModuleManager: Shutting down and abandoning module AssetManagerEditor (268)
[2019.06.05-01.55.13:122][798]LogModuleManager: Shutting down and abandoning module LevelEditor (267)
[2019.06.05-01.55.13:126][798]LogModuleManager: Shutting down and abandoning module PixelInspectorModule (266)
[2019.06.05-01.55.13:127][798]LogModuleManager: Shutting down and abandoning module CommonMenuExtensions (264)
[2019.06.05-01.55.13:128][798]LogModuleManager: Shutting down and abandoning module MainFrame (262)
[2019.06.05-01.55.13:128][798]LogModuleManager: Shutting down and abandoning module HotReload (261)
[2019.06.05-01.55.13:129][798]LogModuleManager: Shutting down and abandoning module ContentBrowser (257)
[2019.06.05-01.55.13:134][798]LogModuleManager: Shutting down and abandoning module TreeMap (255)
[2019.06.05-01.55.13:134][798]LogModuleManager: Shutting down and abandoning module LightPropagationVolumeRuntime (252)
[2019.06.05-01.55.13:135][798]LogModuleManager: Shutting down and abandoning module AISupportModule (250)
[2019.06.05-01.55.13:135][798]LogModuleManager: Shutting down and abandoning module Paper2D (248)
[2019.06.05-01.55.13:135][798]LogModuleManager: Shutting down and abandoning module WindowsMoviePlayer (246)
[2019.06.05-01.55.13:135][798]LogModuleManager: Shutting down and abandoning module WmfMedia (244)
[2019.06.05-01.55.13:139][798]LogModuleManager: Shutting down and abandoning module Media (243)
[2019.06.05-01.55.13:147][798]LogModuleManager: Shutting down and abandoning module PacketHandler (240)
[2019.06.05-01.55.13:147][798]LogModuleManager: Shutting down and abandoning module ClothingSystemEditor (238)
[2019.06.05-01.55.13:147][798]LogModuleManager: Shutting down and abandoning module ClothingSystemRuntime (236)
[2019.06.05-01.55.13:147][798]LogModuleManager: Shutting down and abandoning module MediaAssets (234)
[2019.06.05-01.55.13:147][798]LogModuleManager: Shutting down and abandoning module Overlay (232)
[2019.06.05-01.55.13:148][798]LogModuleManager: Shutting down and abandoning module OverlayEditor (231)
[2019.06.05-01.55.13:148][798]LogModuleManager: Shutting down and abandoning module VREditor (228)
[2019.06.05-01.55.13:148][798]LogModuleManager: Shutting down and abandoning module StringTableEditor (226)
[2019.06.05-01.55.13:148][798]LogModuleManager: Shutting down and abandoning module GameplayTasksEditor (224)
[2019.06.05-01.55.13:148][798]LogModuleManager: Shutting down and abandoning module BehaviorTreeEditor (222)
[2019.06.05-01.55.13:148][798]LogModuleManager: Shutting down and abandoning module FunctionalTesting (220)
[2019.06.05-01.55.13:148][798]LogModuleManager: Shutting down and abandoning module CollisionAnalyzer (218)
[2019.06.05-01.55.13:148][798]LogModuleManager: Shutting down and abandoning module WorkspaceMenuStructure (217)
[2019.06.05-01.55.13:148][798]LogModuleManager: Shutting down and abandoning module UMG (214)
[2019.06.05-01.55.13:149][798]LogModuleManager: Shutting down and abandoning module UMGEditor (213)
[2019.06.05-01.55.13:149][798]LogModuleManager: Shutting down and abandoning module Sequencer (212)
[2019.06.05-01.55.13:149][798]LogModuleManager: Shutting down and abandoning module MessageLog (209)
[2019.06.05-01.55.13:149][798]LogModuleManager: Shutting down and abandoning module SlateReflector (204)
[2019.06.05-01.55.13:150][798]LogModuleManager: Shutting down and abandoning module Slate (202)
[2019.06.05-01.55.13:150][798]LogModuleManager: Shutting down and abandoning module EditorStyle (200)
[2019.06.05-01.55.13:159][798]LogModuleManager: Shutting down and abandoning module MRMesh (198)
[2019.06.05-01.55.13:159][798]LogModuleManager: Shutting down and abandoning module SourceCodeAccess (196)
[2019.06.05-01.55.13:159][798]LogModuleManager: Shutting down and abandoning module HeadMountedDisplay (194)
[2019.06.05-01.55.13:159][798]LogModuleManager: Shutting down and abandoning module XAudio2 (192)
[2019.06.05-01.55.13:159][798]LogModuleManager: Shutting down and abandoning module Networking (190)
[2019.06.05-01.55.13:159][798]LogModuleManager: Shutting down and abandoning module Core (188)
[2019.06.05-01.55.13:159][798]LogModuleManager: Shutting down and abandoning module LevelSequence (186)
[2019.06.05-01.55.13:159][798]LogModuleManager: Shutting down and abandoning module KismetCompiler (184)
[2019.06.05-01.55.13:159][798]LogModuleManager: Shutting down and abandoning module MeshUtilities (182)
[2019.06.05-01.55.13:159][798]LogModuleManager: Shutting down and abandoning module MeshMergeUtilities (181)
[2019.06.05-01.55.13:159][798]LogModuleManager: Shutting down and abandoning module MeshReductionInterface (180)
[2019.06.05-01.55.13:160][798]LogModuleManager: Shutting down and abandoning module SimplygonSwarm (179)
[2019.06.05-01.55.13:160][798]LogModuleManager: Shutting down and abandoning module ProxyLODMeshReduction (177)
[2019.06.05-01.55.13:160][798]LogModuleManager: Shutting down and abandoning module SimplygonMeshReduction (175)
[2019.06.05-01.55.13:160][798]LogModuleManager: Shutting down and abandoning module QuadricMeshReduction (173)
[2019.06.05-01.55.13:160][798]LogModuleManager: Shutting down and abandoning module MaterialBaking (169)
[2019.06.05-01.55.13:160][798]LogModuleManager: Shutting down and abandoning module DirectoryWatcher (165)
[2019.06.05-01.55.13:161][798]LogModuleManager: Shutting down and abandoning module DerivedDataCache (162)
[2019.06.05-01.55.13:165][798]LogDerivedDataCache: Shutdown
[2019.06.05-01.55.13:165][798]LogModuleManager: Shutting down and abandoning module XGEController (160)
[2019.06.05-01.55.13:165][798]LogXGEController: Cleaning working directory: C:/Users/Chris Justo/AppData/Local/Temp/UnrealXGEWorkingDir/
[2019.06.05-01.55.13:165][798]LogModuleManager: Shutting down and abandoning module TargetPlatform (158)
[2019.06.05-01.55.13:166][798]LogModuleManager: Shutting down and abandoning module VulkanShaderFormat (157)
[2019.06.05-01.55.13:166][798]LogModuleManager: Shutting down and abandoning module ShaderFormatVectorVM (155)
[2019.06.05-01.55.13:166][798]LogModuleManager: Shutting down and abandoning module ShaderFormatOpenGL (153)
[2019.06.05-01.55.13:166][798]LogModuleManager: Shutting down and abandoning module ShaderFormatD3D (151)
[2019.06.05-01.55.13:166][798]LogModuleManager: Shutting down and abandoning module MetalShaderFormat (149)
[2019.06.05-01.55.13:166][798]LogModuleManager: Shutting down and abandoning module TextureFormatUncompressed (147)
[2019.06.05-01.55.13:166][798]LogModuleManager: Shutting down and abandoning module TextureFormatPVR (145)
[2019.06.05-01.55.13:166][798]LogModuleManager: Shutting down and abandoning module TextureFormatDXT (143)
[2019.06.05-01.55.13:166][798]LogModuleManager: Shutting down and abandoning module TextureFormatIntelISPCTexComp (141)
[2019.06.05-01.55.13:166][798]LogModuleManager: Shutting down and abandoning module TextureFormatASTC (139)
[2019.06.05-01.55.13:166][798]LogModuleManager: Shutting down and abandoning module ImageWrapper (138)
[2019.06.05-01.55.13:166][798]LogModuleManager: Shutting down and abandoning module TextureFormatAndroid (135)
[2019.06.05-01.55.13:166][798]LogModuleManager: Shutting down and abandoning module AudioFormatOpus (133)
[2019.06.05-01.55.13:166][798]LogModuleManager: Shutting down and abandoning module AudioFormatOgg (131)
[2019.06.05-01.55.13:166][798]LogModuleManager: Shutting down and abandoning module AudioFormatADPCM (129)
[2019.06.05-01.55.13:166][798]LogModuleManager: Shutting down and abandoning module LuminTargetPlatform (127)
[2019.06.05-01.55.13:166][798]LogModuleManager: Shutting down and abandoning module LinuxTargetPlatform (125)
[2019.06.05-01.55.13:166][798]LogModuleManager: Shutting down and abandoning module LinuxServerTargetPlatform (123)
[2019.06.05-01.55.13:166][798]LogModuleManager: Shutting down and abandoning module LinuxNoEditorTargetPlatform (121)
[2019.06.05-01.55.13:166][798]LogModuleManager: Shutting down and abandoning module LinuxClientTargetPlatform (119)
[2019.06.05-01.55.13:166][798]LogModuleManager: Shutting down and abandoning module TVOSTargetPlatform (117)
[2019.06.05-01.55.13:172][798]LogModuleManager: Shutting down and abandoning module Messaging (115)
[2019.06.05-01.55.13:172][798]LogModuleManager: Shutting down and abandoning module IOSTargetPlatform (113)
[2019.06.05-01.55.13:176][798]LogModuleManager: Shutting down and abandoning module HTML5TargetPlatform (111)
[2019.06.05-01.55.13:176][798]LogModuleManager: Shutting down and abandoning module AndroidTargetPlatform (109)
[2019.06.05-01.55.13:202][798]LogModuleManager: Shutting down and abandoning module WindowsTargetPlatform (107)
[2019.06.05-01.55.13:202][798]LogModuleManager: Shutting down and abandoning module WindowsServerTargetPlatform (105)
[2019.06.05-01.55.13:202][798]LogModuleManager: Shutting down and abandoning module WindowsNoEditorTargetPlatform (103)
[2019.06.05-01.55.13:202][798]LogModuleManager: Shutting down and abandoning module WindowsClientTargetPlatform (101)
[2019.06.05-01.55.13:202][798]LogModuleManager: Shutting down and abandoning module MacTargetPlatform (99)
[2019.06.05-01.55.13:203][798]LogModuleManager: Shutting down and abandoning module MacServerTargetPlatform (97)
[2019.06.05-01.55.13:203][798]LogModuleManager: Shutting down and abandoning module MacNoEditorTargetPlatform (95)
[2019.06.05-01.55.13:203][798]LogModuleManager: Shutting down and abandoning module MacClientTargetPlatform (93)
[2019.06.05-01.55.13:203][798]LogModuleManager: Shutting down and abandoning module AllDesktopTargetPlatform (91)
[2019.06.05-01.55.13:203][798]LogModuleManager: Shutting down and abandoning module InputCore (88)
[2019.06.05-01.55.13:203][798]LogModuleManager: Shutting down and abandoning module Settings (86)
[2019.06.05-01.55.13:203][798]LogModuleManager: Shutting down and abandoning module PhysXCooking (84)
[2019.06.05-01.55.13:203][798]LogModuleManager: Shutting down and abandoning module SteamVR (82)
[2019.06.05-01.55.13:203][798]LogModuleManager: Shutting down and abandoning module OculusHMD (80)
[2019.06.05-01.55.13:203][798]LogModuleManager: Shutting down and abandoning module ExampleDeviceProfileSelector (78)
[2019.06.05-01.55.13:203][798]LogModuleManager: Shutting down and abandoning module LauncherChunkInstaller (76)
[2019.06.05-01.55.13:203][798]LogModuleManager: Shutting down and abandoning module OnlineBlueprintSupport (74)
[2019.06.05-01.55.13:203][798]LogModuleManager: Shutting down and abandoning module OnlineSubsystem (70)
[2019.06.05-01.55.13:204][798]LogModuleManager: Shutting down and abandoning module XMPP (65)
[2019.06.05-01.55.13:204][798]LogModuleManager: Shutting down and abandoning module WebSockets (64)
[2019.06.05-01.55.13:238][798]LogModuleManager: Shutting down and abandoning module HTTP (61)
[2019.06.05-01.55.13:238][798]LogHttp: Display: Http module shutting down, but needs to wait on 1 outstanding Http requests:
[2019.06.05-01.55.13:238][798]LogHttp: Display: 	verb=[POST] url=[https://datarouter.ol.epicgames.com/datarouter/api/v1/public/data?SessionID=%7BB05194B6-4922-105C-E1B0-469D711A6A7C%7D&AppID=UEEditor.Rocket.Release&AppVersion=4.20.3-4369336%2B%2B%2BUE4%2BRelease-4.20&UserID=90e8b865443d3dc2e649839f2dc12532%7Cfcc57dc97144414997b0e930163fd166%7Cd4f5c2bf-9972-41f1-bb9a-25b01ff79f36&AppEnvironment=datacollector-binary&UploadType=eteventstream] status=Processing
[2019.06.05-01.55.13:264][798]LogModuleManager: Shutting down and abandoning module SSL (60)
[2019.06.05-01.55.13:265][798]LogModuleManager: Shutting down and abandoning module MagicLeapEmulator (56)
[2019.06.05-01.55.13:265][798]LogModuleManager: Shutting down and abandoning module MagicLeapPrivileges (54)
[2019.06.05-01.55.13:265][798]LogModuleManager: Shutting down and abandoning module MagicLeapIdentity (52)
[2019.06.05-01.55.13:265][798]LogModuleManager: Shutting down and abandoning module MagicLeapHelperVulkan (50)
[2019.06.05-01.55.13:265][798]LogModuleManager: Shutting down and abandoning module MagicLeapHelperOpenGL (48)
[2019.06.05-01.55.13:265][798]LogModuleManager: Shutting down and abandoning module MagicLeapSecureStorage (46)
[2019.06.05-01.55.13:265][798]LogModuleManager: Shutting down and abandoning module MagicLeapGestures (44)
[2019.06.05-01.55.13:265][798]LogModuleManager: Shutting down and abandoning module MagicLeapEyeTracker (42)
[2019.06.05-01.55.13:265][798]LogModuleManager: Shutting down and abandoning module MagicLeapController (40)
[2019.06.05-01.55.13:275][798]LogSlate: Slate User Destroyed.  User Index 0, Is Virtual User: 0
[2019.06.05-01.55.13:275][798]LogModuleManager: Shutting down and abandoning module MagicLeap (38)
[2019.06.05-01.55.13:275][798]LogModuleManager: Shutting down and abandoning module AnimationModifiers (36)
[2019.06.05-01.55.13:275][798]LogModuleManager: Shutting down and abandoning module PropertyEditor (35)
[2019.06.05-01.55.13:275][798]LogModuleManager: Shutting down and abandoning module AudioEditor (32)
[2019.06.05-01.55.13:275][798]LogModuleManager: Shutting down and abandoning module TextureCompressor (30)
[2019.06.05-01.55.13:276][798]LogModuleManager: Shutting down and abandoning module ShaderCore (28)
[2019.06.05-01.55.13:276][798]LogModuleManager: Shutting down and abandoning module Landscape (26)
[2019.06.05-01.55.13:276][798]LogModuleManager: Shutting down and abandoning module SlateRHIRenderer (24)
[2019.06.05-01.55.13:277][798]LogModuleManager: Shutting down and abandoning module OpenGLDrv (22)
[2019.06.05-01.55.13:277][798]LogModuleManager: Shutting down and abandoning module D3D11RHI (20)
[2019.06.05-01.55.13:277][798]LogModuleManager: Shutting down and abandoning module AnimGraphRuntime (18)
[2019.06.05-01.55.13:277][798]LogModuleManager: Shutting down and abandoning module Renderer (16)
[2019.06.05-01.55.13:277][798]LogModuleManager: Shutting down and abandoning module Engine (14)
[2019.06.05-01.55.13:277][798]LogModuleManager: Shutting down and abandoning module CoreUObject (12)
[2019.06.05-01.55.13:277][798]LogModuleManager: Shutting down and abandoning module NetworkFile (10)
[2019.06.05-01.55.13:277][798]LogModuleManager: Shutting down and abandoning module CookedIterativeFile (8)
[2019.06.05-01.55.13:277][798]LogModuleManager: Shutting down and abandoning module StreamingFile (6)
[2019.06.05-01.55.13:277][798]LogModuleManager: Shutting down and abandoning module SandboxFile (4)
[2019.06.05-01.55.13:277][798]LogModuleManager: Shutting down and abandoning module PakFile (2)
[2019.06.05-01.55.13:286][798]LogExit: Exiting.
[2019.06.05-01.55.13:297][798]Log file closed, 06/04/19 18:55:13
